This file contains any messages produced by compilers while
running configure, to aid debugging if configure makes a mistake.

It was created by wxparaver configure 4.6.1, which was
generated by GNU Autoconf 2.68.  Invocation command line was

  $ ./configure CPPFLAGS=-I/home/mogeb/git/paraver/paraver-sources-4.6.1/paraver-kernel-1.0/api -I/home/mogeb/git/paraver/paraver-sources-4.6.1/paraver-kernel-1.0 --with-boost-libdir=/usr/lib/x86_64-linux-gnu

## --------- ##
## Platform. ##
## --------- ##

hostname = mogeb4119
uname -m = x86_64
uname -r = 4.5.0-040500-generic
uname -s = Linux
uname -v = #201603140130 SMP Mon Mar 14 05:32:22 UTC 2016

/usr/bin/uname -p = unknown
/bin/uname -X     = unknown

/bin/arch              = unknown
/usr/bin/arch -k       = unknown
/usr/convex/getsysinfo = unknown
/usr/bin/hostinfo      = unknown
/bin/machine           = unknown
/usr/bin/oslevel       = unknown
/bin/universe          = unknown

PATH: /usr/local/heroku/bin
PATH: /home/mogeb/git/linux/tools/perf
PATH: /home/mogeb/bin
PATH: /usr/local/sbin
PATH: /usr/local/bin
PATH: /usr/sbin
PATH: /usr/bin
PATH: /sbin
PATH: /bin
PATH: /usr/games
PATH: /usr/local/games


## ----------- ##
## Core tests. ##
## ----------- ##

configure:2432: checking for g++
configure:2448: found /usr/bin/g++
configure:2459: result: g++
configure:2486: checking for C++ compiler version
configure:2495: g++ --version >&5
g++ (Ubuntu 5.2.1-22ubuntu2) 5.2.1 20151010
Copyright (C) 2015 Free Software Foundation, Inc.
This is free software; see the source for copying conditions.  There is NO
warranty; not even for MERCHANTABILITY or FITNESS FOR A PARTICULAR PURPOSE.

configure:2506: $? = 0
configure:2495: g++ -v >&5
Using built-in specs.
COLLECT_GCC=g++
COLLECT_LTO_WRAPPER=/usr/lib/gcc/x86_64-linux-gnu/5/lto-wrapper
Target: x86_64-linux-gnu
Configured with: ../src/configure -v --with-pkgversion='Ubuntu 5.2.1-22ubuntu2' --with-bugurl=file:///usr/share/doc/gcc-5/README.Bugs --enable-languages=c,ada,c++,java,go,d,fortran,objc,obj-c++ --prefix=/usr --program-suffix=-5 --enable-shared --enable-linker-build-id --libexecdir=/usr/lib --without-included-gettext --enable-threads=posix --libdir=/usr/lib --enable-nls --with-sysroot=/ --enable-clocale=gnu --enable-libstdcxx-debug --enable-libstdcxx-time=yes --with-default-libstdcxx-abi=new --enable-gnu-unique-object --disable-vtable-verify --enable-libmpx --enable-plugin --with-system-zlib --disable-browser-plugin --enable-java-awt=gtk --enable-gtk-cairo --with-java-home=/usr/lib/jvm/java-1.5.0-gcj-5-amd64/jre --enable-java-home --with-jvm-root-dir=/usr/lib/jvm/java-1.5.0-gcj-5-amd64 --with-jvm-jar-dir=/usr/lib/jvm-exports/java-1.5.0-gcj-5-amd64 --with-arch-directory=amd64 --with-ecj-jar=/usr/share/java/eclipse-ecj.jar --enable-objc-gc --enable-multiarch --disable-werror --with-arch-32=i686 --with-abi=m64 --with-multilib-list=m32,m64,mx32 --enable-multilib --with-tune=generic --enable-checking=release --build=x86_64-linux-gnu --host=x86_64-linux-gnu --target=x86_64-linux-gnu
Thread model: posix
gcc version 5.2.1 20151010 (Ubuntu 5.2.1-22ubuntu2) 
configure:2506: $? = 0
configure:2495: g++ -V >&5
g++: error: unrecognized command line option '-V'
g++: fatal error: no input files
compilation terminated.
configure:2506: $? = 1
configure:2495: g++ -qversion >&5
g++: error: unrecognized command line option '-qversion'
g++: fatal error: no input files
compilation terminated.
configure:2506: $? = 1
configure:2526: checking whether the C++ compiler works
configure:2548: g++  -I/home/mogeb/git/paraver/paraver-sources-4.6.1/paraver-kernel-1.0/api -I/home/mogeb/git/paraver/paraver-sources-4.6.1/paraver-kernel-1.0  conftest.cpp  >&5
configure:2552: $? = 0
configure:2600: result: yes
configure:2603: checking for C++ compiler default output file name
configure:2605: result: a.out
configure:2611: checking for suffix of executables
configure:2618: g++ -o conftest  -I/home/mogeb/git/paraver/paraver-sources-4.6.1/paraver-kernel-1.0/api -I/home/mogeb/git/paraver/paraver-sources-4.6.1/paraver-kernel-1.0  conftest.cpp  >&5
configure:2622: $? = 0
configure:2644: result: 
configure:2666: checking whether we are cross compiling
configure:2674: g++ -o conftest  -I/home/mogeb/git/paraver/paraver-sources-4.6.1/paraver-kernel-1.0/api -I/home/mogeb/git/paraver/paraver-sources-4.6.1/paraver-kernel-1.0  conftest.cpp  >&5
configure:2678: $? = 0
configure:2685: ./conftest
configure:2689: $? = 0
configure:2704: result: no
configure:2709: checking for suffix of object files
configure:2731: g++ -c  -I/home/mogeb/git/paraver/paraver-sources-4.6.1/paraver-kernel-1.0/api -I/home/mogeb/git/paraver/paraver-sources-4.6.1/paraver-kernel-1.0 conftest.cpp >&5
configure:2735: $? = 0
configure:2756: result: o
configure:2760: checking whether we are using the GNU C++ compiler
configure:2779: g++ -c  -I/home/mogeb/git/paraver/paraver-sources-4.6.1/paraver-kernel-1.0/api -I/home/mogeb/git/paraver/paraver-sources-4.6.1/paraver-kernel-1.0 conftest.cpp >&5
configure:2779: $? = 0
configure:2788: result: yes
configure:2797: checking whether g++ accepts -g
configure:2817: g++ -c -g -I/home/mogeb/git/paraver/paraver-sources-4.6.1/paraver-kernel-1.0/api -I/home/mogeb/git/paraver/paraver-sources-4.6.1/paraver-kernel-1.0 conftest.cpp >&5
configure:2817: $? = 0
configure:2858: result: yes
configure:2929: checking for gcc
configure:2945: found /usr/bin/gcc
configure:2956: result: gcc
configure:3185: checking for C compiler version
configure:3194: gcc --version >&5
gcc (Ubuntu 5.2.1-22ubuntu2) 5.2.1 20151010
Copyright (C) 2015 Free Software Foundation, Inc.
This is free software; see the source for copying conditions.  There is NO
warranty; not even for MERCHANTABILITY or FITNESS FOR A PARTICULAR PURPOSE.

configure:3205: $? = 0
configure:3194: gcc -v >&5
Using built-in specs.
COLLECT_GCC=gcc
COLLECT_LTO_WRAPPER=/usr/lib/gcc/x86_64-linux-gnu/5/lto-wrapper
Target: x86_64-linux-gnu
Configured with: ../src/configure -v --with-pkgversion='Ubuntu 5.2.1-22ubuntu2' --with-bugurl=file:///usr/share/doc/gcc-5/README.Bugs --enable-languages=c,ada,c++,java,go,d,fortran,objc,obj-c++ --prefix=/usr --program-suffix=-5 --enable-shared --enable-linker-build-id --libexecdir=/usr/lib --without-included-gettext --enable-threads=posix --libdir=/usr/lib --enable-nls --with-sysroot=/ --enable-clocale=gnu --enable-libstdcxx-debug --enable-libstdcxx-time=yes --with-default-libstdcxx-abi=new --enable-gnu-unique-object --disable-vtable-verify --enable-libmpx --enable-plugin --with-system-zlib --disable-browser-plugin --enable-java-awt=gtk --enable-gtk-cairo --with-java-home=/usr/lib/jvm/java-1.5.0-gcj-5-amd64/jre --enable-java-home --with-jvm-root-dir=/usr/lib/jvm/java-1.5.0-gcj-5-amd64 --with-jvm-jar-dir=/usr/lib/jvm-exports/java-1.5.0-gcj-5-amd64 --with-arch-directory=amd64 --with-ecj-jar=/usr/share/java/eclipse-ecj.jar --enable-objc-gc --enable-multiarch --disable-werror --with-arch-32=i686 --with-abi=m64 --with-multilib-list=m32,m64,mx32 --enable-multilib --with-tune=generic --enable-checking=release --build=x86_64-linux-gnu --host=x86_64-linux-gnu --target=x86_64-linux-gnu
Thread model: posix
gcc version 5.2.1 20151010 (Ubuntu 5.2.1-22ubuntu2) 
configure:3205: $? = 0
configure:3194: gcc -V >&5
gcc: error: unrecognized command line option '-V'
gcc: fatal error: no input files
compilation terminated.
configure:3205: $? = 1
configure:3194: gcc -qversion >&5
gcc: error: unrecognized command line option '-qversion'
gcc: fatal error: no input files
compilation terminated.
configure:3205: $? = 1
configure:3209: checking whether we are using the GNU C compiler
configure:3228: gcc -c  -I/home/mogeb/git/paraver/paraver-sources-4.6.1/paraver-kernel-1.0/api -I/home/mogeb/git/paraver/paraver-sources-4.6.1/paraver-kernel-1.0 conftest.c >&5
configure:3228: $? = 0
configure:3237: result: yes
configure:3246: checking whether gcc accepts -g
configure:3266: gcc -c -g -I/home/mogeb/git/paraver/paraver-sources-4.6.1/paraver-kernel-1.0/api -I/home/mogeb/git/paraver/paraver-sources-4.6.1/paraver-kernel-1.0 conftest.c >&5
configure:3266: $? = 0
configure:3307: result: yes
configure:3324: checking for gcc option to accept ISO C89
configure:3388: gcc  -c -g -O2 -I/home/mogeb/git/paraver/paraver-sources-4.6.1/paraver-kernel-1.0/api -I/home/mogeb/git/paraver/paraver-sources-4.6.1/paraver-kernel-1.0 conftest.c >&5
configure:3388: $? = 0
configure:3401: result: none needed
configure:3421: checking for a sed that does not truncate output
configure:3485: result: /bin/sed
configure:3537: checking for a BSD-compatible install
configure:3605: result: /usr/bin/install -c
configure:3616: checking whether build environment is sane
configure:3666: result: yes
configure:3807: checking for a thread-safe mkdir -p
configure:3846: result: /bin/mkdir -p
configure:3859: checking for gawk
configure:3875: found /usr/bin/gawk
configure:3886: result: gawk
configure:3897: checking whether make sets $(MAKE)
configure:3919: result: yes
configure:3949: checking for style of include used by make
configure:3977: result: GNU
configure:4063: checking dependency style of gcc
configure:4174: result: gcc3
configure:4191: checking dependency style of g++
configure:4302: result: gcc3
configure:4381: checking for wx-config
configure:4400: found /usr/bin/wx-config
configure:4413: result: /usr/bin/wx-config
configure:4428: checking for wxWidgets version >= 2.8.0
configure:4475: result: yes (version 3.0.2)
configure:4479: checking for wxWidgets static library
configure:4483: result: no
configure:4646: checking for boostlib >= 1.36
configure:4700: g++ -c -g -O2 -I/home/mogeb/git/paraver/paraver-sources-4.6.1/paraver-kernel-1.0/api -I/home/mogeb/git/paraver/paraver-sources-4.6.1/paraver-kernel-1.0 -I/usr/include conftest.cpp >&5
configure:4700: $? = 0
configure:4702: result: yes
configure:4862: WARNING: BOOST_CPPFLAGS -I/usr/include
configure:4870: checking whether the Boost::Serialization library is available
configure:4898: g++ -c -g -O2 -I/home/mogeb/git/paraver/paraver-sources-4.6.1/paraver-kernel-1.0/api -I/home/mogeb/git/paraver/paraver-sources-4.6.1/paraver-kernel-1.0 -I/usr/include conftest.cpp >&5
configure:4898: $? = 0
configure:4912: result: yes
configure:4923: checking for exit in -lboost_serialization
configure:4948: gcc -o conftest -g -O2 -I/home/mogeb/git/paraver/paraver-sources-4.6.1/paraver-kernel-1.0/api -I/home/mogeb/git/paraver/paraver-sources-4.6.1/paraver-kernel-1.0 -I/usr/include  -L/usr/lib/x86_64-linux-gnu conftest.c -lboost_serialization   >&5
conftest.c:20:6: warning: conflicting types for built-in function 'exit'
 char exit ();
      ^
configure:4948: $? = 0
configure:4958: result: yes
configure:5108: checking how to run the C preprocessor
configure:5139: gcc -E -I/home/mogeb/git/paraver/paraver-sources-4.6.1/paraver-kernel-1.0/api -I/home/mogeb/git/paraver/paraver-sources-4.6.1/paraver-kernel-1.0 conftest.c
configure:5139: $? = 0
configure:5153: gcc -E -I/home/mogeb/git/paraver/paraver-sources-4.6.1/paraver-kernel-1.0/api -I/home/mogeb/git/paraver/paraver-sources-4.6.1/paraver-kernel-1.0 conftest.c
conftest.c:13:28: fatal error: ac_nonexistent.h: No such file or directory
compilation terminated.
configure:5153: $? = 1
configure: failed program was:
| /* confdefs.h */
| #define PACKAGE_NAME "wxparaver"
| #define PACKAGE_TARNAME "wxparaver"
| #define PACKAGE_VERSION "4.6.1"
| #define PACKAGE_STRING "wxparaver 4.6.1"
| #define PACKAGE_BUGREPORT "tools@bsc.es"
| #define PACKAGE_URL ""
| #define PACKAGE "wxparaver"
| #define VERSION "4.6.1"
| #define HAVE_BOOST /**/
| #define HAVE_BOOST_SERIALIZATION /**/
| /* end confdefs.h.  */
| #include <ac_nonexistent.h>
configure:5178: result: gcc -E
configure:5198: gcc -E -I/home/mogeb/git/paraver/paraver-sources-4.6.1/paraver-kernel-1.0/api -I/home/mogeb/git/paraver/paraver-sources-4.6.1/paraver-kernel-1.0 conftest.c
configure:5198: $? = 0
configure:5212: gcc -E -I/home/mogeb/git/paraver/paraver-sources-4.6.1/paraver-kernel-1.0/api -I/home/mogeb/git/paraver/paraver-sources-4.6.1/paraver-kernel-1.0 conftest.c
conftest.c:13:28: fatal error: ac_nonexistent.h: No such file or directory
compilation terminated.
configure:5212: $? = 1
configure: failed program was:
| /* confdefs.h */
| #define PACKAGE_NAME "wxparaver"
| #define PACKAGE_TARNAME "wxparaver"
| #define PACKAGE_VERSION "4.6.1"
| #define PACKAGE_STRING "wxparaver 4.6.1"
| #define PACKAGE_BUGREPORT "tools@bsc.es"
| #define PACKAGE_URL ""
| #define PACKAGE "wxparaver"
| #define VERSION "4.6.1"
| #define HAVE_BOOST /**/
| #define HAVE_BOOST_SERIALIZATION /**/
| /* end confdefs.h.  */
| #include <ac_nonexistent.h>
configure:5241: checking for grep that handles long lines and -e
configure:5299: result: /bin/grep
configure:5304: checking for egrep
configure:5366: result: /bin/grep -E
configure:5371: checking for ANSI C header files
configure:5391: gcc -c -g -O2 -I/home/mogeb/git/paraver/paraver-sources-4.6.1/paraver-kernel-1.0/api -I/home/mogeb/git/paraver/paraver-sources-4.6.1/paraver-kernel-1.0 conftest.c >&5
configure:5391: $? = 0
configure:5464: gcc -o conftest -g -O2 -I/home/mogeb/git/paraver/paraver-sources-4.6.1/paraver-kernel-1.0/api -I/home/mogeb/git/paraver/paraver-sources-4.6.1/paraver-kernel-1.0  conftest.c  >&5
configure:5464: $? = 0
configure:5464: ./conftest
configure:5464: $? = 0
configure:5475: result: yes
configure:5488: checking for sys/types.h
configure:5488: gcc -c -g -O2 -I/home/mogeb/git/paraver/paraver-sources-4.6.1/paraver-kernel-1.0/api -I/home/mogeb/git/paraver/paraver-sources-4.6.1/paraver-kernel-1.0 conftest.c >&5
configure:5488: $? = 0
configure:5488: result: yes
configure:5488: checking for sys/stat.h
configure:5488: gcc -c -g -O2 -I/home/mogeb/git/paraver/paraver-sources-4.6.1/paraver-kernel-1.0/api -I/home/mogeb/git/paraver/paraver-sources-4.6.1/paraver-kernel-1.0 conftest.c >&5
configure:5488: $? = 0
configure:5488: result: yes
configure:5488: checking for stdlib.h
configure:5488: gcc -c -g -O2 -I/home/mogeb/git/paraver/paraver-sources-4.6.1/paraver-kernel-1.0/api -I/home/mogeb/git/paraver/paraver-sources-4.6.1/paraver-kernel-1.0 conftest.c >&5
configure:5488: $? = 0
configure:5488: result: yes
configure:5488: checking for string.h
configure:5488: gcc -c -g -O2 -I/home/mogeb/git/paraver/paraver-sources-4.6.1/paraver-kernel-1.0/api -I/home/mogeb/git/paraver/paraver-sources-4.6.1/paraver-kernel-1.0 conftest.c >&5
configure:5488: $? = 0
configure:5488: result: yes
configure:5488: checking for memory.h
configure:5488: gcc -c -g -O2 -I/home/mogeb/git/paraver/paraver-sources-4.6.1/paraver-kernel-1.0/api -I/home/mogeb/git/paraver/paraver-sources-4.6.1/paraver-kernel-1.0 conftest.c >&5
configure:5488: $? = 0
configure:5488: result: yes
configure:5488: checking for strings.h
configure:5488: gcc -c -g -O2 -I/home/mogeb/git/paraver/paraver-sources-4.6.1/paraver-kernel-1.0/api -I/home/mogeb/git/paraver/paraver-sources-4.6.1/paraver-kernel-1.0 conftest.c >&5
configure:5488: $? = 0
configure:5488: result: yes
configure:5488: checking for inttypes.h
configure:5488: gcc -c -g -O2 -I/home/mogeb/git/paraver/paraver-sources-4.6.1/paraver-kernel-1.0/api -I/home/mogeb/git/paraver/paraver-sources-4.6.1/paraver-kernel-1.0 conftest.c >&5
configure:5488: $? = 0
configure:5488: result: yes
configure:5488: checking for stdint.h
configure:5488: gcc -c -g -O2 -I/home/mogeb/git/paraver/paraver-sources-4.6.1/paraver-kernel-1.0/api -I/home/mogeb/git/paraver/paraver-sources-4.6.1/paraver-kernel-1.0 conftest.c >&5
configure:5488: $? = 0
configure:5488: result: yes
configure:5488: checking for unistd.h
configure:5488: gcc -c -g -O2 -I/home/mogeb/git/paraver/paraver-sources-4.6.1/paraver-kernel-1.0/api -I/home/mogeb/git/paraver/paraver-sources-4.6.1/paraver-kernel-1.0 conftest.c >&5
configure:5488: $? = 0
configure:5488: result: yes
configure:5500: checking for stdbool.h that conforms to C99
configure:5567: gcc -c -g -O2 -I/home/mogeb/git/paraver/paraver-sources-4.6.1/paraver-kernel-1.0/api -I/home/mogeb/git/paraver/paraver-sources-4.6.1/paraver-kernel-1.0 conftest.c >&5
configure:5567: $? = 0
configure:5574: result: yes
configure:5576: checking for _Bool
configure:5576: gcc -c -g -O2 -I/home/mogeb/git/paraver/paraver-sources-4.6.1/paraver-kernel-1.0/api -I/home/mogeb/git/paraver/paraver-sources-4.6.1/paraver-kernel-1.0 conftest.c >&5
configure:5576: $? = 0
configure:5576: gcc -c -g -O2 -I/home/mogeb/git/paraver/paraver-sources-4.6.1/paraver-kernel-1.0/api -I/home/mogeb/git/paraver/paraver-sources-4.6.1/paraver-kernel-1.0 conftest.c >&5
conftest.c: In function 'main':
conftest.c:59:20: error: expected expression before ')' token
 if (sizeof ((_Bool)))
                    ^
configure:5576: $? = 1
configure: failed program was:
| /* confdefs.h */
| #define PACKAGE_NAME "wxparaver"
| #define PACKAGE_TARNAME "wxparaver"
| #define PACKAGE_VERSION "4.6.1"
| #define PACKAGE_STRING "wxparaver 4.6.1"
| #define PACKAGE_BUGREPORT "tools@bsc.es"
| #define PACKAGE_URL ""
| #define PACKAGE "wxparaver"
| #define VERSION "4.6.1"
| #define HAVE_BOOST /**/
| #define HAVE_BOOST_SERIALIZATION /**/
| #define STDC_HEADERS 1
| #define HAVE_SYS_TYPES_H 1
| #define HAVE_SYS_STAT_H 1
| #define HAVE_STDLIB_H 1
| #define HAVE_STRING_H 1
| #define HAVE_MEMORY_H 1
| #define HAVE_STRINGS_H 1
| #define HAVE_INTTYPES_H 1
| #define HAVE_STDINT_H 1
| #define HAVE_UNISTD_H 1
| /* end confdefs.h.  */
| #include <stdio.h>
| #ifdef HAVE_SYS_TYPES_H
| # include <sys/types.h>
| #endif
| #ifdef HAVE_SYS_STAT_H
| # include <sys/stat.h>
| #endif
| #ifdef STDC_HEADERS
| # include <stdlib.h>
| # include <stddef.h>
| #else
| # ifdef HAVE_STDLIB_H
| #  include <stdlib.h>
| # endif
| #endif
| #ifdef HAVE_STRING_H
| # if !defined STDC_HEADERS && defined HAVE_MEMORY_H
| #  include <memory.h>
| # endif
| # include <string.h>
| #endif
| #ifdef HAVE_STRINGS_H
| # include <strings.h>
| #endif
| #ifdef HAVE_INTTYPES_H
| # include <inttypes.h>
| #endif
| #ifdef HAVE_STDINT_H
| # include <stdint.h>
| #endif
| #ifdef HAVE_UNISTD_H
| # include <unistd.h>
| #endif
| int
| main ()
| {
| if (sizeof ((_Bool)))
| 	    return 0;
|   ;
|   return 0;
| }
configure:5576: result: yes
configure:5592: checking for inline
configure:5608: gcc -c -g -O2 -I/home/mogeb/git/paraver/paraver-sources-4.6.1/paraver-kernel-1.0/api -I/home/mogeb/git/paraver/paraver-sources-4.6.1/paraver-kernel-1.0 conftest.c >&5
configure:5608: $? = 0
configure:5616: result: inline
configure:5634: checking for size_t
configure:5634: gcc -c -g -O2 -I/home/mogeb/git/paraver/paraver-sources-4.6.1/paraver-kernel-1.0/api -I/home/mogeb/git/paraver/paraver-sources-4.6.1/paraver-kernel-1.0 conftest.c >&5
configure:5634: $? = 0
configure:5634: gcc -c -g -O2 -I/home/mogeb/git/paraver/paraver-sources-4.6.1/paraver-kernel-1.0/api -I/home/mogeb/git/paraver/paraver-sources-4.6.1/paraver-kernel-1.0 conftest.c >&5
conftest.c: In function 'main':
conftest.c:61:21: error: expected expression before ')' token
 if (sizeof ((size_t)))
                     ^
configure:5634: $? = 1
configure: failed program was:
| /* confdefs.h */
| #define PACKAGE_NAME "wxparaver"
| #define PACKAGE_TARNAME "wxparaver"
| #define PACKAGE_VERSION "4.6.1"
| #define PACKAGE_STRING "wxparaver 4.6.1"
| #define PACKAGE_BUGREPORT "tools@bsc.es"
| #define PACKAGE_URL ""
| #define PACKAGE "wxparaver"
| #define VERSION "4.6.1"
| #define HAVE_BOOST /**/
| #define HAVE_BOOST_SERIALIZATION /**/
| #define STDC_HEADERS 1
| #define HAVE_SYS_TYPES_H 1
| #define HAVE_SYS_STAT_H 1
| #define HAVE_STDLIB_H 1
| #define HAVE_STRING_H 1
| #define HAVE_MEMORY_H 1
| #define HAVE_STRINGS_H 1
| #define HAVE_INTTYPES_H 1
| #define HAVE_STDINT_H 1
| #define HAVE_UNISTD_H 1
| #define HAVE__BOOL 1
| #define HAVE_STDBOOL_H 1
| /* end confdefs.h.  */
| #include <stdio.h>
| #ifdef HAVE_SYS_TYPES_H
| # include <sys/types.h>
| #endif
| #ifdef HAVE_SYS_STAT_H
| # include <sys/stat.h>
| #endif
| #ifdef STDC_HEADERS
| # include <stdlib.h>
| # include <stddef.h>
| #else
| # ifdef HAVE_STDLIB_H
| #  include <stdlib.h>
| # endif
| #endif
| #ifdef HAVE_STRING_H
| # if !defined STDC_HEADERS && defined HAVE_MEMORY_H
| #  include <memory.h>
| # endif
| # include <string.h>
| #endif
| #ifdef HAVE_STRINGS_H
| # include <strings.h>
| #endif
| #ifdef HAVE_INTTYPES_H
| # include <inttypes.h>
| #endif
| #ifdef HAVE_STDINT_H
| # include <stdint.h>
| #endif
| #ifdef HAVE_UNISTD_H
| # include <unistd.h>
| #endif
| int
| main ()
| {
| if (sizeof ((size_t)))
| 	    return 0;
|   ;
|   return 0;
| }
configure:5634: result: yes
configure:5645: checking for long
configure:5645: gcc -c -g -O2 -I/home/mogeb/git/paraver/paraver-sources-4.6.1/paraver-kernel-1.0/api -I/home/mogeb/git/paraver/paraver-sources-4.6.1/paraver-kernel-1.0 conftest.c >&5
configure:5645: $? = 0
configure:5645: gcc -c -g -O2 -I/home/mogeb/git/paraver/paraver-sources-4.6.1/paraver-kernel-1.0/api -I/home/mogeb/git/paraver/paraver-sources-4.6.1/paraver-kernel-1.0 conftest.c >&5
conftest.c: In function 'main':
conftest.c:61:19: error: expected expression before ')' token
 if (sizeof ((long)))
                   ^
configure:5645: $? = 1
configure: failed program was:
| /* confdefs.h */
| #define PACKAGE_NAME "wxparaver"
| #define PACKAGE_TARNAME "wxparaver"
| #define PACKAGE_VERSION "4.6.1"
| #define PACKAGE_STRING "wxparaver 4.6.1"
| #define PACKAGE_BUGREPORT "tools@bsc.es"
| #define PACKAGE_URL ""
| #define PACKAGE "wxparaver"
| #define VERSION "4.6.1"
| #define HAVE_BOOST /**/
| #define HAVE_BOOST_SERIALIZATION /**/
| #define STDC_HEADERS 1
| #define HAVE_SYS_TYPES_H 1
| #define HAVE_SYS_STAT_H 1
| #define HAVE_STDLIB_H 1
| #define HAVE_STRING_H 1
| #define HAVE_MEMORY_H 1
| #define HAVE_STRINGS_H 1
| #define HAVE_INTTYPES_H 1
| #define HAVE_STDINT_H 1
| #define HAVE_UNISTD_H 1
| #define HAVE__BOOL 1
| #define HAVE_STDBOOL_H 1
| /* end confdefs.h.  */
| #include <stdio.h>
| #ifdef HAVE_SYS_TYPES_H
| # include <sys/types.h>
| #endif
| #ifdef HAVE_SYS_STAT_H
| # include <sys/stat.h>
| #endif
| #ifdef STDC_HEADERS
| # include <stdlib.h>
| # include <stddef.h>
| #else
| # ifdef HAVE_STDLIB_H
| #  include <stdlib.h>
| # endif
| #endif
| #ifdef HAVE_STRING_H
| # if !defined STDC_HEADERS && defined HAVE_MEMORY_H
| #  include <memory.h>
| # endif
| # include <string.h>
| #endif
| #ifdef HAVE_STRINGS_H
| # include <strings.h>
| #endif
| #ifdef HAVE_INTTYPES_H
| # include <inttypes.h>
| #endif
| #ifdef HAVE_STDINT_H
| # include <stdint.h>
| #endif
| #ifdef HAVE_UNISTD_H
| # include <unistd.h>
| #endif
| int
| main ()
| {
| if (sizeof ((long)))
| 	    return 0;
|   ;
|   return 0;
| }
configure:5645: result: yes
configure:5654: checking for long long
configure:5654: gcc -c -g -O2 -I/home/mogeb/git/paraver/paraver-sources-4.6.1/paraver-kernel-1.0/api -I/home/mogeb/git/paraver/paraver-sources-4.6.1/paraver-kernel-1.0 conftest.c >&5
configure:5654: $? = 0
configure:5654: gcc -c -g -O2 -I/home/mogeb/git/paraver/paraver-sources-4.6.1/paraver-kernel-1.0/api -I/home/mogeb/git/paraver/paraver-sources-4.6.1/paraver-kernel-1.0 conftest.c >&5
conftest.c: In function 'main':
conftest.c:62:24: error: expected expression before ')' token
 if (sizeof ((long long)))
                        ^
configure:5654: $? = 1
configure: failed program was:
| /* confdefs.h */
| #define PACKAGE_NAME "wxparaver"
| #define PACKAGE_TARNAME "wxparaver"
| #define PACKAGE_VERSION "4.6.1"
| #define PACKAGE_STRING "wxparaver 4.6.1"
| #define PACKAGE_BUGREPORT "tools@bsc.es"
| #define PACKAGE_URL ""
| #define PACKAGE "wxparaver"
| #define VERSION "4.6.1"
| #define HAVE_BOOST /**/
| #define HAVE_BOOST_SERIALIZATION /**/
| #define STDC_HEADERS 1
| #define HAVE_SYS_TYPES_H 1
| #define HAVE_SYS_STAT_H 1
| #define HAVE_STDLIB_H 1
| #define HAVE_STRING_H 1
| #define HAVE_MEMORY_H 1
| #define HAVE_STRINGS_H 1
| #define HAVE_INTTYPES_H 1
| #define HAVE_STDINT_H 1
| #define HAVE_UNISTD_H 1
| #define HAVE__BOOL 1
| #define HAVE_STDBOOL_H 1
| #define HAVE_LONG 1
| /* end confdefs.h.  */
| #include <stdio.h>
| #ifdef HAVE_SYS_TYPES_H
| # include <sys/types.h>
| #endif
| #ifdef HAVE_SYS_STAT_H
| # include <sys/stat.h>
| #endif
| #ifdef STDC_HEADERS
| # include <stdlib.h>
| # include <stddef.h>
| #else
| # ifdef HAVE_STDLIB_H
| #  include <stdlib.h>
| # endif
| #endif
| #ifdef HAVE_STRING_H
| # if !defined STDC_HEADERS && defined HAVE_MEMORY_H
| #  include <memory.h>
| # endif
| # include <string.h>
| #endif
| #ifdef HAVE_STRINGS_H
| # include <strings.h>
| #endif
| #ifdef HAVE_INTTYPES_H
| # include <inttypes.h>
| #endif
| #ifdef HAVE_STDINT_H
| # include <stdint.h>
| #endif
| #ifdef HAVE_UNISTD_H
| # include <unistd.h>
| #endif
| int
| main ()
| {
| if (sizeof ((long long)))
| 	    return 0;
|   ;
|   return 0;
| }
configure:5654: result: yes
configure:5663: checking for char
configure:5663: gcc -c -g -O2 -I/home/mogeb/git/paraver/paraver-sources-4.6.1/paraver-kernel-1.0/api -I/home/mogeb/git/paraver/paraver-sources-4.6.1/paraver-kernel-1.0 conftest.c >&5
configure:5663: $? = 0
configure:5663: gcc -c -g -O2 -I/home/mogeb/git/paraver/paraver-sources-4.6.1/paraver-kernel-1.0/api -I/home/mogeb/git/paraver/paraver-sources-4.6.1/paraver-kernel-1.0 conftest.c >&5
conftest.c: In function 'main':
conftest.c:63:19: error: expected expression before ')' token
 if (sizeof ((char)))
                   ^
configure:5663: $? = 1
configure: failed program was:
| /* confdefs.h */
| #define PACKAGE_NAME "wxparaver"
| #define PACKAGE_TARNAME "wxparaver"
| #define PACKAGE_VERSION "4.6.1"
| #define PACKAGE_STRING "wxparaver 4.6.1"
| #define PACKAGE_BUGREPORT "tools@bsc.es"
| #define PACKAGE_URL ""
| #define PACKAGE "wxparaver"
| #define VERSION "4.6.1"
| #define HAVE_BOOST /**/
| #define HAVE_BOOST_SERIALIZATION /**/
| #define STDC_HEADERS 1
| #define HAVE_SYS_TYPES_H 1
| #define HAVE_SYS_STAT_H 1
| #define HAVE_STDLIB_H 1
| #define HAVE_STRING_H 1
| #define HAVE_MEMORY_H 1
| #define HAVE_STRINGS_H 1
| #define HAVE_INTTYPES_H 1
| #define HAVE_STDINT_H 1
| #define HAVE_UNISTD_H 1
| #define HAVE__BOOL 1
| #define HAVE_STDBOOL_H 1
| #define HAVE_LONG 1
| #define HAVE_LONG_LONG 1
| /* end confdefs.h.  */
| #include <stdio.h>
| #ifdef HAVE_SYS_TYPES_H
| # include <sys/types.h>
| #endif
| #ifdef HAVE_SYS_STAT_H
| # include <sys/stat.h>
| #endif
| #ifdef STDC_HEADERS
| # include <stdlib.h>
| # include <stddef.h>
| #else
| # ifdef HAVE_STDLIB_H
| #  include <stdlib.h>
| # endif
| #endif
| #ifdef HAVE_STRING_H
| # if !defined STDC_HEADERS && defined HAVE_MEMORY_H
| #  include <memory.h>
| # endif
| # include <string.h>
| #endif
| #ifdef HAVE_STRINGS_H
| # include <strings.h>
| #endif
| #ifdef HAVE_INTTYPES_H
| # include <inttypes.h>
| #endif
| #ifdef HAVE_STDINT_H
| # include <stdint.h>
| #endif
| #ifdef HAVE_UNISTD_H
| # include <unistd.h>
| #endif
| int
| main ()
| {
| if (sizeof ((char)))
| 	    return 0;
|   ;
|   return 0;
| }
configure:5663: result: yes
configure:5672: checking for int
configure:5672: gcc -c -g -O2 -I/home/mogeb/git/paraver/paraver-sources-4.6.1/paraver-kernel-1.0/api -I/home/mogeb/git/paraver/paraver-sources-4.6.1/paraver-kernel-1.0 conftest.c >&5
configure:5672: $? = 0
configure:5672: gcc -c -g -O2 -I/home/mogeb/git/paraver/paraver-sources-4.6.1/paraver-kernel-1.0/api -I/home/mogeb/git/paraver/paraver-sources-4.6.1/paraver-kernel-1.0 conftest.c >&5
conftest.c: In function 'main':
conftest.c:64:18: error: expected expression before ')' token
 if (sizeof ((int)))
                  ^
configure:5672: $? = 1
configure: failed program was:
| /* confdefs.h */
| #define PACKAGE_NAME "wxparaver"
| #define PACKAGE_TARNAME "wxparaver"
| #define PACKAGE_VERSION "4.6.1"
| #define PACKAGE_STRING "wxparaver 4.6.1"
| #define PACKAGE_BUGREPORT "tools@bsc.es"
| #define PACKAGE_URL ""
| #define PACKAGE "wxparaver"
| #define VERSION "4.6.1"
| #define HAVE_BOOST /**/
| #define HAVE_BOOST_SERIALIZATION /**/
| #define STDC_HEADERS 1
| #define HAVE_SYS_TYPES_H 1
| #define HAVE_SYS_STAT_H 1
| #define HAVE_STDLIB_H 1
| #define HAVE_STRING_H 1
| #define HAVE_MEMORY_H 1
| #define HAVE_STRINGS_H 1
| #define HAVE_INTTYPES_H 1
| #define HAVE_STDINT_H 1
| #define HAVE_UNISTD_H 1
| #define HAVE__BOOL 1
| #define HAVE_STDBOOL_H 1
| #define HAVE_LONG 1
| #define HAVE_LONG_LONG 1
| #define HAVE_CHAR 1
| /* end confdefs.h.  */
| #include <stdio.h>
| #ifdef HAVE_SYS_TYPES_H
| # include <sys/types.h>
| #endif
| #ifdef HAVE_SYS_STAT_H
| # include <sys/stat.h>
| #endif
| #ifdef STDC_HEADERS
| # include <stdlib.h>
| # include <stddef.h>
| #else
| # ifdef HAVE_STDLIB_H
| #  include <stdlib.h>
| # endif
| #endif
| #ifdef HAVE_STRING_H
| # if !defined STDC_HEADERS && defined HAVE_MEMORY_H
| #  include <memory.h>
| # endif
| # include <string.h>
| #endif
| #ifdef HAVE_STRINGS_H
| # include <strings.h>
| #endif
| #ifdef HAVE_INTTYPES_H
| # include <inttypes.h>
| #endif
| #ifdef HAVE_STDINT_H
| # include <stdint.h>
| #endif
| #ifdef HAVE_UNISTD_H
| # include <unistd.h>
| #endif
| int
| main ()
| {
| if (sizeof ((int)))
| 	    return 0;
|   ;
|   return 0;
| }
configure:5672: result: yes
configure:5681: checking for short int
configure:5681: gcc -c -g -O2 -I/home/mogeb/git/paraver/paraver-sources-4.6.1/paraver-kernel-1.0/api -I/home/mogeb/git/paraver/paraver-sources-4.6.1/paraver-kernel-1.0 conftest.c >&5
configure:5681: $? = 0
configure:5681: gcc -c -g -O2 -I/home/mogeb/git/paraver/paraver-sources-4.6.1/paraver-kernel-1.0/api -I/home/mogeb/git/paraver/paraver-sources-4.6.1/paraver-kernel-1.0 conftest.c >&5
conftest.c: In function 'main':
conftest.c:65:24: error: expected expression before ')' token
 if (sizeof ((short int)))
                        ^
configure:5681: $? = 1
configure: failed program was:
| /* confdefs.h */
| #define PACKAGE_NAME "wxparaver"
| #define PACKAGE_TARNAME "wxparaver"
| #define PACKAGE_VERSION "4.6.1"
| #define PACKAGE_STRING "wxparaver 4.6.1"
| #define PACKAGE_BUGREPORT "tools@bsc.es"
| #define PACKAGE_URL ""
| #define PACKAGE "wxparaver"
| #define VERSION "4.6.1"
| #define HAVE_BOOST /**/
| #define HAVE_BOOST_SERIALIZATION /**/
| #define STDC_HEADERS 1
| #define HAVE_SYS_TYPES_H 1
| #define HAVE_SYS_STAT_H 1
| #define HAVE_STDLIB_H 1
| #define HAVE_STRING_H 1
| #define HAVE_MEMORY_H 1
| #define HAVE_STRINGS_H 1
| #define HAVE_INTTYPES_H 1
| #define HAVE_STDINT_H 1
| #define HAVE_UNISTD_H 1
| #define HAVE__BOOL 1
| #define HAVE_STDBOOL_H 1
| #define HAVE_LONG 1
| #define HAVE_LONG_LONG 1
| #define HAVE_CHAR 1
| #define HAVE_INT 1
| /* end confdefs.h.  */
| #include <stdio.h>
| #ifdef HAVE_SYS_TYPES_H
| # include <sys/types.h>
| #endif
| #ifdef HAVE_SYS_STAT_H
| # include <sys/stat.h>
| #endif
| #ifdef STDC_HEADERS
| # include <stdlib.h>
| # include <stddef.h>
| #else
| # ifdef HAVE_STDLIB_H
| #  include <stdlib.h>
| # endif
| #endif
| #ifdef HAVE_STRING_H
| # if !defined STDC_HEADERS && defined HAVE_MEMORY_H
| #  include <memory.h>
| # endif
| # include <string.h>
| #endif
| #ifdef HAVE_STRINGS_H
| # include <strings.h>
| #endif
| #ifdef HAVE_INTTYPES_H
| # include <inttypes.h>
| #endif
| #ifdef HAVE_STDINT_H
| # include <stdint.h>
| #endif
| #ifdef HAVE_UNISTD_H
| # include <unistd.h>
| #endif
| int
| main ()
| {
| if (sizeof ((short int)))
| 	    return 0;
|   ;
|   return 0;
| }
configure:5681: result: yes
configure:5695: checking size of long
configure:5700: gcc -o conftest -g -O2 -I/home/mogeb/git/paraver/paraver-sources-4.6.1/paraver-kernel-1.0/api -I/home/mogeb/git/paraver/paraver-sources-4.6.1/paraver-kernel-1.0  conftest.c  >&5
configure:5700: $? = 0
configure:5700: ./conftest
configure:5700: $? = 0
configure:5714: result: 8
configure:5728: checking size of long long
configure:5733: gcc -o conftest -g -O2 -I/home/mogeb/git/paraver/paraver-sources-4.6.1/paraver-kernel-1.0/api -I/home/mogeb/git/paraver/paraver-sources-4.6.1/paraver-kernel-1.0  conftest.c  >&5
configure:5733: $? = 0
configure:5733: ./conftest
configure:5733: $? = 0
configure:5747: result: 8
configure:5761: checking size of char
configure:5766: gcc -o conftest -g -O2 -I/home/mogeb/git/paraver/paraver-sources-4.6.1/paraver-kernel-1.0/api -I/home/mogeb/git/paraver/paraver-sources-4.6.1/paraver-kernel-1.0  conftest.c  >&5
configure:5766: $? = 0
configure:5766: ./conftest
configure:5766: $? = 0
configure:5780: result: 1
configure:5794: checking size of int
configure:5799: gcc -o conftest -g -O2 -I/home/mogeb/git/paraver/paraver-sources-4.6.1/paraver-kernel-1.0/api -I/home/mogeb/git/paraver/paraver-sources-4.6.1/paraver-kernel-1.0  conftest.c  >&5
configure:5799: $? = 0
configure:5799: ./conftest
configure:5799: $? = 0
configure:5813: result: 4
configure:5827: checking size of short int
configure:5832: gcc -o conftest -g -O2 -I/home/mogeb/git/paraver/paraver-sources-4.6.1/paraver-kernel-1.0/api -I/home/mogeb/git/paraver/paraver-sources-4.6.1/paraver-kernel-1.0  conftest.c  >&5
configure:5832: $? = 0
configure:5832: ./conftest
configure:5832: $? = 0
configure:5846: result: 2
configure:5856: checking for int64_t
configure:5856: gcc -c -g -O2 -I/home/mogeb/git/paraver/paraver-sources-4.6.1/paraver-kernel-1.0/api -I/home/mogeb/git/paraver/paraver-sources-4.6.1/paraver-kernel-1.0 conftest.c >&5
configure:5856: $? = 0
configure:5856: gcc -c -g -O2 -I/home/mogeb/git/paraver/paraver-sources-4.6.1/paraver-kernel-1.0/api -I/home/mogeb/git/paraver/paraver-sources-4.6.1/paraver-kernel-1.0 conftest.c >&5
conftest.c: In function 'main':
conftest.c:71:22: error: expected expression before ')' token
 if (sizeof ((int64_t)))
                      ^
configure:5856: $? = 1
configure: failed program was:
| /* confdefs.h */
| #define PACKAGE_NAME "wxparaver"
| #define PACKAGE_TARNAME "wxparaver"
| #define PACKAGE_VERSION "4.6.1"
| #define PACKAGE_STRING "wxparaver 4.6.1"
| #define PACKAGE_BUGREPORT "tools@bsc.es"
| #define PACKAGE_URL ""
| #define PACKAGE "wxparaver"
| #define VERSION "4.6.1"
| #define HAVE_BOOST /**/
| #define HAVE_BOOST_SERIALIZATION /**/
| #define STDC_HEADERS 1
| #define HAVE_SYS_TYPES_H 1
| #define HAVE_SYS_STAT_H 1
| #define HAVE_STDLIB_H 1
| #define HAVE_STRING_H 1
| #define HAVE_MEMORY_H 1
| #define HAVE_STRINGS_H 1
| #define HAVE_INTTYPES_H 1
| #define HAVE_STDINT_H 1
| #define HAVE_UNISTD_H 1
| #define HAVE__BOOL 1
| #define HAVE_STDBOOL_H 1
| #define HAVE_LONG 1
| #define HAVE_LONG_LONG 1
| #define HAVE_CHAR 1
| #define HAVE_INT 1
| #define HAVE_SHORT_INT 1
| #define SIZEOF_LONG 8
| #define SIZEOF_LONG_LONG 8
| #define SIZEOF_CHAR 1
| #define SIZEOF_INT 4
| #define SIZEOF_SHORT_INT 2
| /* end confdefs.h.  */
| #include <stdio.h>
| #ifdef HAVE_SYS_TYPES_H
| # include <sys/types.h>
| #endif
| #ifdef HAVE_SYS_STAT_H
| # include <sys/stat.h>
| #endif
| #ifdef STDC_HEADERS
| # include <stdlib.h>
| # include <stddef.h>
| #else
| # ifdef HAVE_STDLIB_H
| #  include <stdlib.h>
| # endif
| #endif
| #ifdef HAVE_STRING_H
| # if !defined STDC_HEADERS && defined HAVE_MEMORY_H
| #  include <memory.h>
| # endif
| # include <string.h>
| #endif
| #ifdef HAVE_STRINGS_H
| # include <strings.h>
| #endif
| #ifdef HAVE_INTTYPES_H
| # include <inttypes.h>
| #endif
| #ifdef HAVE_STDINT_H
| # include <stdint.h>
| #endif
| #ifdef HAVE_UNISTD_H
| # include <unistd.h>
| #endif
| int
| main ()
| {
| if (sizeof ((int64_t)))
| 	    return 0;
|   ;
|   return 0;
| }
configure:5856: result: yes
configure:5865: checking for uint64_t
configure:5865: gcc -c -g -O2 -I/home/mogeb/git/paraver/paraver-sources-4.6.1/paraver-kernel-1.0/api -I/home/mogeb/git/paraver/paraver-sources-4.6.1/paraver-kernel-1.0 conftest.c >&5
configure:5865: $? = 0
configure:5865: gcc -c -g -O2 -I/home/mogeb/git/paraver/paraver-sources-4.6.1/paraver-kernel-1.0/api -I/home/mogeb/git/paraver/paraver-sources-4.6.1/paraver-kernel-1.0 conftest.c >&5
conftest.c: In function 'main':
conftest.c:72:23: error: expected expression before ')' token
 if (sizeof ((uint64_t)))
                       ^
configure:5865: $? = 1
configure: failed program was:
| /* confdefs.h */
| #define PACKAGE_NAME "wxparaver"
| #define PACKAGE_TARNAME "wxparaver"
| #define PACKAGE_VERSION "4.6.1"
| #define PACKAGE_STRING "wxparaver 4.6.1"
| #define PACKAGE_BUGREPORT "tools@bsc.es"
| #define PACKAGE_URL ""
| #define PACKAGE "wxparaver"
| #define VERSION "4.6.1"
| #define HAVE_BOOST /**/
| #define HAVE_BOOST_SERIALIZATION /**/
| #define STDC_HEADERS 1
| #define HAVE_SYS_TYPES_H 1
| #define HAVE_SYS_STAT_H 1
| #define HAVE_STDLIB_H 1
| #define HAVE_STRING_H 1
| #define HAVE_MEMORY_H 1
| #define HAVE_STRINGS_H 1
| #define HAVE_INTTYPES_H 1
| #define HAVE_STDINT_H 1
| #define HAVE_UNISTD_H 1
| #define HAVE__BOOL 1
| #define HAVE_STDBOOL_H 1
| #define HAVE_LONG 1
| #define HAVE_LONG_LONG 1
| #define HAVE_CHAR 1
| #define HAVE_INT 1
| #define HAVE_SHORT_INT 1
| #define SIZEOF_LONG 8
| #define SIZEOF_LONG_LONG 8
| #define SIZEOF_CHAR 1
| #define SIZEOF_INT 4
| #define SIZEOF_SHORT_INT 2
| #define HAVE_INT64_T 1
| /* end confdefs.h.  */
| #include <stdio.h>
| #ifdef HAVE_SYS_TYPES_H
| # include <sys/types.h>
| #endif
| #ifdef HAVE_SYS_STAT_H
| # include <sys/stat.h>
| #endif
| #ifdef STDC_HEADERS
| # include <stdlib.h>
| # include <stddef.h>
| #else
| # ifdef HAVE_STDLIB_H
| #  include <stdlib.h>
| # endif
| #endif
| #ifdef HAVE_STRING_H
| # if !defined STDC_HEADERS && defined HAVE_MEMORY_H
| #  include <memory.h>
| # endif
| # include <string.h>
| #endif
| #ifdef HAVE_STRINGS_H
| # include <strings.h>
| #endif
| #ifdef HAVE_INTTYPES_H
| # include <inttypes.h>
| #endif
| #ifdef HAVE_STDINT_H
| # include <stdint.h>
| #endif
| #ifdef HAVE_UNISTD_H
| # include <unistd.h>
| #endif
| int
| main ()
| {
| if (sizeof ((uint64_t)))
| 	    return 0;
|   ;
|   return 0;
| }
configure:5865: result: yes
configure:5874: checking for int8_t
configure:5874: gcc -c -g -O2 -I/home/mogeb/git/paraver/paraver-sources-4.6.1/paraver-kernel-1.0/api -I/home/mogeb/git/paraver/paraver-sources-4.6.1/paraver-kernel-1.0 conftest.c >&5
configure:5874: $? = 0
configure:5874: gcc -c -g -O2 -I/home/mogeb/git/paraver/paraver-sources-4.6.1/paraver-kernel-1.0/api -I/home/mogeb/git/paraver/paraver-sources-4.6.1/paraver-kernel-1.0 conftest.c >&5
conftest.c: In function 'main':
conftest.c:73:21: error: expected expression before ')' token
 if (sizeof ((int8_t)))
                     ^
configure:5874: $? = 1
configure: failed program was:
| /* confdefs.h */
| #define PACKAGE_NAME "wxparaver"
| #define PACKAGE_TARNAME "wxparaver"
| #define PACKAGE_VERSION "4.6.1"
| #define PACKAGE_STRING "wxparaver 4.6.1"
| #define PACKAGE_BUGREPORT "tools@bsc.es"
| #define PACKAGE_URL ""
| #define PACKAGE "wxparaver"
| #define VERSION "4.6.1"
| #define HAVE_BOOST /**/
| #define HAVE_BOOST_SERIALIZATION /**/
| #define STDC_HEADERS 1
| #define HAVE_SYS_TYPES_H 1
| #define HAVE_SYS_STAT_H 1
| #define HAVE_STDLIB_H 1
| #define HAVE_STRING_H 1
| #define HAVE_MEMORY_H 1
| #define HAVE_STRINGS_H 1
| #define HAVE_INTTYPES_H 1
| #define HAVE_STDINT_H 1
| #define HAVE_UNISTD_H 1
| #define HAVE__BOOL 1
| #define HAVE_STDBOOL_H 1
| #define HAVE_LONG 1
| #define HAVE_LONG_LONG 1
| #define HAVE_CHAR 1
| #define HAVE_INT 1
| #define HAVE_SHORT_INT 1
| #define SIZEOF_LONG 8
| #define SIZEOF_LONG_LONG 8
| #define SIZEOF_CHAR 1
| #define SIZEOF_INT 4
| #define SIZEOF_SHORT_INT 2
| #define HAVE_INT64_T 1
| #define HAVE_UINT64_T 1
| /* end confdefs.h.  */
| #include <stdio.h>
| #ifdef HAVE_SYS_TYPES_H
| # include <sys/types.h>
| #endif
| #ifdef HAVE_SYS_STAT_H
| # include <sys/stat.h>
| #endif
| #ifdef STDC_HEADERS
| # include <stdlib.h>
| # include <stddef.h>
| #else
| # ifdef HAVE_STDLIB_H
| #  include <stdlib.h>
| # endif
| #endif
| #ifdef HAVE_STRING_H
| # if !defined STDC_HEADERS && defined HAVE_MEMORY_H
| #  include <memory.h>
| # endif
| # include <string.h>
| #endif
| #ifdef HAVE_STRINGS_H
| # include <strings.h>
| #endif
| #ifdef HAVE_INTTYPES_H
| # include <inttypes.h>
| #endif
| #ifdef HAVE_STDINT_H
| # include <stdint.h>
| #endif
| #ifdef HAVE_UNISTD_H
| # include <unistd.h>
| #endif
| int
| main ()
| {
| if (sizeof ((int8_t)))
| 	    return 0;
|   ;
|   return 0;
| }
configure:5874: result: yes
configure:5883: checking for uint8_t
configure:5883: gcc -c -g -O2 -I/home/mogeb/git/paraver/paraver-sources-4.6.1/paraver-kernel-1.0/api -I/home/mogeb/git/paraver/paraver-sources-4.6.1/paraver-kernel-1.0 conftest.c >&5
configure:5883: $? = 0
configure:5883: gcc -c -g -O2 -I/home/mogeb/git/paraver/paraver-sources-4.6.1/paraver-kernel-1.0/api -I/home/mogeb/git/paraver/paraver-sources-4.6.1/paraver-kernel-1.0 conftest.c >&5
conftest.c: In function 'main':
conftest.c:74:22: error: expected expression before ')' token
 if (sizeof ((uint8_t)))
                      ^
configure:5883: $? = 1
configure: failed program was:
| /* confdefs.h */
| #define PACKAGE_NAME "wxparaver"
| #define PACKAGE_TARNAME "wxparaver"
| #define PACKAGE_VERSION "4.6.1"
| #define PACKAGE_STRING "wxparaver 4.6.1"
| #define PACKAGE_BUGREPORT "tools@bsc.es"
| #define PACKAGE_URL ""
| #define PACKAGE "wxparaver"
| #define VERSION "4.6.1"
| #define HAVE_BOOST /**/
| #define HAVE_BOOST_SERIALIZATION /**/
| #define STDC_HEADERS 1
| #define HAVE_SYS_TYPES_H 1
| #define HAVE_SYS_STAT_H 1
| #define HAVE_STDLIB_H 1
| #define HAVE_STRING_H 1
| #define HAVE_MEMORY_H 1
| #define HAVE_STRINGS_H 1
| #define HAVE_INTTYPES_H 1
| #define HAVE_STDINT_H 1
| #define HAVE_UNISTD_H 1
| #define HAVE__BOOL 1
| #define HAVE_STDBOOL_H 1
| #define HAVE_LONG 1
| #define HAVE_LONG_LONG 1
| #define HAVE_CHAR 1
| #define HAVE_INT 1
| #define HAVE_SHORT_INT 1
| #define SIZEOF_LONG 8
| #define SIZEOF_LONG_LONG 8
| #define SIZEOF_CHAR 1
| #define SIZEOF_INT 4
| #define SIZEOF_SHORT_INT 2
| #define HAVE_INT64_T 1
| #define HAVE_UINT64_T 1
| #define HAVE_INT8_T 1
| /* end confdefs.h.  */
| #include <stdio.h>
| #ifdef HAVE_SYS_TYPES_H
| # include <sys/types.h>
| #endif
| #ifdef HAVE_SYS_STAT_H
| # include <sys/stat.h>
| #endif
| #ifdef STDC_HEADERS
| # include <stdlib.h>
| # include <stddef.h>
| #else
| # ifdef HAVE_STDLIB_H
| #  include <stdlib.h>
| # endif
| #endif
| #ifdef HAVE_STRING_H
| # if !defined STDC_HEADERS && defined HAVE_MEMORY_H
| #  include <memory.h>
| # endif
| # include <string.h>
| #endif
| #ifdef HAVE_STRINGS_H
| # include <strings.h>
| #endif
| #ifdef HAVE_INTTYPES_H
| # include <inttypes.h>
| #endif
| #ifdef HAVE_STDINT_H
| # include <stdint.h>
| #endif
| #ifdef HAVE_UNISTD_H
| # include <unistd.h>
| #endif
| int
| main ()
| {
| if (sizeof ((uint8_t)))
| 	    return 0;
|   ;
|   return 0;
| }
configure:5883: result: yes
configure:5892: checking for int32_t
configure:5892: gcc -c -g -O2 -I/home/mogeb/git/paraver/paraver-sources-4.6.1/paraver-kernel-1.0/api -I/home/mogeb/git/paraver/paraver-sources-4.6.1/paraver-kernel-1.0 conftest.c >&5
configure:5892: $? = 0
configure:5892: gcc -c -g -O2 -I/home/mogeb/git/paraver/paraver-sources-4.6.1/paraver-kernel-1.0/api -I/home/mogeb/git/paraver/paraver-sources-4.6.1/paraver-kernel-1.0 conftest.c >&5
conftest.c: In function 'main':
conftest.c:75:22: error: expected expression before ')' token
 if (sizeof ((int32_t)))
                      ^
configure:5892: $? = 1
configure: failed program was:
| /* confdefs.h */
| #define PACKAGE_NAME "wxparaver"
| #define PACKAGE_TARNAME "wxparaver"
| #define PACKAGE_VERSION "4.6.1"
| #define PACKAGE_STRING "wxparaver 4.6.1"
| #define PACKAGE_BUGREPORT "tools@bsc.es"
| #define PACKAGE_URL ""
| #define PACKAGE "wxparaver"
| #define VERSION "4.6.1"
| #define HAVE_BOOST /**/
| #define HAVE_BOOST_SERIALIZATION /**/
| #define STDC_HEADERS 1
| #define HAVE_SYS_TYPES_H 1
| #define HAVE_SYS_STAT_H 1
| #define HAVE_STDLIB_H 1
| #define HAVE_STRING_H 1
| #define HAVE_MEMORY_H 1
| #define HAVE_STRINGS_H 1
| #define HAVE_INTTYPES_H 1
| #define HAVE_STDINT_H 1
| #define HAVE_UNISTD_H 1
| #define HAVE__BOOL 1
| #define HAVE_STDBOOL_H 1
| #define HAVE_LONG 1
| #define HAVE_LONG_LONG 1
| #define HAVE_CHAR 1
| #define HAVE_INT 1
| #define HAVE_SHORT_INT 1
| #define SIZEOF_LONG 8
| #define SIZEOF_LONG_LONG 8
| #define SIZEOF_CHAR 1
| #define SIZEOF_INT 4
| #define SIZEOF_SHORT_INT 2
| #define HAVE_INT64_T 1
| #define HAVE_UINT64_T 1
| #define HAVE_INT8_T 1
| #define HAVE_UINT8_T 1
| /* end confdefs.h.  */
| #include <stdio.h>
| #ifdef HAVE_SYS_TYPES_H
| # include <sys/types.h>
| #endif
| #ifdef HAVE_SYS_STAT_H
| # include <sys/stat.h>
| #endif
| #ifdef STDC_HEADERS
| # include <stdlib.h>
| # include <stddef.h>
| #else
| # ifdef HAVE_STDLIB_H
| #  include <stdlib.h>
| # endif
| #endif
| #ifdef HAVE_STRING_H
| # if !defined STDC_HEADERS && defined HAVE_MEMORY_H
| #  include <memory.h>
| # endif
| # include <string.h>
| #endif
| #ifdef HAVE_STRINGS_H
| # include <strings.h>
| #endif
| #ifdef HAVE_INTTYPES_H
| # include <inttypes.h>
| #endif
| #ifdef HAVE_STDINT_H
| # include <stdint.h>
| #endif
| #ifdef HAVE_UNISTD_H
| # include <unistd.h>
| #endif
| int
| main ()
| {
| if (sizeof ((int32_t)))
| 	    return 0;
|   ;
|   return 0;
| }
configure:5892: result: yes
configure:5901: checking for uint32_t
configure:5901: gcc -c -g -O2 -I/home/mogeb/git/paraver/paraver-sources-4.6.1/paraver-kernel-1.0/api -I/home/mogeb/git/paraver/paraver-sources-4.6.1/paraver-kernel-1.0 conftest.c >&5
configure:5901: $? = 0
configure:5901: gcc -c -g -O2 -I/home/mogeb/git/paraver/paraver-sources-4.6.1/paraver-kernel-1.0/api -I/home/mogeb/git/paraver/paraver-sources-4.6.1/paraver-kernel-1.0 conftest.c >&5
conftest.c: In function 'main':
conftest.c:76:23: error: expected expression before ')' token
 if (sizeof ((uint32_t)))
                       ^
configure:5901: $? = 1
configure: failed program was:
| /* confdefs.h */
| #define PACKAGE_NAME "wxparaver"
| #define PACKAGE_TARNAME "wxparaver"
| #define PACKAGE_VERSION "4.6.1"
| #define PACKAGE_STRING "wxparaver 4.6.1"
| #define PACKAGE_BUGREPORT "tools@bsc.es"
| #define PACKAGE_URL ""
| #define PACKAGE "wxparaver"
| #define VERSION "4.6.1"
| #define HAVE_BOOST /**/
| #define HAVE_BOOST_SERIALIZATION /**/
| #define STDC_HEADERS 1
| #define HAVE_SYS_TYPES_H 1
| #define HAVE_SYS_STAT_H 1
| #define HAVE_STDLIB_H 1
| #define HAVE_STRING_H 1
| #define HAVE_MEMORY_H 1
| #define HAVE_STRINGS_H 1
| #define HAVE_INTTYPES_H 1
| #define HAVE_STDINT_H 1
| #define HAVE_UNISTD_H 1
| #define HAVE__BOOL 1
| #define HAVE_STDBOOL_H 1
| #define HAVE_LONG 1
| #define HAVE_LONG_LONG 1
| #define HAVE_CHAR 1
| #define HAVE_INT 1
| #define HAVE_SHORT_INT 1
| #define SIZEOF_LONG 8
| #define SIZEOF_LONG_LONG 8
| #define SIZEOF_CHAR 1
| #define SIZEOF_INT 4
| #define SIZEOF_SHORT_INT 2
| #define HAVE_INT64_T 1
| #define HAVE_UINT64_T 1
| #define HAVE_INT8_T 1
| #define HAVE_UINT8_T 1
| #define HAVE_INT32_T 1
| /* end confdefs.h.  */
| #include <stdio.h>
| #ifdef HAVE_SYS_TYPES_H
| # include <sys/types.h>
| #endif
| #ifdef HAVE_SYS_STAT_H
| # include <sys/stat.h>
| #endif
| #ifdef STDC_HEADERS
| # include <stdlib.h>
| # include <stddef.h>
| #else
| # ifdef HAVE_STDLIB_H
| #  include <stdlib.h>
| # endif
| #endif
| #ifdef HAVE_STRING_H
| # if !defined STDC_HEADERS && defined HAVE_MEMORY_H
| #  include <memory.h>
| # endif
| # include <string.h>
| #endif
| #ifdef HAVE_STRINGS_H
| # include <strings.h>
| #endif
| #ifdef HAVE_INTTYPES_H
| # include <inttypes.h>
| #endif
| #ifdef HAVE_STDINT_H
| # include <stdint.h>
| #endif
| #ifdef HAVE_UNISTD_H
| # include <unistd.h>
| #endif
| int
| main ()
| {
| if (sizeof ((uint32_t)))
| 	    return 0;
|   ;
|   return 0;
| }
configure:5901: result: yes
configure:5910: checking for int16_t
configure:5910: gcc -c -g -O2 -I/home/mogeb/git/paraver/paraver-sources-4.6.1/paraver-kernel-1.0/api -I/home/mogeb/git/paraver/paraver-sources-4.6.1/paraver-kernel-1.0 conftest.c >&5
configure:5910: $? = 0
configure:5910: gcc -c -g -O2 -I/home/mogeb/git/paraver/paraver-sources-4.6.1/paraver-kernel-1.0/api -I/home/mogeb/git/paraver/paraver-sources-4.6.1/paraver-kernel-1.0 conftest.c >&5
conftest.c: In function 'main':
conftest.c:77:22: error: expected expression before ')' token
 if (sizeof ((int16_t)))
                      ^
configure:5910: $? = 1
configure: failed program was:
| /* confdefs.h */
| #define PACKAGE_NAME "wxparaver"
| #define PACKAGE_TARNAME "wxparaver"
| #define PACKAGE_VERSION "4.6.1"
| #define PACKAGE_STRING "wxparaver 4.6.1"
| #define PACKAGE_BUGREPORT "tools@bsc.es"
| #define PACKAGE_URL ""
| #define PACKAGE "wxparaver"
| #define VERSION "4.6.1"
| #define HAVE_BOOST /**/
| #define HAVE_BOOST_SERIALIZATION /**/
| #define STDC_HEADERS 1
| #define HAVE_SYS_TYPES_H 1
| #define HAVE_SYS_STAT_H 1
| #define HAVE_STDLIB_H 1
| #define HAVE_STRING_H 1
| #define HAVE_MEMORY_H 1
| #define HAVE_STRINGS_H 1
| #define HAVE_INTTYPES_H 1
| #define HAVE_STDINT_H 1
| #define HAVE_UNISTD_H 1
| #define HAVE__BOOL 1
| #define HAVE_STDBOOL_H 1
| #define HAVE_LONG 1
| #define HAVE_LONG_LONG 1
| #define HAVE_CHAR 1
| #define HAVE_INT 1
| #define HAVE_SHORT_INT 1
| #define SIZEOF_LONG 8
| #define SIZEOF_LONG_LONG 8
| #define SIZEOF_CHAR 1
| #define SIZEOF_INT 4
| #define SIZEOF_SHORT_INT 2
| #define HAVE_INT64_T 1
| #define HAVE_UINT64_T 1
| #define HAVE_INT8_T 1
| #define HAVE_UINT8_T 1
| #define HAVE_INT32_T 1
| #define HAVE_UINT32_T 1
| /* end confdefs.h.  */
| #include <stdio.h>
| #ifdef HAVE_SYS_TYPES_H
| # include <sys/types.h>
| #endif
| #ifdef HAVE_SYS_STAT_H
| # include <sys/stat.h>
| #endif
| #ifdef STDC_HEADERS
| # include <stdlib.h>
| # include <stddef.h>
| #else
| # ifdef HAVE_STDLIB_H
| #  include <stdlib.h>
| # endif
| #endif
| #ifdef HAVE_STRING_H
| # if !defined STDC_HEADERS && defined HAVE_MEMORY_H
| #  include <memory.h>
| # endif
| # include <string.h>
| #endif
| #ifdef HAVE_STRINGS_H
| # include <strings.h>
| #endif
| #ifdef HAVE_INTTYPES_H
| # include <inttypes.h>
| #endif
| #ifdef HAVE_STDINT_H
| # include <stdint.h>
| #endif
| #ifdef HAVE_UNISTD_H
| # include <unistd.h>
| #endif
| int
| main ()
| {
| if (sizeof ((int16_t)))
| 	    return 0;
|   ;
|   return 0;
| }
configure:5910: result: yes
configure:5919: checking for uint16_t
configure:5919: gcc -c -g -O2 -I/home/mogeb/git/paraver/paraver-sources-4.6.1/paraver-kernel-1.0/api -I/home/mogeb/git/paraver/paraver-sources-4.6.1/paraver-kernel-1.0 conftest.c >&5
configure:5919: $? = 0
configure:5919: gcc -c -g -O2 -I/home/mogeb/git/paraver/paraver-sources-4.6.1/paraver-kernel-1.0/api -I/home/mogeb/git/paraver/paraver-sources-4.6.1/paraver-kernel-1.0 conftest.c >&5
conftest.c: In function 'main':
conftest.c:78:23: error: expected expression before ')' token
 if (sizeof ((uint16_t)))
                       ^
configure:5919: $? = 1
configure: failed program was:
| /* confdefs.h */
| #define PACKAGE_NAME "wxparaver"
| #define PACKAGE_TARNAME "wxparaver"
| #define PACKAGE_VERSION "4.6.1"
| #define PACKAGE_STRING "wxparaver 4.6.1"
| #define PACKAGE_BUGREPORT "tools@bsc.es"
| #define PACKAGE_URL ""
| #define PACKAGE "wxparaver"
| #define VERSION "4.6.1"
| #define HAVE_BOOST /**/
| #define HAVE_BOOST_SERIALIZATION /**/
| #define STDC_HEADERS 1
| #define HAVE_SYS_TYPES_H 1
| #define HAVE_SYS_STAT_H 1
| #define HAVE_STDLIB_H 1
| #define HAVE_STRING_H 1
| #define HAVE_MEMORY_H 1
| #define HAVE_STRINGS_H 1
| #define HAVE_INTTYPES_H 1
| #define HAVE_STDINT_H 1
| #define HAVE_UNISTD_H 1
| #define HAVE__BOOL 1
| #define HAVE_STDBOOL_H 1
| #define HAVE_LONG 1
| #define HAVE_LONG_LONG 1
| #define HAVE_CHAR 1
| #define HAVE_INT 1
| #define HAVE_SHORT_INT 1
| #define SIZEOF_LONG 8
| #define SIZEOF_LONG_LONG 8
| #define SIZEOF_CHAR 1
| #define SIZEOF_INT 4
| #define SIZEOF_SHORT_INT 2
| #define HAVE_INT64_T 1
| #define HAVE_UINT64_T 1
| #define HAVE_INT8_T 1
| #define HAVE_UINT8_T 1
| #define HAVE_INT32_T 1
| #define HAVE_UINT32_T 1
| #define HAVE_INT16_T 1
| /* end confdefs.h.  */
| #include <stdio.h>
| #ifdef HAVE_SYS_TYPES_H
| # include <sys/types.h>
| #endif
| #ifdef HAVE_SYS_STAT_H
| # include <sys/stat.h>
| #endif
| #ifdef STDC_HEADERS
| # include <stdlib.h>
| # include <stddef.h>
| #else
| # ifdef HAVE_STDLIB_H
| #  include <stdlib.h>
| # endif
| #endif
| #ifdef HAVE_STRING_H
| # if !defined STDC_HEADERS && defined HAVE_MEMORY_H
| #  include <memory.h>
| # endif
| # include <string.h>
| #endif
| #ifdef HAVE_STRINGS_H
| # include <strings.h>
| #endif
| #ifdef HAVE_INTTYPES_H
| # include <inttypes.h>
| #endif
| #ifdef HAVE_STDINT_H
| # include <stdint.h>
| #endif
| #ifdef HAVE_UNISTD_H
| # include <unistd.h>
| #endif
| int
| main ()
| {
| if (sizeof ((uint16_t)))
| 	    return 0;
|   ;
|   return 0;
| }
configure:5919: result: yes
configure:5934: checking for floor
configure:5934: gcc -o conftest -g -O2 -I/home/mogeb/git/paraver/paraver-sources-4.6.1/paraver-kernel-1.0/api -I/home/mogeb/git/paraver/paraver-sources-4.6.1/paraver-kernel-1.0  conftest.c  >&5
conftest.c:66:6: warning: conflicting types for built-in function 'floor'
 char floor ();
      ^
/tmp/ccG5jNDA.o: In function `main':
/home/mogeb/git/paraver/paraver-sources-4.6.1/wxparaver/conftest.c:77: undefined reference to `floor'
collect2: error: ld returned 1 exit status
configure:5934: $? = 1
configure: failed program was:
| /* confdefs.h */
| #define PACKAGE_NAME "wxparaver"
| #define PACKAGE_TARNAME "wxparaver"
| #define PACKAGE_VERSION "4.6.1"
| #define PACKAGE_STRING "wxparaver 4.6.1"
| #define PACKAGE_BUGREPORT "tools@bsc.es"
| #define PACKAGE_URL ""
| #define PACKAGE "wxparaver"
| #define VERSION "4.6.1"
| #define HAVE_BOOST /**/
| #define HAVE_BOOST_SERIALIZATION /**/
| #define STDC_HEADERS 1
| #define HAVE_SYS_TYPES_H 1
| #define HAVE_SYS_STAT_H 1
| #define HAVE_STDLIB_H 1
| #define HAVE_STRING_H 1
| #define HAVE_MEMORY_H 1
| #define HAVE_STRINGS_H 1
| #define HAVE_INTTYPES_H 1
| #define HAVE_STDINT_H 1
| #define HAVE_UNISTD_H 1
| #define HAVE__BOOL 1
| #define HAVE_STDBOOL_H 1
| #define HAVE_LONG 1
| #define HAVE_LONG_LONG 1
| #define HAVE_CHAR 1
| #define HAVE_INT 1
| #define HAVE_SHORT_INT 1
| #define SIZEOF_LONG 8
| #define SIZEOF_LONG_LONG 8
| #define SIZEOF_CHAR 1
| #define SIZEOF_INT 4
| #define SIZEOF_SHORT_INT 2
| #define HAVE_INT64_T 1
| #define HAVE_UINT64_T 1
| #define HAVE_INT8_T 1
| #define HAVE_UINT8_T 1
| #define HAVE_INT32_T 1
| #define HAVE_UINT32_T 1
| #define HAVE_INT16_T 1
| #define HAVE_UINT16_T 1
| /* end confdefs.h.  */
| /* Define floor to an innocuous variant, in case <limits.h> declares floor.
|    For example, HP-UX 11i <limits.h> declares gettimeofday.  */
| #define floor innocuous_floor
| 
| /* System header to define __stub macros and hopefully few prototypes,
|     which can conflict with char floor (); below.
|     Prefer <limits.h> to <assert.h> if __STDC__ is defined, since
|     <limits.h> exists even on freestanding compilers.  */
| 
| #ifdef __STDC__
| # include <limits.h>
| #else
| # include <assert.h>
| #endif
| 
| #undef floor
| 
| /* Override any GCC internal prototype to avoid an error.
|    Use char because int might match the return type of a GCC
|    builtin and then its argument prototype would still apply.  */
| #ifdef __cplusplus
| extern "C"
| #endif
| char floor ();
| /* The GNU C library defines this for functions which it implements
|     to always fail with ENOSYS.  Some functions are actually named
|     something starting with __ and the normal name is an alias.  */
| #if defined __stub_floor || defined __stub___floor
| choke me
| #endif
| 
| int
| main ()
| {
| return floor ();
|   ;
|   return 0;
| }
configure:5934: result: no
configure:5934: checking for rint
configure:5934: gcc -o conftest -g -O2 -I/home/mogeb/git/paraver/paraver-sources-4.6.1/paraver-kernel-1.0/api -I/home/mogeb/git/paraver/paraver-sources-4.6.1/paraver-kernel-1.0  conftest.c  >&5
conftest.c:66:6: warning: conflicting types for built-in function 'rint'
 char rint ();
      ^
/tmp/ccKNeK2C.o: In function `main':
/home/mogeb/git/paraver/paraver-sources-4.6.1/wxparaver/conftest.c:77: undefined reference to `rint'
collect2: error: ld returned 1 exit status
configure:5934: $? = 1
configure: failed program was:
| /* confdefs.h */
| #define PACKAGE_NAME "wxparaver"
| #define PACKAGE_TARNAME "wxparaver"
| #define PACKAGE_VERSION "4.6.1"
| #define PACKAGE_STRING "wxparaver 4.6.1"
| #define PACKAGE_BUGREPORT "tools@bsc.es"
| #define PACKAGE_URL ""
| #define PACKAGE "wxparaver"
| #define VERSION "4.6.1"
| #define HAVE_BOOST /**/
| #define HAVE_BOOST_SERIALIZATION /**/
| #define STDC_HEADERS 1
| #define HAVE_SYS_TYPES_H 1
| #define HAVE_SYS_STAT_H 1
| #define HAVE_STDLIB_H 1
| #define HAVE_STRING_H 1
| #define HAVE_MEMORY_H 1
| #define HAVE_STRINGS_H 1
| #define HAVE_INTTYPES_H 1
| #define HAVE_STDINT_H 1
| #define HAVE_UNISTD_H 1
| #define HAVE__BOOL 1
| #define HAVE_STDBOOL_H 1
| #define HAVE_LONG 1
| #define HAVE_LONG_LONG 1
| #define HAVE_CHAR 1
| #define HAVE_INT 1
| #define HAVE_SHORT_INT 1
| #define SIZEOF_LONG 8
| #define SIZEOF_LONG_LONG 8
| #define SIZEOF_CHAR 1
| #define SIZEOF_INT 4
| #define SIZEOF_SHORT_INT 2
| #define HAVE_INT64_T 1
| #define HAVE_UINT64_T 1
| #define HAVE_INT8_T 1
| #define HAVE_UINT8_T 1
| #define HAVE_INT32_T 1
| #define HAVE_UINT32_T 1
| #define HAVE_INT16_T 1
| #define HAVE_UINT16_T 1
| /* end confdefs.h.  */
| /* Define rint to an innocuous variant, in case <limits.h> declares rint.
|    For example, HP-UX 11i <limits.h> declares gettimeofday.  */
| #define rint innocuous_rint
| 
| /* System header to define __stub macros and hopefully few prototypes,
|     which can conflict with char rint (); below.
|     Prefer <limits.h> to <assert.h> if __STDC__ is defined, since
|     <limits.h> exists even on freestanding compilers.  */
| 
| #ifdef __STDC__
| # include <limits.h>
| #else
| # include <assert.h>
| #endif
| 
| #undef rint
| 
| /* Override any GCC internal prototype to avoid an error.
|    Use char because int might match the return type of a GCC
|    builtin and then its argument prototype would still apply.  */
| #ifdef __cplusplus
| extern "C"
| #endif
| char rint ();
| /* The GNU C library defines this for functions which it implements
|     to always fail with ENOSYS.  Some functions are actually named
|     something starting with __ and the normal name is an alias.  */
| #if defined __stub_rint || defined __stub___rint
| choke me
| #endif
| 
| int
| main ()
| {
| return rint ();
|   ;
|   return 0;
| }
configure:5934: result: no
configure:6170: creating ./config.status

## ---------------------- ##
## Running config.status. ##
## ---------------------- ##

This file was extended by wxparaver config.status 4.6.1, which was
generated by GNU Autoconf 2.68.  Invocation command line was

  CONFIG_FILES    = 
  CONFIG_HEADERS  = 
  CONFIG_LINKS    = 
  CONFIG_COMMANDS = 
  $ ./config.status 

on mogeb4119

config.status:910: creating Makefile
config.status:910: creating config.h
config.status:1091: config.h is unchanged
config.status:1139: executing depfiles commands

## ---------------- ##
## Cache variables. ##
## ---------------- ##

ac_cv_c_compiler_gnu=yes
ac_cv_c_inline=inline
ac_cv_cxx_compiler_gnu=yes
ac_cv_env_CCC_set=
ac_cv_env_CCC_value=
ac_cv_env_CC_set=
ac_cv_env_CC_value=
ac_cv_env_CFLAGS_set=
ac_cv_env_CFLAGS_value=
ac_cv_env_CPPFLAGS_set=set
ac_cv_env_CPPFLAGS_value='-I/home/mogeb/git/paraver/paraver-sources-4.6.1/paraver-kernel-1.0/api -I/home/mogeb/git/paraver/paraver-sources-4.6.1/paraver-kernel-1.0'
ac_cv_env_CPP_set=
ac_cv_env_CPP_value=
ac_cv_env_CXXFLAGS_set=
ac_cv_env_CXXFLAGS_value=
ac_cv_env_CXX_set=
ac_cv_env_CXX_value=
ac_cv_env_LDFLAGS_set=
ac_cv_env_LDFLAGS_value=
ac_cv_env_LIBS_set=
ac_cv_env_LIBS_value=
ac_cv_env_build_alias_set=
ac_cv_env_build_alias_value=
ac_cv_env_host_alias_set=
ac_cv_env_host_alias_value=
ac_cv_env_target_alias_set=
ac_cv_env_target_alias_value=
ac_cv_func_floor=no
ac_cv_func_rint=no
ac_cv_header_inttypes_h=yes
ac_cv_header_memory_h=yes
ac_cv_header_stdbool_h=yes
ac_cv_header_stdc=yes
ac_cv_header_stdint_h=yes
ac_cv_header_stdlib_h=yes
ac_cv_header_string_h=yes
ac_cv_header_strings_h=yes
ac_cv_header_sys_stat_h=yes
ac_cv_header_sys_types_h=yes
ac_cv_header_unistd_h=yes
ac_cv_lib_boost_serialization___exit=yes
ac_cv_objext=o
ac_cv_path_EGREP='/bin/grep -E'
ac_cv_path_GREP=/bin/grep
ac_cv_path_SED=/bin/sed
ac_cv_path_WX_CONFIG_PATH=/usr/bin/wx-config
ac_cv_path_install='/usr/bin/install -c'
ac_cv_path_mkdir=/bin/mkdir
ac_cv_prog_AWK=gawk
ac_cv_prog_CPP='gcc -E'
ac_cv_prog_ac_ct_CC=gcc
ac_cv_prog_ac_ct_CXX=g++
ac_cv_prog_cc_c89=
ac_cv_prog_cc_g=yes
ac_cv_prog_cxx_g=yes
ac_cv_prog_make_make_set=yes
ac_cv_sizeof_char=1
ac_cv_sizeof_int=4
ac_cv_sizeof_long=8
ac_cv_sizeof_long_long=8
ac_cv_sizeof_short_int=2
ac_cv_type__Bool=yes
ac_cv_type_char=yes
ac_cv_type_int16_t=yes
ac_cv_type_int32_t=yes
ac_cv_type_int64_t=yes
ac_cv_type_int8_t=yes
ac_cv_type_int=yes
ac_cv_type_long=yes
ac_cv_type_long_long=yes
ac_cv_type_short_int=yes
ac_cv_type_size_t=yes
ac_cv_type_uint16_t=yes
ac_cv_type_uint32_t=yes
ac_cv_type_uint64_t=yes
ac_cv_type_uint8_t=yes
am_cv_CC_dependencies_compiler_type=gcc3
am_cv_CXX_dependencies_compiler_type=gcc3
ax_cv_boost_serialization=yes

## ----------------- ##
## Output variables. ##
## ----------------- ##

ACLOCAL='${SHELL} /home/mogeb/git/paraver/paraver-sources-4.6.1/wxparaver/missing --run aclocal-1.11'
AMDEPBACKSLASH='\'
AMDEP_FALSE='#'
AMDEP_TRUE=''
AMTAR='$${TAR-tar}'
AUTOCONF='${SHELL} /home/mogeb/git/paraver/paraver-sources-4.6.1/wxparaver/missing --run autoconf'
AUTOHEADER='${SHELL} /home/mogeb/git/paraver/paraver-sources-4.6.1/wxparaver/missing --run autoheader'
AUTOMAKE='${SHELL} /home/mogeb/git/paraver/paraver-sources-4.6.1/wxparaver/missing --run automake-1.11'
AWK='gawk'
BOOST_CPPFLAGS='-I/usr/include'
BOOST_LDFLAGS='-L/usr/lib/x86_64-linux-gnu'
BOOST_SERIALIZATION_LIB='-lboost_serialization'
CC='gcc'
CCDEPMODE='depmode=gcc3'
CFLAGS='-g -O2 -I../../common-files/pcfparser/libtools -pthread'
CPP='gcc -E'
CPPFLAGS='-I./ -I../common-files/ -I../../common-files/pcfparser/libtools -I/usr/local/include -I/home/mogeb/git/paraver/paraver-sources-4.6.1/paraver-kernel-1.0/api -I/home/mogeb/git/paraver/paraver-sources-4.6.1/paraver-kernel-1.0 -I/usr/lib/x86_64-linux-gnu/wx/include/gtk2-unicode-3.0 -I/usr/include/wx-3.0 -D_FILE_OFFSET_BITS=64 -DWXUSINGDLL -D__WXGTK__ -I/usr/include'
CXX='g++'
CXXDEPMODE='depmode=gcc3'
CXXFLAGS='-I./ -I../common-files/ -I../../common-files/pcfparser/libtools -I/usr/local/include -g -O2  -I/usr/include'
CYGPATH_W='echo'
DEFS='-DHAVE_CONFIG_H'
DEPDIR='.deps'
ECHO_C=''
ECHO_N='-n'
ECHO_T=''
EGREP='/bin/grep -E'
EXEEXT=''
GREP='/bin/grep'
INSTALL_DATA='${INSTALL} -m 644'
INSTALL_PROGRAM='${INSTALL}'
INSTALL_SCRIPT='${INSTALL}'
INSTALL_STRIP_PROGRAM='$(install_sh) -c -s'
LDFLAGS=' -L/usr/lib/x86_64-linux-gnu -lboost_serialization -Wl,-rpath -Wl,../lib/paraver-kernel'
LIBOBJS=''
LIBS=' -L/usr/lib/x86_64-linux-gnu -pthread   -lwx_gtk2u_xrc-3.0 -lwx_gtk2u_html-3.0 -lwx_gtk2u_qa-3.0 -lwx_gtk2u_adv-3.0 -lwx_gtk2u_core-3.0 -lwx_baseu_xml-3.0 -lwx_baseu_net-3.0 -lwx_baseu-3.0  -L/usr/local/lib/paraver-kernel'
LTLIBOBJS=''
MAKEINFO='${SHELL} /home/mogeb/git/paraver/paraver-sources-4.6.1/wxparaver/missing --run makeinfo'
MKDIR_P='/bin/mkdir -p'
OBJEXT='o'
PACKAGE='wxparaver'
PACKAGE_BUGREPORT='tools@bsc.es'
PACKAGE_NAME='wxparaver'
PACKAGE_STRING='wxparaver 4.6.1'
PACKAGE_TARNAME='wxparaver'
PACKAGE_URL=''
PACKAGE_VERSION='4.6.1'
PARAVER_DIR='/usr/local'
PATH_SEPARATOR=':'
PROPGRID_LIBS=''
SED='/bin/sed'
SET_MAKE=''
SHELL='/bin/bash'
STRIP=''
VERSION='4.6.1'
WXPROPGRID_NAME='wxcode_gtk2u_propgrid-2.8'
WX_CFLAGS='-I/usr/lib/x86_64-linux-gnu/wx/include/gtk2-unicode-3.0 -I/usr/include/wx-3.0 -D_FILE_OFFSET_BITS=64 -DWXUSINGDLL -D__WXGTK__ -pthread'
WX_CFLAGS_ONLY='-pthread'
WX_CONFIG_PATH='/usr/bin/wx-config'
WX_CPPFLAGS='-I/usr/lib/x86_64-linux-gnu/wx/include/gtk2-unicode-3.0 -I/usr/include/wx-3.0 -D_FILE_OFFSET_BITS=64 -DWXUSINGDLL -D__WXGTK__'
WX_CXXFLAGS='-I/usr/lib/x86_64-linux-gnu/wx/include/gtk2-unicode-3.0 -I/usr/include/wx-3.0 -D_FILE_OFFSET_BITS=64 -DWXUSINGDLL -D__WXGTK__ -pthread'
WX_CXXFLAGS_ONLY=''
WX_LIBS='-L/usr/lib/x86_64-linux-gnu -pthread   -lwx_gtk2u_xrc-3.0 -lwx_gtk2u_html-3.0 -lwx_gtk2u_qa-3.0 -lwx_gtk2u_adv-3.0 -lwx_gtk2u_core-3.0 -lwx_baseu_xml-3.0 -lwx_baseu_net-3.0 -lwx_baseu-3.0 '
WX_LIBS_STATIC=''
WX_RESCOMP=''
WX_VERSION='3.0.2'
ac_ct_CC='gcc'
ac_ct_CXX='g++'
am__EXEEXT_FALSE=''
am__EXEEXT_TRUE='#'
am__fastdepCC_FALSE='#'
am__fastdepCC_TRUE=''
am__fastdepCXX_FALSE='#'
am__fastdepCXX_TRUE=''
am__include='include'
am__isrc=''
am__leading_dot='.'
am__nodep='_no'
am__quote=''
am__tar='$${TAR-tar} chof - "$$tardir"'
am__untar='$${TAR-tar} xf -'
bindir='${exec_prefix}/bin'
build_alias=''
datadir='${datarootdir}'
datarootdir='${prefix}/share'
docdir='${datarootdir}/doc/${PACKAGE_TARNAME}'
dvidir='${docdir}'
exec_prefix='${prefix}'
host_alias=''
htmldir='${docdir}'
includedir='${prefix}/include'
infodir='${datarootdir}/info'
install_sh='${SHELL} /home/mogeb/git/paraver/paraver-sources-4.6.1/wxparaver/install-sh'
libdir='${exec_prefix}/lib'
libexecdir='${exec_prefix}/libexec'
localedir='${datarootdir}/locale'
localstatedir='${prefix}/var'
mandir='${datarootdir}/man'
mkdir_p='/bin/mkdir -p'
oldincludedir='/usr/include'
pdfdir='${docdir}'
prefix='/usr/local'
program_transform_name='s,x,x,'
psdir='${docdir}'
sbindir='${exec_prefix}/sbin'
sharedstatedir='${prefix}/com'
sysconfdir='${prefix}/etc'
target_alias=''

## ----------- ##
## confdefs.h. ##
## ----------- ##

/* confdefs.h */
#define PACKAGE_NAME "wxparaver"
#define PACKAGE_TARNAME "wxparaver"
#define PACKAGE_VERSION "4.6.1"
#define PACKAGE_STRING "wxparaver 4.6.1"
#define PACKAGE_BUGREPORT "tools@bsc.es"
#define PACKAGE_URL ""
#define PACKAGE "wxparaver"
#define VERSION "4.6.1"
#define HAVE_BOOST /**/
#define HAVE_BOOST_SERIALIZATION /**/
#define STDC_HEADERS 1
#define HAVE_SYS_TYPES_H 1
#define HAVE_SYS_STAT_H 1
#define HAVE_STDLIB_H 1
#define HAVE_STRING_H 1
#define HAVE_MEMORY_H 1
#define HAVE_STRINGS_H 1
#define HAVE_INTTYPES_H 1
#define HAVE_STDINT_H 1
#define HAVE_UNISTD_H 1
#define HAVE__BOOL 1
#define HAVE_STDBOOL_H 1
#define HAVE_LONG 1
#define HAVE_LONG_LONG 1
#define HAVE_CHAR 1
#define HAVE_INT 1
#define HAVE_SHORT_INT 1
#define SIZEOF_LONG 8
#define SIZEOF_LONG_LONG 8
#define SIZEOF_CHAR 1
#define SIZEOF_INT 4
#define SIZEOF_SHORT_INT 2
#define HAVE_INT64_T 1
#define HAVE_UINT64_T 1
#define HAVE_INT8_T 1
#define HAVE_UINT8_T 1
#define HAVE_INT32_T 1
#define HAVE_UINT32_T 1
#define HAVE_INT16_T 1
#define HAVE_UINT16_T 1
#define SET_OLD_PCFPARSER 0

configure: exit 0
