This file contains any messages produced by compilers while
running configure, to aid debugging if configure makes a mistake.

It was created by ptools_common_files configure 1.0, which was
generated by GNU Autoconf 2.68.  Invocation command line was

  $ ./configure 

## --------- ##
## Platform. ##
## --------- ##

hostname = mogeb4119
uname -m = x86_64
uname -r = 4.5.0-040500-generic
uname -s = Linux
uname -v = #201603140130 SMP Mon Mar 14 05:32:22 UTC 2016

/usr/bin/uname -p = unknown
/bin/uname -X     = unknown

/bin/arch              = unknown
/usr/bin/arch -k       = unknown
/usr/convex/getsysinfo = unknown
/usr/bin/hostinfo      = unknown
/bin/machine           = unknown
/usr/bin/oslevel       = unknown
/bin/universe          = unknown

PATH: /usr/local/heroku/bin
PATH: /home/mogeb/git/linux/tools/perf
PATH: /home/mogeb/bin
PATH: /usr/local/sbin
PATH: /usr/local/bin
PATH: /usr/sbin
PATH: /usr/bin
PATH: /sbin
PATH: /bin
PATH: /usr/games
PATH: /usr/local/games


## ----------- ##
## Core tests. ##
## ----------- ##

configure:2505: checking for a BSD-compatible install
configure:2573: result: /usr/bin/install -c
configure:2584: checking whether build environment is sane
configure:2634: result: yes
configure:2775: checking for a thread-safe mkdir -p
configure:2814: result: /bin/mkdir -p
configure:2827: checking for gawk
configure:2843: found /usr/bin/gawk
configure:2854: result: gawk
configure:2865: checking whether make sets $(MAKE)
configure:2887: result: yes
configure:2983: checking build system type
configure:2997: result: x86_64-unknown-linux-gnu
configure:3017: checking host system type
configure:3030: result: x86_64-unknown-linux-gnu
configure:3399: checking how to print strings
configure:3426: result: printf
configure:3459: checking for style of include used by make
configure:3487: result: GNU
configure:3558: checking for gcc
configure:3574: found /usr/bin/gcc
configure:3585: result: gcc
configure:3814: checking for C compiler version
configure:3823: gcc --version >&5
gcc (Ubuntu 5.2.1-22ubuntu2) 5.2.1 20151010
Copyright (C) 2015 Free Software Foundation, Inc.
This is free software; see the source for copying conditions.  There is NO
warranty; not even for MERCHANTABILITY or FITNESS FOR A PARTICULAR PURPOSE.

configure:3834: $? = 0
configure:3823: gcc -v >&5
Using built-in specs.
COLLECT_GCC=gcc
COLLECT_LTO_WRAPPER=/usr/lib/gcc/x86_64-linux-gnu/5/lto-wrapper
Target: x86_64-linux-gnu
Configured with: ../src/configure -v --with-pkgversion='Ubuntu 5.2.1-22ubuntu2' --with-bugurl=file:///usr/share/doc/gcc-5/README.Bugs --enable-languages=c,ada,c++,java,go,d,fortran,objc,obj-c++ --prefix=/usr --program-suffix=-5 --enable-shared --enable-linker-build-id --libexecdir=/usr/lib --without-included-gettext --enable-threads=posix --libdir=/usr/lib --enable-nls --with-sysroot=/ --enable-clocale=gnu --enable-libstdcxx-debug --enable-libstdcxx-time=yes --with-default-libstdcxx-abi=new --enable-gnu-unique-object --disable-vtable-verify --enable-libmpx --enable-plugin --with-system-zlib --disable-browser-plugin --enable-java-awt=gtk --enable-gtk-cairo --with-java-home=/usr/lib/jvm/java-1.5.0-gcj-5-amd64/jre --enable-java-home --with-jvm-root-dir=/usr/lib/jvm/java-1.5.0-gcj-5-amd64 --with-jvm-jar-dir=/usr/lib/jvm-exports/java-1.5.0-gcj-5-amd64 --with-arch-directory=amd64 --with-ecj-jar=/usr/share/java/eclipse-ecj.jar --enable-objc-gc --enable-multiarch --disable-werror --with-arch-32=i686 --with-abi=m64 --with-multilib-list=m32,m64,mx32 --enable-multilib --with-tune=generic --enable-checking=release --build=x86_64-linux-gnu --host=x86_64-linux-gnu --target=x86_64-linux-gnu
Thread model: posix
gcc version 5.2.1 20151010 (Ubuntu 5.2.1-22ubuntu2) 
configure:3834: $? = 0
configure:3823: gcc -V >&5
gcc: error: unrecognized command line option '-V'
gcc: fatal error: no input files
compilation terminated.
configure:3834: $? = 1
configure:3823: gcc -qversion >&5
gcc: error: unrecognized command line option '-qversion'
gcc: fatal error: no input files
compilation terminated.
configure:3834: $? = 1
configure:3854: checking whether the C compiler works
configure:3876: gcc    conftest.c  >&5
configure:3880: $? = 0
configure:3928: result: yes
configure:3931: checking for C compiler default output file name
configure:3933: result: a.out
configure:3939: checking for suffix of executables
configure:3946: gcc -o conftest    conftest.c  >&5
configure:3950: $? = 0
configure:3972: result: 
configure:3994: checking whether we are cross compiling
configure:4002: gcc -o conftest    conftest.c  >&5
configure:4006: $? = 0
configure:4013: ./conftest
configure:4017: $? = 0
configure:4032: result: no
configure:4037: checking for suffix of object files
configure:4059: gcc -c   conftest.c >&5
configure:4063: $? = 0
configure:4084: result: o
configure:4088: checking whether we are using the GNU C compiler
configure:4107: gcc -c   conftest.c >&5
configure:4107: $? = 0
configure:4116: result: yes
configure:4125: checking whether gcc accepts -g
configure:4145: gcc -c -g  conftest.c >&5
configure:4145: $? = 0
configure:4186: result: yes
configure:4203: checking for gcc option to accept ISO C89
configure:4267: gcc  -c -g -O2  conftest.c >&5
configure:4267: $? = 0
configure:4280: result: none needed
configure:4302: checking dependency style of gcc
configure:4413: result: gcc3
configure:4428: checking for a sed that does not truncate output
configure:4492: result: /bin/sed
configure:4510: checking for grep that handles long lines and -e
configure:4568: result: /bin/grep
configure:4573: checking for egrep
configure:4635: result: /bin/grep -E
configure:4640: checking for fgrep
configure:4702: result: /bin/grep -F
configure:4737: checking for ld used by gcc
configure:4804: result: /usr/bin/ld
configure:4811: checking if the linker (/usr/bin/ld) is GNU ld
configure:4826: result: yes
configure:4838: checking for BSD- or MS-compatible name lister (nm)
configure:4887: result: /usr/bin/nm -B
configure:5017: checking the name lister (/usr/bin/nm -B) interface
configure:5024: gcc -c -g -O2  conftest.c >&5
configure:5027: /usr/bin/nm -B "conftest.o"
configure:5030: output
0000000000000000 B some_variable
configure:5037: result: BSD nm
configure:5040: checking whether ln -s works
configure:5044: result: yes
configure:5052: checking the maximum length of command line arguments
configure:5182: result: 1572864
configure:5199: checking whether the shell understands some XSI constructs
configure:5209: result: yes
configure:5213: checking whether the shell understands "+="
configure:5219: result: yes
configure:5254: checking how to convert x86_64-unknown-linux-gnu file names to x86_64-unknown-linux-gnu format
configure:5294: result: func_convert_file_noop
configure:5301: checking how to convert x86_64-unknown-linux-gnu file names to toolchain format
configure:5321: result: func_convert_file_noop
configure:5328: checking for /usr/bin/ld option to reload object files
configure:5335: result: -r
configure:5409: checking for objdump
configure:5436: result: objdump
configure:5465: checking how to recognize dependent libraries
configure:5667: result: pass_all
configure:5752: checking for dlltool
configure:5779: result: dlltool
configure:5809: checking how to associate runtime and link libraries
configure:5836: result: printf %s\n
configure:5897: checking for ar
configure:5913: found /usr/bin/ar
configure:5924: result: ar
configure:5961: checking for archiver @FILE support
configure:5978: gcc -c -g -O2  conftest.c >&5
configure:5978: $? = 0
configure:5981: ar cru libconftest.a @conftest.lst >&5
ar: `u' modifier ignored since `D' is the default (see `U')
configure:5984: $? = 0
configure:5989: ar cru libconftest.a @conftest.lst >&5
ar: `u' modifier ignored since `D' is the default (see `U')
ar: conftest.o: No such file or directory
configure:5992: $? = 1
configure:6004: result: @
configure:6062: checking for strip
configure:6078: found /usr/bin/strip
configure:6089: result: strip
configure:6161: checking for ranlib
configure:6177: found /usr/bin/ranlib
configure:6188: result: ranlib
configure:6290: checking command to parse /usr/bin/nm -B output from gcc object
configure:6410: gcc -c -g -O2  conftest.c >&5
configure:6413: $? = 0
configure:6417: /usr/bin/nm -B conftest.o \| sed -n -e 's/^.*[ ]\([ABCDGIRSTW][ABCDGIRSTW]*\)[ ][ ]*\([_A-Za-z][_A-Za-z0-9]*\)$/\1 \2 \2/p' | sed '/ __gnu_lto/d' \> conftest.nm
configure:6420: $? = 0
configure:6486: gcc -o conftest -g -O2   conftest.c conftstm.o >&5
configure:6489: $? = 0
configure:6527: result: ok
configure:6564: checking for sysroot
configure:6594: result: no
configure:6671: gcc -c -g -O2  conftest.c >&5
configure:6674: $? = 0
configure:6850: checking for mt
configure:6866: found /bin/mt
configure:6877: result: mt
configure:6900: checking if mt is a manifest tool
configure:6906: mt '-?'
configure:6914: result: no
configure:7556: checking how to run the C preprocessor
configure:7587: gcc -E  conftest.c
configure:7587: $? = 0
configure:7601: gcc -E  conftest.c
conftest.c:11:28: fatal error: ac_nonexistent.h: No such file or directory
compilation terminated.
configure:7601: $? = 1
configure: failed program was:
| /* confdefs.h */
| #define PACKAGE_NAME "ptools_common_files"
| #define PACKAGE_TARNAME "ptools_common_files"
| #define PACKAGE_VERSION "1.0"
| #define PACKAGE_STRING "ptools_common_files 1.0"
| #define PACKAGE_BUGREPORT "tools@bsc.es"
| #define PACKAGE_URL ""
| #define PACKAGE "ptools_common_files"
| #define VERSION "1.0"
| /* end confdefs.h.  */
| #include <ac_nonexistent.h>
configure:7626: result: gcc -E
configure:7646: gcc -E  conftest.c
configure:7646: $? = 0
configure:7660: gcc -E  conftest.c
conftest.c:11:28: fatal error: ac_nonexistent.h: No such file or directory
compilation terminated.
configure:7660: $? = 1
configure: failed program was:
| /* confdefs.h */
| #define PACKAGE_NAME "ptools_common_files"
| #define PACKAGE_TARNAME "ptools_common_files"
| #define PACKAGE_VERSION "1.0"
| #define PACKAGE_STRING "ptools_common_files 1.0"
| #define PACKAGE_BUGREPORT "tools@bsc.es"
| #define PACKAGE_URL ""
| #define PACKAGE "ptools_common_files"
| #define VERSION "1.0"
| /* end confdefs.h.  */
| #include <ac_nonexistent.h>
configure:7689: checking for ANSI C header files
configure:7709: gcc -c -g -O2  conftest.c >&5
configure:7709: $? = 0
configure:7782: gcc -o conftest -g -O2   conftest.c  >&5
configure:7782: $? = 0
configure:7782: ./conftest
configure:7782: $? = 0
configure:7793: result: yes
configure:7806: checking for sys/types.h
configure:7806: gcc -c -g -O2  conftest.c >&5
configure:7806: $? = 0
configure:7806: result: yes
configure:7806: checking for sys/stat.h
configure:7806: gcc -c -g -O2  conftest.c >&5
configure:7806: $? = 0
configure:7806: result: yes
configure:7806: checking for stdlib.h
configure:7806: gcc -c -g -O2  conftest.c >&5
configure:7806: $? = 0
configure:7806: result: yes
configure:7806: checking for string.h
configure:7806: gcc -c -g -O2  conftest.c >&5
configure:7806: $? = 0
configure:7806: result: yes
configure:7806: checking for memory.h
configure:7806: gcc -c -g -O2  conftest.c >&5
configure:7806: $? = 0
configure:7806: result: yes
configure:7806: checking for strings.h
configure:7806: gcc -c -g -O2  conftest.c >&5
configure:7806: $? = 0
configure:7806: result: yes
configure:7806: checking for inttypes.h
configure:7806: gcc -c -g -O2  conftest.c >&5
configure:7806: $? = 0
configure:7806: result: yes
configure:7806: checking for stdint.h
configure:7806: gcc -c -g -O2  conftest.c >&5
configure:7806: $? = 0
configure:7806: result: yes
configure:7806: checking for unistd.h
configure:7806: gcc -c -g -O2  conftest.c >&5
configure:7806: $? = 0
configure:7806: result: yes
configure:7820: checking for dlfcn.h
configure:7820: gcc -c -g -O2  conftest.c >&5
configure:7820: $? = 0
configure:7820: result: yes
configure:8024: checking for objdir
configure:8039: result: .libs
configure:8310: checking if gcc supports -fno-rtti -fno-exceptions
configure:8328: gcc -c -g -O2  -fno-rtti -fno-exceptions conftest.c >&5
cc1: warning: command line option '-fno-rtti' is valid for C++/ObjC++ but not for C
configure:8332: $? = 0
configure:8345: result: no
configure:8672: checking for gcc option to produce PIC
configure:8679: result: -fPIC -DPIC
configure:8687: checking if gcc PIC flag -fPIC -DPIC works
configure:8705: gcc -c -g -O2  -fPIC -DPIC -DPIC conftest.c >&5
configure:8709: $? = 0
configure:8722: result: yes
configure:8751: checking if gcc static flag -static works
configure:8779: result: yes
configure:8794: checking if gcc supports -c -o file.o
configure:8815: gcc -c -g -O2  -o out/conftest2.o conftest.c >&5
configure:8819: $? = 0
configure:8841: result: yes
configure:8849: checking if gcc supports -c -o file.o
configure:8896: result: yes
configure:8929: checking whether the gcc linker (/usr/bin/ld -m elf_x86_64) supports shared libraries
configure:10086: result: yes
configure:10123: checking whether -lc should be explicitly linked in
configure:10131: gcc -c -g -O2  conftest.c >&5
configure:10134: $? = 0
configure:10149: gcc -shared  -fPIC -DPIC conftest.o  -v -Wl,-soname -Wl,conftest -o conftest 2\>\&1 \| /bin/grep  -lc  \>/dev/null 2\>\&1
configure:10152: $? = 0
configure:10166: result: no
configure:10326: checking dynamic linker characteristics
configure:10837: gcc -o conftest -g -O2   -Wl,-rpath -Wl,/foo conftest.c  >&5
configure:10837: $? = 0
configure:11071: result: GNU/Linux ld.so
configure:11178: checking how to hardcode library paths into programs
configure:11203: result: immediate
configure:11743: checking whether stripping libraries is possible
configure:11748: result: yes
configure:11783: checking if libtool supports shared libraries
configure:11785: result: yes
configure:11788: checking whether to build shared libraries
configure:11809: result: yes
configure:11812: checking whether to build static libraries
configure:11816: result: yes
configure:11967: checking for C compiler version
configure:11976: gcc --version >&5
gcc (Ubuntu 5.2.1-22ubuntu2) 5.2.1 20151010
Copyright (C) 2015 Free Software Foundation, Inc.
This is free software; see the source for copying conditions.  There is NO
warranty; not even for MERCHANTABILITY or FITNESS FOR A PARTICULAR PURPOSE.

configure:11987: $? = 0
configure:11976: gcc -v >&5
Using built-in specs.
COLLECT_GCC=gcc
COLLECT_LTO_WRAPPER=/usr/lib/gcc/x86_64-linux-gnu/5/lto-wrapper
Target: x86_64-linux-gnu
Configured with: ../src/configure -v --with-pkgversion='Ubuntu 5.2.1-22ubuntu2' --with-bugurl=file:///usr/share/doc/gcc-5/README.Bugs --enable-languages=c,ada,c++,java,go,d,fortran,objc,obj-c++ --prefix=/usr --program-suffix=-5 --enable-shared --enable-linker-build-id --libexecdir=/usr/lib --without-included-gettext --enable-threads=posix --libdir=/usr/lib --enable-nls --with-sysroot=/ --enable-clocale=gnu --enable-libstdcxx-debug --enable-libstdcxx-time=yes --with-default-libstdcxx-abi=new --enable-gnu-unique-object --disable-vtable-verify --enable-libmpx --enable-plugin --with-system-zlib --disable-browser-plugin --enable-java-awt=gtk --enable-gtk-cairo --with-java-home=/usr/lib/jvm/java-1.5.0-gcj-5-amd64/jre --enable-java-home --with-jvm-root-dir=/usr/lib/jvm/java-1.5.0-gcj-5-amd64 --with-jvm-jar-dir=/usr/lib/jvm-exports/java-1.5.0-gcj-5-amd64 --with-arch-directory=amd64 --with-ecj-jar=/usr/share/java/eclipse-ecj.jar --enable-objc-gc --enable-multiarch --disable-werror --with-arch-32=i686 --with-abi=m64 --with-multilib-list=m32,m64,mx32 --enable-multilib --with-tune=generic --enable-checking=release --build=x86_64-linux-gnu --host=x86_64-linux-gnu --target=x86_64-linux-gnu
Thread model: posix
gcc version 5.2.1 20151010 (Ubuntu 5.2.1-22ubuntu2) 
configure:11987: $? = 0
configure:11976: gcc -V >&5
gcc: error: unrecognized command line option '-V'
gcc: fatal error: no input files
compilation terminated.
configure:11987: $? = 1
configure:11976: gcc -qversion >&5
gcc: error: unrecognized command line option '-qversion'
gcc: fatal error: no input files
compilation terminated.
configure:11987: $? = 1
configure:11991: checking whether we are using the GNU C compiler
configure:12019: result: yes
configure:12028: checking whether gcc accepts -g
configure:12089: result: yes
configure:12106: checking for gcc option to accept ISO C89
configure:12183: result: none needed
configure:12205: checking dependency style of gcc
configure:12316: result: gcc3
configure:12389: checking for g++
configure:12405: found /usr/bin/g++
configure:12416: result: g++
configure:12443: checking for C++ compiler version
configure:12452: g++ --version >&5
g++ (Ubuntu 5.2.1-22ubuntu2) 5.2.1 20151010
Copyright (C) 2015 Free Software Foundation, Inc.
This is free software; see the source for copying conditions.  There is NO
warranty; not even for MERCHANTABILITY or FITNESS FOR A PARTICULAR PURPOSE.

configure:12463: $? = 0
configure:12452: g++ -v >&5
Using built-in specs.
COLLECT_GCC=g++
COLLECT_LTO_WRAPPER=/usr/lib/gcc/x86_64-linux-gnu/5/lto-wrapper
Target: x86_64-linux-gnu
Configured with: ../src/configure -v --with-pkgversion='Ubuntu 5.2.1-22ubuntu2' --with-bugurl=file:///usr/share/doc/gcc-5/README.Bugs --enable-languages=c,ada,c++,java,go,d,fortran,objc,obj-c++ --prefix=/usr --program-suffix=-5 --enable-shared --enable-linker-build-id --libexecdir=/usr/lib --without-included-gettext --enable-threads=posix --libdir=/usr/lib --enable-nls --with-sysroot=/ --enable-clocale=gnu --enable-libstdcxx-debug --enable-libstdcxx-time=yes --with-default-libstdcxx-abi=new --enable-gnu-unique-object --disable-vtable-verify --enable-libmpx --enable-plugin --with-system-zlib --disable-browser-plugin --enable-java-awt=gtk --enable-gtk-cairo --with-java-home=/usr/lib/jvm/java-1.5.0-gcj-5-amd64/jre --enable-java-home --with-jvm-root-dir=/usr/lib/jvm/java-1.5.0-gcj-5-amd64 --with-jvm-jar-dir=/usr/lib/jvm-exports/java-1.5.0-gcj-5-amd64 --with-arch-directory=amd64 --with-ecj-jar=/usr/share/java/eclipse-ecj.jar --enable-objc-gc --enable-multiarch --disable-werror --with-arch-32=i686 --with-abi=m64 --with-multilib-list=m32,m64,mx32 --enable-multilib --with-tune=generic --enable-checking=release --build=x86_64-linux-gnu --host=x86_64-linux-gnu --target=x86_64-linux-gnu
Thread model: posix
gcc version 5.2.1 20151010 (Ubuntu 5.2.1-22ubuntu2) 
configure:12463: $? = 0
configure:12452: g++ -V >&5
g++: error: unrecognized command line option '-V'
g++: fatal error: no input files
compilation terminated.
configure:12463: $? = 1
configure:12452: g++ -qversion >&5
g++: error: unrecognized command line option '-qversion'
g++: fatal error: no input files
compilation terminated.
configure:12463: $? = 1
configure:12467: checking whether we are using the GNU C++ compiler
configure:12486: g++ -c   conftest.cpp >&5
configure:12486: $? = 0
configure:12495: result: yes
configure:12504: checking whether g++ accepts -g
configure:12524: g++ -c -g  conftest.cpp >&5
configure:12524: $? = 0
configure:12565: result: yes
configure:12590: checking dependency style of g++
configure:12701: result: gcc3
configure:12734: checking how to run the C++ preprocessor
configure:12761: g++ -E  conftest.cpp
configure:12761: $? = 0
configure:12775: g++ -E  conftest.cpp
conftest.cpp:23:28: fatal error: ac_nonexistent.h: No such file or directory
compilation terminated.
configure:12775: $? = 1
configure: failed program was:
| /* confdefs.h */
| #define PACKAGE_NAME "ptools_common_files"
| #define PACKAGE_TARNAME "ptools_common_files"
| #define PACKAGE_VERSION "1.0"
| #define PACKAGE_STRING "ptools_common_files 1.0"
| #define PACKAGE_BUGREPORT "tools@bsc.es"
| #define PACKAGE_URL ""
| #define PACKAGE "ptools_common_files"
| #define VERSION "1.0"
| #define STDC_HEADERS 1
| #define HAVE_SYS_TYPES_H 1
| #define HAVE_SYS_STAT_H 1
| #define HAVE_STDLIB_H 1
| #define HAVE_STRING_H 1
| #define HAVE_MEMORY_H 1
| #define HAVE_STRINGS_H 1
| #define HAVE_INTTYPES_H 1
| #define HAVE_STDINT_H 1
| #define HAVE_UNISTD_H 1
| #define HAVE_DLFCN_H 1
| #define LT_OBJDIR ".libs/"
| /* end confdefs.h.  */
| #include <ac_nonexistent.h>
configure:12800: result: g++ -E
configure:12820: g++ -E  conftest.cpp
configure:12820: $? = 0
configure:12834: g++ -E  conftest.cpp
conftest.cpp:23:28: fatal error: ac_nonexistent.h: No such file or directory
compilation terminated.
configure:12834: $? = 1
configure: failed program was:
| /* confdefs.h */
| #define PACKAGE_NAME "ptools_common_files"
| #define PACKAGE_TARNAME "ptools_common_files"
| #define PACKAGE_VERSION "1.0"
| #define PACKAGE_STRING "ptools_common_files 1.0"
| #define PACKAGE_BUGREPORT "tools@bsc.es"
| #define PACKAGE_URL ""
| #define PACKAGE "ptools_common_files"
| #define VERSION "1.0"
| #define STDC_HEADERS 1
| #define HAVE_SYS_TYPES_H 1
| #define HAVE_SYS_STAT_H 1
| #define HAVE_STDLIB_H 1
| #define HAVE_STRING_H 1
| #define HAVE_MEMORY_H 1
| #define HAVE_STRINGS_H 1
| #define HAVE_INTTYPES_H 1
| #define HAVE_STDINT_H 1
| #define HAVE_UNISTD_H 1
| #define HAVE_DLFCN_H 1
| #define LT_OBJDIR ".libs/"
| /* end confdefs.h.  */
| #include <ac_nonexistent.h>
configure:13003: checking for ld used by g++
configure:13070: result: /usr/bin/ld -m elf_x86_64
configure:13077: checking if the linker (/usr/bin/ld -m elf_x86_64) is GNU ld
configure:13092: result: yes
configure:13147: checking whether the g++ linker (/usr/bin/ld -m elf_x86_64) supports shared libraries
configure:14152: result: yes
configure:14188: g++ -c -g -O2  conftest.cpp >&5
configure:14191: $? = 0
configure:14711: checking for g++ option to produce PIC
configure:14718: result: -fPIC -DPIC
configure:14726: checking if g++ PIC flag -fPIC -DPIC works
configure:14744: g++ -c -g -O2  -fPIC -DPIC -DPIC conftest.cpp >&5
configure:14748: $? = 0
configure:14761: result: yes
configure:14784: checking if g++ static flag -static works
configure:14812: result: yes
configure:14824: checking if g++ supports -c -o file.o
configure:14845: g++ -c -g -O2  -o out/conftest2.o conftest.cpp >&5
configure:14849: $? = 0
configure:14871: result: yes
configure:14876: checking if g++ supports -c -o file.o
configure:14923: result: yes
configure:14953: checking whether the g++ linker (/usr/bin/ld -m elf_x86_64) supports shared libraries
configure:14992: result: yes
configure:15133: checking dynamic linker characteristics
configure:15812: result: GNU/Linux ld.so
configure:15865: checking how to hardcode library paths into programs
configure:15890: result: immediate
configure:15935: checking how to run the C preprocessor
configure:16005: result: gcc -E
configure:16025: gcc -E  conftest.c
configure:16025: $? = 0
configure:16039: gcc -E  conftest.c
conftest.c:23:28: fatal error: ac_nonexistent.h: No such file or directory
compilation terminated.
configure:16039: $? = 1
configure: failed program was:
| /* confdefs.h */
| #define PACKAGE_NAME "ptools_common_files"
| #define PACKAGE_TARNAME "ptools_common_files"
| #define PACKAGE_VERSION "1.0"
| #define PACKAGE_STRING "ptools_common_files 1.0"
| #define PACKAGE_BUGREPORT "tools@bsc.es"
| #define PACKAGE_URL ""
| #define PACKAGE "ptools_common_files"
| #define VERSION "1.0"
| #define STDC_HEADERS 1
| #define HAVE_SYS_TYPES_H 1
| #define HAVE_SYS_STAT_H 1
| #define HAVE_STDLIB_H 1
| #define HAVE_STRING_H 1
| #define HAVE_MEMORY_H 1
| #define HAVE_STRINGS_H 1
| #define HAVE_INTTYPES_H 1
| #define HAVE_STDINT_H 1
| #define HAVE_UNISTD_H 1
| #define HAVE_DLFCN_H 1
| #define LT_OBJDIR ".libs/"
| /* end confdefs.h.  */
| #include <ac_nonexistent.h>
configure:16072: checking how to run the C++ preprocessor
configure:16138: result: g++ -E
configure:16158: g++ -E  conftest.cpp
configure:16158: $? = 0
configure:16172: g++ -E  conftest.cpp
conftest.cpp:23:28: fatal error: ac_nonexistent.h: No such file or directory
compilation terminated.
configure:16172: $? = 1
configure: failed program was:
| /* confdefs.h */
| #define PACKAGE_NAME "ptools_common_files"
| #define PACKAGE_TARNAME "ptools_common_files"
| #define PACKAGE_VERSION "1.0"
| #define PACKAGE_STRING "ptools_common_files 1.0"
| #define PACKAGE_BUGREPORT "tools@bsc.es"
| #define PACKAGE_URL ""
| #define PACKAGE "ptools_common_files"
| #define VERSION "1.0"
| #define STDC_HEADERS 1
| #define HAVE_SYS_TYPES_H 1
| #define HAVE_SYS_STAT_H 1
| #define HAVE_STDLIB_H 1
| #define HAVE_STRING_H 1
| #define HAVE_MEMORY_H 1
| #define HAVE_STRINGS_H 1
| #define HAVE_INTTYPES_H 1
| #define HAVE_STDINT_H 1
| #define HAVE_UNISTD_H 1
| #define HAVE_DLFCN_H 1
| #define LT_OBJDIR ".libs/"
| /* end confdefs.h.  */
| #include <ac_nonexistent.h>
configure:16205: checking for long
configure:16205: gcc -c -g -O2  conftest.c >&5
configure:16205: $? = 0
configure:16205: gcc -c -g -O2  conftest.c >&5
conftest.c: In function 'main':
conftest.c:59:19: error: expected expression before ')' token
 if (sizeof ((long)))
                   ^
configure:16205: $? = 1
configure: failed program was:
| /* confdefs.h */
| #define PACKAGE_NAME "ptools_common_files"
| #define PACKAGE_TARNAME "ptools_common_files"
| #define PACKAGE_VERSION "1.0"
| #define PACKAGE_STRING "ptools_common_files 1.0"
| #define PACKAGE_BUGREPORT "tools@bsc.es"
| #define PACKAGE_URL ""
| #define PACKAGE "ptools_common_files"
| #define VERSION "1.0"
| #define STDC_HEADERS 1
| #define HAVE_SYS_TYPES_H 1
| #define HAVE_SYS_STAT_H 1
| #define HAVE_STDLIB_H 1
| #define HAVE_STRING_H 1
| #define HAVE_MEMORY_H 1
| #define HAVE_STRINGS_H 1
| #define HAVE_INTTYPES_H 1
| #define HAVE_STDINT_H 1
| #define HAVE_UNISTD_H 1
| #define HAVE_DLFCN_H 1
| #define LT_OBJDIR ".libs/"
| /* end confdefs.h.  */
| #include <stdio.h>
| #ifdef HAVE_SYS_TYPES_H
| # include <sys/types.h>
| #endif
| #ifdef HAVE_SYS_STAT_H
| # include <sys/stat.h>
| #endif
| #ifdef STDC_HEADERS
| # include <stdlib.h>
| # include <stddef.h>
| #else
| # ifdef HAVE_STDLIB_H
| #  include <stdlib.h>
| # endif
| #endif
| #ifdef HAVE_STRING_H
| # if !defined STDC_HEADERS && defined HAVE_MEMORY_H
| #  include <memory.h>
| # endif
| # include <string.h>
| #endif
| #ifdef HAVE_STRINGS_H
| # include <strings.h>
| #endif
| #ifdef HAVE_INTTYPES_H
| # include <inttypes.h>
| #endif
| #ifdef HAVE_STDINT_H
| # include <stdint.h>
| #endif
| #ifdef HAVE_UNISTD_H
| # include <unistd.h>
| #endif
| int
| main ()
| {
| if (sizeof ((long)))
| 	    return 0;
|   ;
|   return 0;
| }
configure:16205: result: yes
configure:16214: checking for long long
configure:16214: gcc -c -g -O2  conftest.c >&5
configure:16214: $? = 0
configure:16214: gcc -c -g -O2  conftest.c >&5
conftest.c: In function 'main':
conftest.c:60:24: error: expected expression before ')' token
 if (sizeof ((long long)))
                        ^
configure:16214: $? = 1
configure: failed program was:
| /* confdefs.h */
| #define PACKAGE_NAME "ptools_common_files"
| #define PACKAGE_TARNAME "ptools_common_files"
| #define PACKAGE_VERSION "1.0"
| #define PACKAGE_STRING "ptools_common_files 1.0"
| #define PACKAGE_BUGREPORT "tools@bsc.es"
| #define PACKAGE_URL ""
| #define PACKAGE "ptools_common_files"
| #define VERSION "1.0"
| #define STDC_HEADERS 1
| #define HAVE_SYS_TYPES_H 1
| #define HAVE_SYS_STAT_H 1
| #define HAVE_STDLIB_H 1
| #define HAVE_STRING_H 1
| #define HAVE_MEMORY_H 1
| #define HAVE_STRINGS_H 1
| #define HAVE_INTTYPES_H 1
| #define HAVE_STDINT_H 1
| #define HAVE_UNISTD_H 1
| #define HAVE_DLFCN_H 1
| #define LT_OBJDIR ".libs/"
| #define HAVE_LONG 1
| /* end confdefs.h.  */
| #include <stdio.h>
| #ifdef HAVE_SYS_TYPES_H
| # include <sys/types.h>
| #endif
| #ifdef HAVE_SYS_STAT_H
| # include <sys/stat.h>
| #endif
| #ifdef STDC_HEADERS
| # include <stdlib.h>
| # include <stddef.h>
| #else
| # ifdef HAVE_STDLIB_H
| #  include <stdlib.h>
| # endif
| #endif
| #ifdef HAVE_STRING_H
| # if !defined STDC_HEADERS && defined HAVE_MEMORY_H
| #  include <memory.h>
| # endif
| # include <string.h>
| #endif
| #ifdef HAVE_STRINGS_H
| # include <strings.h>
| #endif
| #ifdef HAVE_INTTYPES_H
| # include <inttypes.h>
| #endif
| #ifdef HAVE_STDINT_H
| # include <stdint.h>
| #endif
| #ifdef HAVE_UNISTD_H
| # include <unistd.h>
| #endif
| int
| main ()
| {
| if (sizeof ((long long)))
| 	    return 0;
|   ;
|   return 0;
| }
configure:16214: result: yes
configure:16223: checking for char
configure:16223: gcc -c -g -O2  conftest.c >&5
configure:16223: $? = 0
configure:16223: gcc -c -g -O2  conftest.c >&5
conftest.c: In function 'main':
conftest.c:61:19: error: expected expression before ')' token
 if (sizeof ((char)))
                   ^
configure:16223: $? = 1
configure: failed program was:
| /* confdefs.h */
| #define PACKAGE_NAME "ptools_common_files"
| #define PACKAGE_TARNAME "ptools_common_files"
| #define PACKAGE_VERSION "1.0"
| #define PACKAGE_STRING "ptools_common_files 1.0"
| #define PACKAGE_BUGREPORT "tools@bsc.es"
| #define PACKAGE_URL ""
| #define PACKAGE "ptools_common_files"
| #define VERSION "1.0"
| #define STDC_HEADERS 1
| #define HAVE_SYS_TYPES_H 1
| #define HAVE_SYS_STAT_H 1
| #define HAVE_STDLIB_H 1
| #define HAVE_STRING_H 1
| #define HAVE_MEMORY_H 1
| #define HAVE_STRINGS_H 1
| #define HAVE_INTTYPES_H 1
| #define HAVE_STDINT_H 1
| #define HAVE_UNISTD_H 1
| #define HAVE_DLFCN_H 1
| #define LT_OBJDIR ".libs/"
| #define HAVE_LONG 1
| #define HAVE_LONG_LONG 1
| /* end confdefs.h.  */
| #include <stdio.h>
| #ifdef HAVE_SYS_TYPES_H
| # include <sys/types.h>
| #endif
| #ifdef HAVE_SYS_STAT_H
| # include <sys/stat.h>
| #endif
| #ifdef STDC_HEADERS
| # include <stdlib.h>
| # include <stddef.h>
| #else
| # ifdef HAVE_STDLIB_H
| #  include <stdlib.h>
| # endif
| #endif
| #ifdef HAVE_STRING_H
| # if !defined STDC_HEADERS && defined HAVE_MEMORY_H
| #  include <memory.h>
| # endif
| # include <string.h>
| #endif
| #ifdef HAVE_STRINGS_H
| # include <strings.h>
| #endif
| #ifdef HAVE_INTTYPES_H
| # include <inttypes.h>
| #endif
| #ifdef HAVE_STDINT_H
| # include <stdint.h>
| #endif
| #ifdef HAVE_UNISTD_H
| # include <unistd.h>
| #endif
| int
| main ()
| {
| if (sizeof ((char)))
| 	    return 0;
|   ;
|   return 0;
| }
configure:16223: result: yes
configure:16232: checking for int
configure:16232: gcc -c -g -O2  conftest.c >&5
configure:16232: $? = 0
configure:16232: gcc -c -g -O2  conftest.c >&5
conftest.c: In function 'main':
conftest.c:62:18: error: expected expression before ')' token
 if (sizeof ((int)))
                  ^
configure:16232: $? = 1
configure: failed program was:
| /* confdefs.h */
| #define PACKAGE_NAME "ptools_common_files"
| #define PACKAGE_TARNAME "ptools_common_files"
| #define PACKAGE_VERSION "1.0"
| #define PACKAGE_STRING "ptools_common_files 1.0"
| #define PACKAGE_BUGREPORT "tools@bsc.es"
| #define PACKAGE_URL ""
| #define PACKAGE "ptools_common_files"
| #define VERSION "1.0"
| #define STDC_HEADERS 1
| #define HAVE_SYS_TYPES_H 1
| #define HAVE_SYS_STAT_H 1
| #define HAVE_STDLIB_H 1
| #define HAVE_STRING_H 1
| #define HAVE_MEMORY_H 1
| #define HAVE_STRINGS_H 1
| #define HAVE_INTTYPES_H 1
| #define HAVE_STDINT_H 1
| #define HAVE_UNISTD_H 1
| #define HAVE_DLFCN_H 1
| #define LT_OBJDIR ".libs/"
| #define HAVE_LONG 1
| #define HAVE_LONG_LONG 1
| #define HAVE_CHAR 1
| /* end confdefs.h.  */
| #include <stdio.h>
| #ifdef HAVE_SYS_TYPES_H
| # include <sys/types.h>
| #endif
| #ifdef HAVE_SYS_STAT_H
| # include <sys/stat.h>
| #endif
| #ifdef STDC_HEADERS
| # include <stdlib.h>
| # include <stddef.h>
| #else
| # ifdef HAVE_STDLIB_H
| #  include <stdlib.h>
| # endif
| #endif
| #ifdef HAVE_STRING_H
| # if !defined STDC_HEADERS && defined HAVE_MEMORY_H
| #  include <memory.h>
| # endif
| # include <string.h>
| #endif
| #ifdef HAVE_STRINGS_H
| # include <strings.h>
| #endif
| #ifdef HAVE_INTTYPES_H
| # include <inttypes.h>
| #endif
| #ifdef HAVE_STDINT_H
| # include <stdint.h>
| #endif
| #ifdef HAVE_UNISTD_H
| # include <unistd.h>
| #endif
| int
| main ()
| {
| if (sizeof ((int)))
| 	    return 0;
|   ;
|   return 0;
| }
configure:16232: result: yes
configure:16241: checking for short int
configure:16241: gcc -c -g -O2  conftest.c >&5
configure:16241: $? = 0
configure:16241: gcc -c -g -O2  conftest.c >&5
conftest.c: In function 'main':
conftest.c:63:24: error: expected expression before ')' token
 if (sizeof ((short int)))
                        ^
configure:16241: $? = 1
configure: failed program was:
| /* confdefs.h */
| #define PACKAGE_NAME "ptools_common_files"
| #define PACKAGE_TARNAME "ptools_common_files"
| #define PACKAGE_VERSION "1.0"
| #define PACKAGE_STRING "ptools_common_files 1.0"
| #define PACKAGE_BUGREPORT "tools@bsc.es"
| #define PACKAGE_URL ""
| #define PACKAGE "ptools_common_files"
| #define VERSION "1.0"
| #define STDC_HEADERS 1
| #define HAVE_SYS_TYPES_H 1
| #define HAVE_SYS_STAT_H 1
| #define HAVE_STDLIB_H 1
| #define HAVE_STRING_H 1
| #define HAVE_MEMORY_H 1
| #define HAVE_STRINGS_H 1
| #define HAVE_INTTYPES_H 1
| #define HAVE_STDINT_H 1
| #define HAVE_UNISTD_H 1
| #define HAVE_DLFCN_H 1
| #define LT_OBJDIR ".libs/"
| #define HAVE_LONG 1
| #define HAVE_LONG_LONG 1
| #define HAVE_CHAR 1
| #define HAVE_INT 1
| /* end confdefs.h.  */
| #include <stdio.h>
| #ifdef HAVE_SYS_TYPES_H
| # include <sys/types.h>
| #endif
| #ifdef HAVE_SYS_STAT_H
| # include <sys/stat.h>
| #endif
| #ifdef STDC_HEADERS
| # include <stdlib.h>
| # include <stddef.h>
| #else
| # ifdef HAVE_STDLIB_H
| #  include <stdlib.h>
| # endif
| #endif
| #ifdef HAVE_STRING_H
| # if !defined STDC_HEADERS && defined HAVE_MEMORY_H
| #  include <memory.h>
| # endif
| # include <string.h>
| #endif
| #ifdef HAVE_STRINGS_H
| # include <strings.h>
| #endif
| #ifdef HAVE_INTTYPES_H
| # include <inttypes.h>
| #endif
| #ifdef HAVE_STDINT_H
| # include <stdint.h>
| #endif
| #ifdef HAVE_UNISTD_H
| # include <unistd.h>
| #endif
| int
| main ()
| {
| if (sizeof ((short int)))
| 	    return 0;
|   ;
|   return 0;
| }
configure:16241: result: yes
configure:16255: checking size of long
configure:16260: gcc -o conftest -g -O2   conftest.c  >&5
configure:16260: $? = 0
configure:16260: ./conftest
configure:16260: $? = 0
configure:16274: result: 8
configure:16288: checking size of long long
configure:16293: gcc -o conftest -g -O2   conftest.c  >&5
configure:16293: $? = 0
configure:16293: ./conftest
configure:16293: $? = 0
configure:16307: result: 8
configure:16321: checking size of char
configure:16326: gcc -o conftest -g -O2   conftest.c  >&5
configure:16326: $? = 0
configure:16326: ./conftest
configure:16326: $? = 0
configure:16340: result: 1
configure:16354: checking size of int
configure:16359: gcc -o conftest -g -O2   conftest.c  >&5
configure:16359: $? = 0
configure:16359: ./conftest
configure:16359: $? = 0
configure:16373: result: 4
configure:16387: checking size of short int
configure:16392: gcc -o conftest -g -O2   conftest.c  >&5
configure:16392: $? = 0
configure:16392: ./conftest
configure:16392: $? = 0
configure:16406: result: 2
configure:16416: checking for int64_t
configure:16416: gcc -c -g -O2  conftest.c >&5
configure:16416: $? = 0
configure:16416: gcc -c -g -O2  conftest.c >&5
conftest.c: In function 'main':
conftest.c:69:22: error: expected expression before ')' token
 if (sizeof ((int64_t)))
                      ^
configure:16416: $? = 1
configure: failed program was:
| /* confdefs.h */
| #define PACKAGE_NAME "ptools_common_files"
| #define PACKAGE_TARNAME "ptools_common_files"
| #define PACKAGE_VERSION "1.0"
| #define PACKAGE_STRING "ptools_common_files 1.0"
| #define PACKAGE_BUGREPORT "tools@bsc.es"
| #define PACKAGE_URL ""
| #define PACKAGE "ptools_common_files"
| #define VERSION "1.0"
| #define STDC_HEADERS 1
| #define HAVE_SYS_TYPES_H 1
| #define HAVE_SYS_STAT_H 1
| #define HAVE_STDLIB_H 1
| #define HAVE_STRING_H 1
| #define HAVE_MEMORY_H 1
| #define HAVE_STRINGS_H 1
| #define HAVE_INTTYPES_H 1
| #define HAVE_STDINT_H 1
| #define HAVE_UNISTD_H 1
| #define HAVE_DLFCN_H 1
| #define LT_OBJDIR ".libs/"
| #define HAVE_LONG 1
| #define HAVE_LONG_LONG 1
| #define HAVE_CHAR 1
| #define HAVE_INT 1
| #define HAVE_SHORT_INT 1
| #define SIZEOF_LONG 8
| #define SIZEOF_LONG_LONG 8
| #define SIZEOF_CHAR 1
| #define SIZEOF_INT 4
| #define SIZEOF_SHORT_INT 2
| /* end confdefs.h.  */
| #include <stdio.h>
| #ifdef HAVE_SYS_TYPES_H
| # include <sys/types.h>
| #endif
| #ifdef HAVE_SYS_STAT_H
| # include <sys/stat.h>
| #endif
| #ifdef STDC_HEADERS
| # include <stdlib.h>
| # include <stddef.h>
| #else
| # ifdef HAVE_STDLIB_H
| #  include <stdlib.h>
| # endif
| #endif
| #ifdef HAVE_STRING_H
| # if !defined STDC_HEADERS && defined HAVE_MEMORY_H
| #  include <memory.h>
| # endif
| # include <string.h>
| #endif
| #ifdef HAVE_STRINGS_H
| # include <strings.h>
| #endif
| #ifdef HAVE_INTTYPES_H
| # include <inttypes.h>
| #endif
| #ifdef HAVE_STDINT_H
| # include <stdint.h>
| #endif
| #ifdef HAVE_UNISTD_H
| # include <unistd.h>
| #endif
| int
| main ()
| {
| if (sizeof ((int64_t)))
| 	    return 0;
|   ;
|   return 0;
| }
configure:16416: result: yes
configure:16425: checking for uint64_t
configure:16425: gcc -c -g -O2  conftest.c >&5
configure:16425: $? = 0
configure:16425: gcc -c -g -O2  conftest.c >&5
conftest.c: In function 'main':
conftest.c:70:23: error: expected expression before ')' token
 if (sizeof ((uint64_t)))
                       ^
configure:16425: $? = 1
configure: failed program was:
| /* confdefs.h */
| #define PACKAGE_NAME "ptools_common_files"
| #define PACKAGE_TARNAME "ptools_common_files"
| #define PACKAGE_VERSION "1.0"
| #define PACKAGE_STRING "ptools_common_files 1.0"
| #define PACKAGE_BUGREPORT "tools@bsc.es"
| #define PACKAGE_URL ""
| #define PACKAGE "ptools_common_files"
| #define VERSION "1.0"
| #define STDC_HEADERS 1
| #define HAVE_SYS_TYPES_H 1
| #define HAVE_SYS_STAT_H 1
| #define HAVE_STDLIB_H 1
| #define HAVE_STRING_H 1
| #define HAVE_MEMORY_H 1
| #define HAVE_STRINGS_H 1
| #define HAVE_INTTYPES_H 1
| #define HAVE_STDINT_H 1
| #define HAVE_UNISTD_H 1
| #define HAVE_DLFCN_H 1
| #define LT_OBJDIR ".libs/"
| #define HAVE_LONG 1
| #define HAVE_LONG_LONG 1
| #define HAVE_CHAR 1
| #define HAVE_INT 1
| #define HAVE_SHORT_INT 1
| #define SIZEOF_LONG 8
| #define SIZEOF_LONG_LONG 8
| #define SIZEOF_CHAR 1
| #define SIZEOF_INT 4
| #define SIZEOF_SHORT_INT 2
| #define HAVE_INT64_T 1
| /* end confdefs.h.  */
| #include <stdio.h>
| #ifdef HAVE_SYS_TYPES_H
| # include <sys/types.h>
| #endif
| #ifdef HAVE_SYS_STAT_H
| # include <sys/stat.h>
| #endif
| #ifdef STDC_HEADERS
| # include <stdlib.h>
| # include <stddef.h>
| #else
| # ifdef HAVE_STDLIB_H
| #  include <stdlib.h>
| # endif
| #endif
| #ifdef HAVE_STRING_H
| # if !defined STDC_HEADERS && defined HAVE_MEMORY_H
| #  include <memory.h>
| # endif
| # include <string.h>
| #endif
| #ifdef HAVE_STRINGS_H
| # include <strings.h>
| #endif
| #ifdef HAVE_INTTYPES_H
| # include <inttypes.h>
| #endif
| #ifdef HAVE_STDINT_H
| # include <stdint.h>
| #endif
| #ifdef HAVE_UNISTD_H
| # include <unistd.h>
| #endif
| int
| main ()
| {
| if (sizeof ((uint64_t)))
| 	    return 0;
|   ;
|   return 0;
| }
configure:16425: result: yes
configure:16434: checking for int8_t
configure:16434: gcc -c -g -O2  conftest.c >&5
configure:16434: $? = 0
configure:16434: gcc -c -g -O2  conftest.c >&5
conftest.c: In function 'main':
conftest.c:71:21: error: expected expression before ')' token
 if (sizeof ((int8_t)))
                     ^
configure:16434: $? = 1
configure: failed program was:
| /* confdefs.h */
| #define PACKAGE_NAME "ptools_common_files"
| #define PACKAGE_TARNAME "ptools_common_files"
| #define PACKAGE_VERSION "1.0"
| #define PACKAGE_STRING "ptools_common_files 1.0"
| #define PACKAGE_BUGREPORT "tools@bsc.es"
| #define PACKAGE_URL ""
| #define PACKAGE "ptools_common_files"
| #define VERSION "1.0"
| #define STDC_HEADERS 1
| #define HAVE_SYS_TYPES_H 1
| #define HAVE_SYS_STAT_H 1
| #define HAVE_STDLIB_H 1
| #define HAVE_STRING_H 1
| #define HAVE_MEMORY_H 1
| #define HAVE_STRINGS_H 1
| #define HAVE_INTTYPES_H 1
| #define HAVE_STDINT_H 1
| #define HAVE_UNISTD_H 1
| #define HAVE_DLFCN_H 1
| #define LT_OBJDIR ".libs/"
| #define HAVE_LONG 1
| #define HAVE_LONG_LONG 1
| #define HAVE_CHAR 1
| #define HAVE_INT 1
| #define HAVE_SHORT_INT 1
| #define SIZEOF_LONG 8
| #define SIZEOF_LONG_LONG 8
| #define SIZEOF_CHAR 1
| #define SIZEOF_INT 4
| #define SIZEOF_SHORT_INT 2
| #define HAVE_INT64_T 1
| #define HAVE_UINT64_T 1
| /* end confdefs.h.  */
| #include <stdio.h>
| #ifdef HAVE_SYS_TYPES_H
| # include <sys/types.h>
| #endif
| #ifdef HAVE_SYS_STAT_H
| # include <sys/stat.h>
| #endif
| #ifdef STDC_HEADERS
| # include <stdlib.h>
| # include <stddef.h>
| #else
| # ifdef HAVE_STDLIB_H
| #  include <stdlib.h>
| # endif
| #endif
| #ifdef HAVE_STRING_H
| # if !defined STDC_HEADERS && defined HAVE_MEMORY_H
| #  include <memory.h>
| # endif
| # include <string.h>
| #endif
| #ifdef HAVE_STRINGS_H
| # include <strings.h>
| #endif
| #ifdef HAVE_INTTYPES_H
| # include <inttypes.h>
| #endif
| #ifdef HAVE_STDINT_H
| # include <stdint.h>
| #endif
| #ifdef HAVE_UNISTD_H
| # include <unistd.h>
| #endif
| int
| main ()
| {
| if (sizeof ((int8_t)))
| 	    return 0;
|   ;
|   return 0;
| }
configure:16434: result: yes
configure:16443: checking for uint8_t
configure:16443: gcc -c -g -O2  conftest.c >&5
configure:16443: $? = 0
configure:16443: gcc -c -g -O2  conftest.c >&5
conftest.c: In function 'main':
conftest.c:72:22: error: expected expression before ')' token
 if (sizeof ((uint8_t)))
                      ^
configure:16443: $? = 1
configure: failed program was:
| /* confdefs.h */
| #define PACKAGE_NAME "ptools_common_files"
| #define PACKAGE_TARNAME "ptools_common_files"
| #define PACKAGE_VERSION "1.0"
| #define PACKAGE_STRING "ptools_common_files 1.0"
| #define PACKAGE_BUGREPORT "tools@bsc.es"
| #define PACKAGE_URL ""
| #define PACKAGE "ptools_common_files"
| #define VERSION "1.0"
| #define STDC_HEADERS 1
| #define HAVE_SYS_TYPES_H 1
| #define HAVE_SYS_STAT_H 1
| #define HAVE_STDLIB_H 1
| #define HAVE_STRING_H 1
| #define HAVE_MEMORY_H 1
| #define HAVE_STRINGS_H 1
| #define HAVE_INTTYPES_H 1
| #define HAVE_STDINT_H 1
| #define HAVE_UNISTD_H 1
| #define HAVE_DLFCN_H 1
| #define LT_OBJDIR ".libs/"
| #define HAVE_LONG 1
| #define HAVE_LONG_LONG 1
| #define HAVE_CHAR 1
| #define HAVE_INT 1
| #define HAVE_SHORT_INT 1
| #define SIZEOF_LONG 8
| #define SIZEOF_LONG_LONG 8
| #define SIZEOF_CHAR 1
| #define SIZEOF_INT 4
| #define SIZEOF_SHORT_INT 2
| #define HAVE_INT64_T 1
| #define HAVE_UINT64_T 1
| #define HAVE_INT8_T 1
| /* end confdefs.h.  */
| #include <stdio.h>
| #ifdef HAVE_SYS_TYPES_H
| # include <sys/types.h>
| #endif
| #ifdef HAVE_SYS_STAT_H
| # include <sys/stat.h>
| #endif
| #ifdef STDC_HEADERS
| # include <stdlib.h>
| # include <stddef.h>
| #else
| # ifdef HAVE_STDLIB_H
| #  include <stdlib.h>
| # endif
| #endif
| #ifdef HAVE_STRING_H
| # if !defined STDC_HEADERS && defined HAVE_MEMORY_H
| #  include <memory.h>
| # endif
| # include <string.h>
| #endif
| #ifdef HAVE_STRINGS_H
| # include <strings.h>
| #endif
| #ifdef HAVE_INTTYPES_H
| # include <inttypes.h>
| #endif
| #ifdef HAVE_STDINT_H
| # include <stdint.h>
| #endif
| #ifdef HAVE_UNISTD_H
| # include <unistd.h>
| #endif
| int
| main ()
| {
| if (sizeof ((uint8_t)))
| 	    return 0;
|   ;
|   return 0;
| }
configure:16443: result: yes
configure:16452: checking for int32_t
configure:16452: gcc -c -g -O2  conftest.c >&5
configure:16452: $? = 0
configure:16452: gcc -c -g -O2  conftest.c >&5
conftest.c: In function 'main':
conftest.c:73:22: error: expected expression before ')' token
 if (sizeof ((int32_t)))
                      ^
configure:16452: $? = 1
configure: failed program was:
| /* confdefs.h */
| #define PACKAGE_NAME "ptools_common_files"
| #define PACKAGE_TARNAME "ptools_common_files"
| #define PACKAGE_VERSION "1.0"
| #define PACKAGE_STRING "ptools_common_files 1.0"
| #define PACKAGE_BUGREPORT "tools@bsc.es"
| #define PACKAGE_URL ""
| #define PACKAGE "ptools_common_files"
| #define VERSION "1.0"
| #define STDC_HEADERS 1
| #define HAVE_SYS_TYPES_H 1
| #define HAVE_SYS_STAT_H 1
| #define HAVE_STDLIB_H 1
| #define HAVE_STRING_H 1
| #define HAVE_MEMORY_H 1
| #define HAVE_STRINGS_H 1
| #define HAVE_INTTYPES_H 1
| #define HAVE_STDINT_H 1
| #define HAVE_UNISTD_H 1
| #define HAVE_DLFCN_H 1
| #define LT_OBJDIR ".libs/"
| #define HAVE_LONG 1
| #define HAVE_LONG_LONG 1
| #define HAVE_CHAR 1
| #define HAVE_INT 1
| #define HAVE_SHORT_INT 1
| #define SIZEOF_LONG 8
| #define SIZEOF_LONG_LONG 8
| #define SIZEOF_CHAR 1
| #define SIZEOF_INT 4
| #define SIZEOF_SHORT_INT 2
| #define HAVE_INT64_T 1
| #define HAVE_UINT64_T 1
| #define HAVE_INT8_T 1
| #define HAVE_UINT8_T 1
| /* end confdefs.h.  */
| #include <stdio.h>
| #ifdef HAVE_SYS_TYPES_H
| # include <sys/types.h>
| #endif
| #ifdef HAVE_SYS_STAT_H
| # include <sys/stat.h>
| #endif
| #ifdef STDC_HEADERS
| # include <stdlib.h>
| # include <stddef.h>
| #else
| # ifdef HAVE_STDLIB_H
| #  include <stdlib.h>
| # endif
| #endif
| #ifdef HAVE_STRING_H
| # if !defined STDC_HEADERS && defined HAVE_MEMORY_H
| #  include <memory.h>
| # endif
| # include <string.h>
| #endif
| #ifdef HAVE_STRINGS_H
| # include <strings.h>
| #endif
| #ifdef HAVE_INTTYPES_H
| # include <inttypes.h>
| #endif
| #ifdef HAVE_STDINT_H
| # include <stdint.h>
| #endif
| #ifdef HAVE_UNISTD_H
| # include <unistd.h>
| #endif
| int
| main ()
| {
| if (sizeof ((int32_t)))
| 	    return 0;
|   ;
|   return 0;
| }
configure:16452: result: yes
configure:16461: checking for uint32_t
configure:16461: gcc -c -g -O2  conftest.c >&5
configure:16461: $? = 0
configure:16461: gcc -c -g -O2  conftest.c >&5
conftest.c: In function 'main':
conftest.c:74:23: error: expected expression before ')' token
 if (sizeof ((uint32_t)))
                       ^
configure:16461: $? = 1
configure: failed program was:
| /* confdefs.h */
| #define PACKAGE_NAME "ptools_common_files"
| #define PACKAGE_TARNAME "ptools_common_files"
| #define PACKAGE_VERSION "1.0"
| #define PACKAGE_STRING "ptools_common_files 1.0"
| #define PACKAGE_BUGREPORT "tools@bsc.es"
| #define PACKAGE_URL ""
| #define PACKAGE "ptools_common_files"
| #define VERSION "1.0"
| #define STDC_HEADERS 1
| #define HAVE_SYS_TYPES_H 1
| #define HAVE_SYS_STAT_H 1
| #define HAVE_STDLIB_H 1
| #define HAVE_STRING_H 1
| #define HAVE_MEMORY_H 1
| #define HAVE_STRINGS_H 1
| #define HAVE_INTTYPES_H 1
| #define HAVE_STDINT_H 1
| #define HAVE_UNISTD_H 1
| #define HAVE_DLFCN_H 1
| #define LT_OBJDIR ".libs/"
| #define HAVE_LONG 1
| #define HAVE_LONG_LONG 1
| #define HAVE_CHAR 1
| #define HAVE_INT 1
| #define HAVE_SHORT_INT 1
| #define SIZEOF_LONG 8
| #define SIZEOF_LONG_LONG 8
| #define SIZEOF_CHAR 1
| #define SIZEOF_INT 4
| #define SIZEOF_SHORT_INT 2
| #define HAVE_INT64_T 1
| #define HAVE_UINT64_T 1
| #define HAVE_INT8_T 1
| #define HAVE_UINT8_T 1
| #define HAVE_INT32_T 1
| /* end confdefs.h.  */
| #include <stdio.h>
| #ifdef HAVE_SYS_TYPES_H
| # include <sys/types.h>
| #endif
| #ifdef HAVE_SYS_STAT_H
| # include <sys/stat.h>
| #endif
| #ifdef STDC_HEADERS
| # include <stdlib.h>
| # include <stddef.h>
| #else
| # ifdef HAVE_STDLIB_H
| #  include <stdlib.h>
| # endif
| #endif
| #ifdef HAVE_STRING_H
| # if !defined STDC_HEADERS && defined HAVE_MEMORY_H
| #  include <memory.h>
| # endif
| # include <string.h>
| #endif
| #ifdef HAVE_STRINGS_H
| # include <strings.h>
| #endif
| #ifdef HAVE_INTTYPES_H
| # include <inttypes.h>
| #endif
| #ifdef HAVE_STDINT_H
| # include <stdint.h>
| #endif
| #ifdef HAVE_UNISTD_H
| # include <unistd.h>
| #endif
| int
| main ()
| {
| if (sizeof ((uint32_t)))
| 	    return 0;
|   ;
|   return 0;
| }
configure:16461: result: yes
configure:16470: checking for int16_t
configure:16470: gcc -c -g -O2  conftest.c >&5
configure:16470: $? = 0
configure:16470: gcc -c -g -O2  conftest.c >&5
conftest.c: In function 'main':
conftest.c:75:22: error: expected expression before ')' token
 if (sizeof ((int16_t)))
                      ^
configure:16470: $? = 1
configure: failed program was:
| /* confdefs.h */
| #define PACKAGE_NAME "ptools_common_files"
| #define PACKAGE_TARNAME "ptools_common_files"
| #define PACKAGE_VERSION "1.0"
| #define PACKAGE_STRING "ptools_common_files 1.0"
| #define PACKAGE_BUGREPORT "tools@bsc.es"
| #define PACKAGE_URL ""
| #define PACKAGE "ptools_common_files"
| #define VERSION "1.0"
| #define STDC_HEADERS 1
| #define HAVE_SYS_TYPES_H 1
| #define HAVE_SYS_STAT_H 1
| #define HAVE_STDLIB_H 1
| #define HAVE_STRING_H 1
| #define HAVE_MEMORY_H 1
| #define HAVE_STRINGS_H 1
| #define HAVE_INTTYPES_H 1
| #define HAVE_STDINT_H 1
| #define HAVE_UNISTD_H 1
| #define HAVE_DLFCN_H 1
| #define LT_OBJDIR ".libs/"
| #define HAVE_LONG 1
| #define HAVE_LONG_LONG 1
| #define HAVE_CHAR 1
| #define HAVE_INT 1
| #define HAVE_SHORT_INT 1
| #define SIZEOF_LONG 8
| #define SIZEOF_LONG_LONG 8
| #define SIZEOF_CHAR 1
| #define SIZEOF_INT 4
| #define SIZEOF_SHORT_INT 2
| #define HAVE_INT64_T 1
| #define HAVE_UINT64_T 1
| #define HAVE_INT8_T 1
| #define HAVE_UINT8_T 1
| #define HAVE_INT32_T 1
| #define HAVE_UINT32_T 1
| /* end confdefs.h.  */
| #include <stdio.h>
| #ifdef HAVE_SYS_TYPES_H
| # include <sys/types.h>
| #endif
| #ifdef HAVE_SYS_STAT_H
| # include <sys/stat.h>
| #endif
| #ifdef STDC_HEADERS
| # include <stdlib.h>
| # include <stddef.h>
| #else
| # ifdef HAVE_STDLIB_H
| #  include <stdlib.h>
| # endif
| #endif
| #ifdef HAVE_STRING_H
| # if !defined STDC_HEADERS && defined HAVE_MEMORY_H
| #  include <memory.h>
| # endif
| # include <string.h>
| #endif
| #ifdef HAVE_STRINGS_H
| # include <strings.h>
| #endif
| #ifdef HAVE_INTTYPES_H
| # include <inttypes.h>
| #endif
| #ifdef HAVE_STDINT_H
| # include <stdint.h>
| #endif
| #ifdef HAVE_UNISTD_H
| # include <unistd.h>
| #endif
| int
| main ()
| {
| if (sizeof ((int16_t)))
| 	    return 0;
|   ;
|   return 0;
| }
configure:16470: result: yes
configure:16479: checking for uint16_t
configure:16479: gcc -c -g -O2  conftest.c >&5
configure:16479: $? = 0
configure:16479: gcc -c -g -O2  conftest.c >&5
conftest.c: In function 'main':
conftest.c:76:23: error: expected expression before ')' token
 if (sizeof ((uint16_t)))
                       ^
configure:16479: $? = 1
configure: failed program was:
| /* confdefs.h */
| #define PACKAGE_NAME "ptools_common_files"
| #define PACKAGE_TARNAME "ptools_common_files"
| #define PACKAGE_VERSION "1.0"
| #define PACKAGE_STRING "ptools_common_files 1.0"
| #define PACKAGE_BUGREPORT "tools@bsc.es"
| #define PACKAGE_URL ""
| #define PACKAGE "ptools_common_files"
| #define VERSION "1.0"
| #define STDC_HEADERS 1
| #define HAVE_SYS_TYPES_H 1
| #define HAVE_SYS_STAT_H 1
| #define HAVE_STDLIB_H 1
| #define HAVE_STRING_H 1
| #define HAVE_MEMORY_H 1
| #define HAVE_STRINGS_H 1
| #define HAVE_INTTYPES_H 1
| #define HAVE_STDINT_H 1
| #define HAVE_UNISTD_H 1
| #define HAVE_DLFCN_H 1
| #define LT_OBJDIR ".libs/"
| #define HAVE_LONG 1
| #define HAVE_LONG_LONG 1
| #define HAVE_CHAR 1
| #define HAVE_INT 1
| #define HAVE_SHORT_INT 1
| #define SIZEOF_LONG 8
| #define SIZEOF_LONG_LONG 8
| #define SIZEOF_CHAR 1
| #define SIZEOF_INT 4
| #define SIZEOF_SHORT_INT 2
| #define HAVE_INT64_T 1
| #define HAVE_UINT64_T 1
| #define HAVE_INT8_T 1
| #define HAVE_UINT8_T 1
| #define HAVE_INT32_T 1
| #define HAVE_UINT32_T 1
| #define HAVE_INT16_T 1
| /* end confdefs.h.  */
| #include <stdio.h>
| #ifdef HAVE_SYS_TYPES_H
| # include <sys/types.h>
| #endif
| #ifdef HAVE_SYS_STAT_H
| # include <sys/stat.h>
| #endif
| #ifdef STDC_HEADERS
| # include <stdlib.h>
| # include <stddef.h>
| #else
| # ifdef HAVE_STDLIB_H
| #  include <stdlib.h>
| # endif
| #endif
| #ifdef HAVE_STRING_H
| # if !defined STDC_HEADERS && defined HAVE_MEMORY_H
| #  include <memory.h>
| # endif
| # include <string.h>
| #endif
| #ifdef HAVE_STRINGS_H
| # include <strings.h>
| #endif
| #ifdef HAVE_INTTYPES_H
| # include <inttypes.h>
| #endif
| #ifdef HAVE_STDINT_H
| # include <stdint.h>
| #endif
| #ifdef HAVE_UNISTD_H
| # include <unistd.h>
| #endif
| int
| main ()
| {
| if (sizeof ((uint16_t)))
| 	    return 0;
|   ;
|   return 0;
| }
configure:16479: result: yes
configure:16639: creating ./config.status

## ---------------------- ##
## Running config.status. ##
## ---------------------- ##

This file was extended by ptools_common_files config.status 1.0, which was
generated by GNU Autoconf 2.68.  Invocation command line was

  CONFIG_FILES    = 
  CONFIG_HEADERS  = 
  CONFIG_LINKS    = 
  CONFIG_COMMANDS = 
  $ ./config.status 

on mogeb4119

config.status:1173: creating Makefile
config.status:1173: creating src/Makefile
config.status:1173: creating include/Makefile
config.status:1173: creating ptools_config.h
config.status:1354: ptools_config.h is unchanged
config.status:1402: executing depfiles commands
config.status:1402: executing libtool commands

## ---------------- ##
## Cache variables. ##
## ---------------- ##

ac_cv_build=x86_64-unknown-linux-gnu
ac_cv_c_compiler_gnu=yes
ac_cv_cxx_compiler_gnu=yes
ac_cv_env_CCC_set=
ac_cv_env_CCC_value=
ac_cv_env_CC_set=
ac_cv_env_CC_value=
ac_cv_env_CFLAGS_set=
ac_cv_env_CFLAGS_value=
ac_cv_env_CPPFLAGS_set=
ac_cv_env_CPPFLAGS_value=
ac_cv_env_CPP_set=
ac_cv_env_CPP_value=
ac_cv_env_CXXCPP_set=
ac_cv_env_CXXCPP_value=
ac_cv_env_CXXFLAGS_set=
ac_cv_env_CXXFLAGS_value=
ac_cv_env_CXX_set=
ac_cv_env_CXX_value=
ac_cv_env_LDFLAGS_set=
ac_cv_env_LDFLAGS_value=
ac_cv_env_LIBS_set=
ac_cv_env_LIBS_value=
ac_cv_env_build_alias_set=
ac_cv_env_build_alias_value=
ac_cv_env_host_alias_set=
ac_cv_env_host_alias_value=
ac_cv_env_target_alias_set=
ac_cv_env_target_alias_value=
ac_cv_header_dlfcn_h=yes
ac_cv_header_inttypes_h=yes
ac_cv_header_memory_h=yes
ac_cv_header_stdc=yes
ac_cv_header_stdint_h=yes
ac_cv_header_stdlib_h=yes
ac_cv_header_string_h=yes
ac_cv_header_strings_h=yes
ac_cv_header_sys_stat_h=yes
ac_cv_header_sys_types_h=yes
ac_cv_header_unistd_h=yes
ac_cv_host=x86_64-unknown-linux-gnu
ac_cv_objext=o
ac_cv_path_EGREP='/bin/grep -E'
ac_cv_path_FGREP='/bin/grep -F'
ac_cv_path_GREP=/bin/grep
ac_cv_path_SED=/bin/sed
ac_cv_path_install='/usr/bin/install -c'
ac_cv_path_mkdir=/bin/mkdir
ac_cv_prog_AWK=gawk
ac_cv_prog_CPP='gcc -E'
ac_cv_prog_CXXCPP='g++ -E'
ac_cv_prog_ac_ct_AR=ar
ac_cv_prog_ac_ct_CC=gcc
ac_cv_prog_ac_ct_CXX=g++
ac_cv_prog_ac_ct_DLLTOOL=dlltool
ac_cv_prog_ac_ct_MANIFEST_TOOL=mt
ac_cv_prog_ac_ct_OBJDUMP=objdump
ac_cv_prog_ac_ct_RANLIB=ranlib
ac_cv_prog_ac_ct_STRIP=strip
ac_cv_prog_cc_c89=
ac_cv_prog_cc_g=yes
ac_cv_prog_cxx_g=yes
ac_cv_prog_make_make_set=yes
ac_cv_sizeof_char=1
ac_cv_sizeof_int=4
ac_cv_sizeof_long=8
ac_cv_sizeof_long_long=8
ac_cv_sizeof_short_int=2
ac_cv_type_char=yes
ac_cv_type_int16_t=yes
ac_cv_type_int32_t=yes
ac_cv_type_int64_t=yes
ac_cv_type_int8_t=yes
ac_cv_type_int=yes
ac_cv_type_long=yes
ac_cv_type_long_long=yes
ac_cv_type_short_int=yes
ac_cv_type_uint16_t=yes
ac_cv_type_uint32_t=yes
ac_cv_type_uint64_t=yes
ac_cv_type_uint8_t=yes
am_cv_CC_dependencies_compiler_type=gcc3
am_cv_CXX_dependencies_compiler_type=gcc3
lt_cv_ar_at_file=@
lt_cv_archive_cmds_need_lc=no
lt_cv_deplibs_check_method=pass_all
lt_cv_file_magic_cmd='$MAGIC_CMD'
lt_cv_file_magic_test_file=
lt_cv_ld_reload_flag=-r
lt_cv_nm_interface='BSD nm'
lt_cv_objdir=.libs
lt_cv_path_LD=/usr/bin/ld
lt_cv_path_LDCXX='/usr/bin/ld -m elf_x86_64'
lt_cv_path_NM='/usr/bin/nm -B'
lt_cv_path_mainfest_tool=no
lt_cv_prog_compiler_c_o=yes
lt_cv_prog_compiler_c_o_CXX=yes
lt_cv_prog_compiler_pic='-fPIC -DPIC'
lt_cv_prog_compiler_pic_CXX='-fPIC -DPIC'
lt_cv_prog_compiler_pic_works=yes
lt_cv_prog_compiler_pic_works_CXX=yes
lt_cv_prog_compiler_rtti_exceptions=no
lt_cv_prog_compiler_static_works=yes
lt_cv_prog_compiler_static_works_CXX=yes
lt_cv_prog_gnu_ld=yes
lt_cv_prog_gnu_ldcxx=yes
lt_cv_sharedlib_from_linklib_cmd='printf %s\n'
lt_cv_shlibpath_overrides_runpath=no
lt_cv_sys_global_symbol_pipe='sed -n -e '\''s/^.*[	 ]\([ABCDGIRSTW][ABCDGIRSTW]*\)[	 ][	 ]*\([_A-Za-z][_A-Za-z0-9]*\)$/\1 \2 \2/p'\'' | sed '\''/ __gnu_lto/d'\'''
lt_cv_sys_global_symbol_to_c_name_address='sed -n -e '\''s/^: \([^ ]*\)[ ]*$/  {\"\1\", (void *) 0},/p'\'' -e '\''s/^[ABCDGIRSTW]* \([^ ]*\) \([^ ]*\)$/  {"\2", (void *) \&\2},/p'\'''
lt_cv_sys_global_symbol_to_c_name_address_lib_prefix='sed -n -e '\''s/^: \([^ ]*\)[ ]*$/  {\"\1\", (void *) 0},/p'\'' -e '\''s/^[ABCDGIRSTW]* \([^ ]*\) \(lib[^ ]*\)$/  {"\2", (void *) \&\2},/p'\'' -e '\''s/^[ABCDGIRSTW]* \([^ ]*\) \([^ ]*\)$/  {"lib\2", (void *) \&\2},/p'\'''
lt_cv_sys_global_symbol_to_cdecl='sed -n -e '\''s/^T .* \(.*\)$/extern int \1();/p'\'' -e '\''s/^[ABCDGIRSTW]* .* \(.*\)$/extern char \1;/p'\'''
lt_cv_sys_max_cmd_len=1572864
lt_cv_to_host_file_cmd=func_convert_file_noop
lt_cv_to_tool_file_cmd=func_convert_file_noop

## ----------------- ##
## Output variables. ##
## ----------------- ##

ACLOCAL='${SHELL} /home/mogeb/git/paraver/paraver-sources-4.6.1/ptools_common_files/missing --run aclocal-1.11'
AMDEPBACKSLASH='\'
AMDEP_FALSE='#'
AMDEP_TRUE=''
AMTAR='$${TAR-tar}'
AR='ar'
AS='as'
AUTOCONF='${SHELL} /home/mogeb/git/paraver/paraver-sources-4.6.1/ptools_common_files/missing --run autoconf'
AUTOHEADER='${SHELL} /home/mogeb/git/paraver/paraver-sources-4.6.1/ptools_common_files/missing --run autoheader'
AUTOMAKE='${SHELL} /home/mogeb/git/paraver/paraver-sources-4.6.1/ptools_common_files/missing --run automake-1.11'
AWK='gawk'
CC='gcc'
CCDEPMODE='depmode=gcc3'
CFLAGS='-g -O2 -Iinclude/ -I../include/'
CPP='gcc -E'
CPPFLAGS=''
CXX='g++'
CXXCPP='g++ -E'
CXXDEPMODE='depmode=gcc3'
CXXFLAGS='-g -O2 -Iinclude/ -I../include/'
CYGPATH_W='echo'
DEFS='-DHAVE_CONFIG_H'
DEPDIR='.deps'
DLLTOOL='dlltool'
DSYMUTIL=''
DUMPBIN=''
ECHO_C=''
ECHO_N='-n'
ECHO_T=''
EGREP='/bin/grep -E'
EXEEXT=''
FGREP='/bin/grep -F'
GREP='/bin/grep'
INSTALL_DATA='${INSTALL} -m 644'
INSTALL_PROGRAM='${INSTALL}'
INSTALL_SCRIPT='${INSTALL}'
INSTALL_STRIP_PROGRAM='$(install_sh) -c -s'
LD='/usr/bin/ld -m elf_x86_64'
LDFLAGS=''
LIBOBJS=''
LIBS=''
LIBTOOL='$(SHELL) $(top_builddir)/libtool'
LIPO=''
LN_S='ln -s'
LTLIBOBJS=''
MAKEINFO='${SHELL} /home/mogeb/git/paraver/paraver-sources-4.6.1/ptools_common_files/missing --run makeinfo'
MANIFEST_TOOL=':'
MKDIR_P='/bin/mkdir -p'
NM='/usr/bin/nm -B'
NMEDIT=''
OBJDUMP='objdump'
OBJEXT='o'
OTOOL64=''
OTOOL=''
PACKAGE='ptools_common_files'
PACKAGE_BUGREPORT='tools@bsc.es'
PACKAGE_NAME='ptools_common_files'
PACKAGE_STRING='ptools_common_files 1.0'
PACKAGE_TARNAME='ptools_common_files'
PACKAGE_URL=''
PACKAGE_VERSION='1.0'
PATH_SEPARATOR=':'
RANLIB='ranlib'
SED='/bin/sed'
SET_MAKE=''
SHELL='/bin/bash'
STRIP='strip'
VERSION='1.0'
ac_ct_AR='ar'
ac_ct_CC='gcc'
ac_ct_CXX='g++'
ac_ct_DUMPBIN=''
am__EXEEXT_FALSE=''
am__EXEEXT_TRUE='#'
am__fastdepCC_FALSE='#'
am__fastdepCC_TRUE=''
am__fastdepCXX_FALSE='#'
am__fastdepCXX_TRUE=''
am__include='include'
am__isrc=''
am__leading_dot='.'
am__nodep='_no'
am__quote=''
am__tar='$${TAR-tar} chof - "$$tardir"'
am__untar='$${TAR-tar} xf -'
bindir='${exec_prefix}/bin'
build='x86_64-unknown-linux-gnu'
build_alias=''
build_cpu='x86_64'
build_os='linux-gnu'
build_vendor='unknown'
datadir='${datarootdir}'
datarootdir='${prefix}/share'
docdir='${datarootdir}/doc/${PACKAGE_TARNAME}'
dvidir='${docdir}'
exec_prefix='${prefix}'
host='x86_64-unknown-linux-gnu'
host_alias=''
host_cpu='x86_64'
host_os='linux-gnu'
host_vendor='unknown'
htmldir='${docdir}'
includedir='${prefix}/include'
infodir='${datarootdir}/info'
install_sh='${SHELL} /home/mogeb/git/paraver/paraver-sources-4.6.1/ptools_common_files/install-sh'
libdir='${exec_prefix}/lib'
libexecdir='${exec_prefix}/libexec'
localedir='${datarootdir}/locale'
localstatedir='${prefix}/var'
mandir='${datarootdir}/man'
mkdir_p='/bin/mkdir -p'
oldincludedir='/usr/include'
pdfdir='${docdir}'
prefix='/usr/local'
program_transform_name='s,x,x,'
psdir='${docdir}'
sbindir='${exec_prefix}/sbin'
sharedstatedir='${prefix}/com'
sysconfdir='${prefix}/etc'
target_alias=''

## ----------- ##
## confdefs.h. ##
## ----------- ##

/* confdefs.h */
#define PACKAGE_NAME "ptools_common_files"
#define PACKAGE_TARNAME "ptools_common_files"
#define PACKAGE_VERSION "1.0"
#define PACKAGE_STRING "ptools_common_files 1.0"
#define PACKAGE_BUGREPORT "tools@bsc.es"
#define PACKAGE_URL ""
#define PACKAGE "ptools_common_files"
#define VERSION "1.0"
#define STDC_HEADERS 1
#define HAVE_SYS_TYPES_H 1
#define HAVE_SYS_STAT_H 1
#define HAVE_STDLIB_H 1
#define HAVE_STRING_H 1
#define HAVE_MEMORY_H 1
#define HAVE_STRINGS_H 1
#define HAVE_INTTYPES_H 1
#define HAVE_STDINT_H 1
#define HAVE_UNISTD_H 1
#define HAVE_DLFCN_H 1
#define LT_OBJDIR ".libs/"
#define HAVE_LONG 1
#define HAVE_LONG_LONG 1
#define HAVE_CHAR 1
#define HAVE_INT 1
#define HAVE_SHORT_INT 1
#define SIZEOF_LONG 8
#define SIZEOF_LONG_LONG 8
#define SIZEOF_CHAR 1
#define SIZEOF_INT 4
#define SIZEOF_SHORT_INT 2
#define HAVE_INT64_T 1
#define HAVE_UINT64_T 1
#define HAVE_INT8_T 1
#define HAVE_UINT8_T 1
#define HAVE_INT32_T 1
#define HAVE_UINT32_T 1
#define HAVE_INT16_T 1
#define HAVE_UINT16_T 1

configure: exit 0
