This file contains any messages produced by compilers while
running configure, to aid debugging if configure makes a mistake.

It was created by paraver-kernel configure 1.0, which was
generated by GNU Autoconf 2.68.  Invocation command line was

  $ ./configure --with-boost-libdir=/usr/lib/x86_64-linux-gnu

## --------- ##
## Platform. ##
## --------- ##

hostname = mogeb4119
uname -m = x86_64
uname -r = 4.5.0-040500-generic
uname -s = Linux
uname -v = #201603140130 SMP Mon Mar 14 05:32:22 UTC 2016

/usr/bin/uname -p = unknown
/bin/uname -X     = unknown

/bin/arch              = unknown
/usr/bin/arch -k       = unknown
/usr/convex/getsysinfo = unknown
/usr/bin/hostinfo      = unknown
/bin/machine           = unknown
/usr/bin/oslevel       = unknown
/bin/universe          = unknown

PATH: /usr/local/heroku/bin
PATH: /home/mogeb/git/linux/tools/perf
PATH: /home/mogeb/bin
PATH: /usr/local/sbin
PATH: /usr/local/bin
PATH: /usr/sbin
PATH: /usr/bin
PATH: /sbin
PATH: /bin
PATH: /usr/games
PATH: /usr/local/games


## ----------- ##
## Core tests. ##
## ----------- ##

configure:2560: checking for a BSD-compatible install
configure:2628: result: /usr/bin/install -c
configure:2639: checking whether build environment is sane
configure:2689: result: yes
configure:2830: checking for a thread-safe mkdir -p
configure:2869: result: /bin/mkdir -p
configure:2882: checking for gawk
configure:2898: found /usr/bin/gawk
configure:2909: result: gawk
configure:2920: checking whether make sets $(MAKE)
configure:2942: result: yes
configure:3041: checking build system type
configure:3055: result: x86_64-unknown-linux-gnu
configure:3075: checking host system type
configure:3088: result: x86_64-unknown-linux-gnu
configure:3457: checking how to print strings
configure:3484: result: printf
configure:3517: checking for style of include used by make
configure:3545: result: GNU
configure:3616: checking for gcc
configure:3632: found /usr/bin/gcc
configure:3643: result: gcc
configure:3872: checking for C compiler version
configure:3881: gcc --version >&5
gcc (Ubuntu 5.2.1-22ubuntu2) 5.2.1 20151010
Copyright (C) 2015 Free Software Foundation, Inc.
This is free software; see the source for copying conditions.  There is NO
warranty; not even for MERCHANTABILITY or FITNESS FOR A PARTICULAR PURPOSE.

configure:3892: $? = 0
configure:3881: gcc -v >&5
Using built-in specs.
COLLECT_GCC=gcc
COLLECT_LTO_WRAPPER=/usr/lib/gcc/x86_64-linux-gnu/5/lto-wrapper
Target: x86_64-linux-gnu
Configured with: ../src/configure -v --with-pkgversion='Ubuntu 5.2.1-22ubuntu2' --with-bugurl=file:///usr/share/doc/gcc-5/README.Bugs --enable-languages=c,ada,c++,java,go,d,fortran,objc,obj-c++ --prefix=/usr --program-suffix=-5 --enable-shared --enable-linker-build-id --libexecdir=/usr/lib --without-included-gettext --enable-threads=posix --libdir=/usr/lib --enable-nls --with-sysroot=/ --enable-clocale=gnu --enable-libstdcxx-debug --enable-libstdcxx-time=yes --with-default-libstdcxx-abi=new --enable-gnu-unique-object --disable-vtable-verify --enable-libmpx --enable-plugin --with-system-zlib --disable-browser-plugin --enable-java-awt=gtk --enable-gtk-cairo --with-java-home=/usr/lib/jvm/java-1.5.0-gcj-5-amd64/jre --enable-java-home --with-jvm-root-dir=/usr/lib/jvm/java-1.5.0-gcj-5-amd64 --with-jvm-jar-dir=/usr/lib/jvm-exports/java-1.5.0-gcj-5-amd64 --with-arch-directory=amd64 --with-ecj-jar=/usr/share/java/eclipse-ecj.jar --enable-objc-gc --enable-multiarch --disable-werror --with-arch-32=i686 --with-abi=m64 --with-multilib-list=m32,m64,mx32 --enable-multilib --with-tune=generic --enable-checking=release --build=x86_64-linux-gnu --host=x86_64-linux-gnu --target=x86_64-linux-gnu
Thread model: posix
gcc version 5.2.1 20151010 (Ubuntu 5.2.1-22ubuntu2) 
configure:3892: $? = 0
configure:3881: gcc -V >&5
gcc: error: unrecognized command line option '-V'
gcc: fatal error: no input files
compilation terminated.
configure:3892: $? = 1
configure:3881: gcc -qversion >&5
gcc: error: unrecognized command line option '-qversion'
gcc: fatal error: no input files
compilation terminated.
configure:3892: $? = 1
configure:3912: checking whether the C compiler works
configure:3934: gcc -O2 -g   conftest.c  >&5
configure:3938: $? = 0
configure:3986: result: yes
configure:3989: checking for C compiler default output file name
configure:3991: result: a.out
configure:3997: checking for suffix of executables
configure:4004: gcc -o conftest -O2 -g   conftest.c  >&5
configure:4008: $? = 0
configure:4030: result: 
configure:4052: checking whether we are cross compiling
configure:4060: gcc -o conftest -O2 -g   conftest.c  >&5
configure:4064: $? = 0
configure:4071: ./conftest
configure:4075: $? = 0
configure:4090: result: no
configure:4095: checking for suffix of object files
configure:4117: gcc -c -O2 -g  conftest.c >&5
configure:4121: $? = 0
configure:4142: result: o
configure:4146: checking whether we are using the GNU C compiler
configure:4165: gcc -c -O2 -g  conftest.c >&5
configure:4165: $? = 0
configure:4174: result: yes
configure:4183: checking whether gcc accepts -g
configure:4203: gcc -c -g  conftest.c >&5
configure:4203: $? = 0
configure:4244: result: yes
configure:4261: checking for gcc option to accept ISO C89
configure:4325: gcc  -c -O2 -g  conftest.c >&5
configure:4325: $? = 0
configure:4338: result: none needed
configure:4360: checking dependency style of gcc
configure:4471: result: gcc3
configure:4486: checking for a sed that does not truncate output
configure:4550: result: /bin/sed
configure:4568: checking for grep that handles long lines and -e
configure:4626: result: /bin/grep
configure:4631: checking for egrep
configure:4693: result: /bin/grep -E
configure:4698: checking for fgrep
configure:4760: result: /bin/grep -F
configure:4795: checking for ld used by gcc
configure:4862: result: /usr/bin/ld
configure:4869: checking if the linker (/usr/bin/ld) is GNU ld
configure:4884: result: yes
configure:4896: checking for BSD- or MS-compatible name lister (nm)
configure:4945: result: /usr/bin/nm -B
configure:5075: checking the name lister (/usr/bin/nm -B) interface
configure:5082: gcc -c -O2 -g  conftest.c >&5
configure:5085: /usr/bin/nm -B "conftest.o"
configure:5088: output
0000000000000000 B some_variable
configure:5095: result: BSD nm
configure:5098: checking whether ln -s works
configure:5102: result: yes
configure:5110: checking the maximum length of command line arguments
configure:5240: result: 1572864
configure:5257: checking whether the shell understands some XSI constructs
configure:5267: result: yes
configure:5271: checking whether the shell understands "+="
configure:5277: result: yes
configure:5312: checking how to convert x86_64-unknown-linux-gnu file names to x86_64-unknown-linux-gnu format
configure:5352: result: func_convert_file_noop
configure:5359: checking how to convert x86_64-unknown-linux-gnu file names to toolchain format
configure:5379: result: func_convert_file_noop
configure:5386: checking for /usr/bin/ld option to reload object files
configure:5393: result: -r
configure:5467: checking for objdump
configure:5494: result: objdump
configure:5523: checking how to recognize dependent libraries
configure:5725: result: pass_all
configure:5810: checking for dlltool
configure:5837: result: dlltool
configure:5867: checking how to associate runtime and link libraries
configure:5894: result: printf %s\n
configure:5955: checking for ar
configure:5971: found /usr/bin/ar
configure:5982: result: ar
configure:6019: checking for archiver @FILE support
configure:6036: gcc -c -O2 -g  conftest.c >&5
configure:6036: $? = 0
configure:6039: ar cru libconftest.a @conftest.lst >&5
ar: `u' modifier ignored since `D' is the default (see `U')
configure:6042: $? = 0
configure:6047: ar cru libconftest.a @conftest.lst >&5
ar: `u' modifier ignored since `D' is the default (see `U')
ar: conftest.o: No such file or directory
configure:6050: $? = 1
configure:6062: result: @
configure:6120: checking for strip
configure:6136: found /usr/bin/strip
configure:6147: result: strip
configure:6219: checking for ranlib
configure:6235: found /usr/bin/ranlib
configure:6246: result: ranlib
configure:6348: checking command to parse /usr/bin/nm -B output from gcc object
configure:6468: gcc -c -O2 -g  conftest.c >&5
configure:6471: $? = 0
configure:6475: /usr/bin/nm -B conftest.o \| sed -n -e 's/^.*[ ]\([ABCDGIRSTW][ABCDGIRSTW]*\)[ ][ ]*\([_A-Za-z][_A-Za-z0-9]*\)$/\1 \2 \2/p' | sed '/ __gnu_lto/d' \> conftest.nm
configure:6478: $? = 0
configure:6544: gcc -o conftest -O2 -g   conftest.c conftstm.o >&5
configure:6547: $? = 0
configure:6585: result: ok
configure:6622: checking for sysroot
configure:6652: result: no
configure:6729: gcc -c -O2 -g  conftest.c >&5
configure:6732: $? = 0
configure:6908: checking for mt
configure:6924: found /bin/mt
configure:6935: result: mt
configure:6958: checking if mt is a manifest tool
configure:6964: mt '-?'
configure:6972: result: no
configure:7614: checking how to run the C preprocessor
configure:7645: gcc -E  conftest.c
configure:7645: $? = 0
configure:7659: gcc -E  conftest.c
conftest.c:11:28: fatal error: ac_nonexistent.h: No such file or directory
compilation terminated.
configure:7659: $? = 1
configure: failed program was:
| /* confdefs.h */
| #define PACKAGE_NAME "paraver-kernel"
| #define PACKAGE_TARNAME "paraver-kernel"
| #define PACKAGE_VERSION "1.0"
| #define PACKAGE_STRING "paraver-kernel 1.0"
| #define PACKAGE_BUGREPORT "tools@bsc.es"
| #define PACKAGE_URL ""
| #define PACKAGE "paraver-kernel"
| #define VERSION "1.0"
| /* end confdefs.h.  */
| #include <ac_nonexistent.h>
configure:7684: result: gcc -E
configure:7704: gcc -E  conftest.c
configure:7704: $? = 0
configure:7718: gcc -E  conftest.c
conftest.c:11:28: fatal error: ac_nonexistent.h: No such file or directory
compilation terminated.
configure:7718: $? = 1
configure: failed program was:
| /* confdefs.h */
| #define PACKAGE_NAME "paraver-kernel"
| #define PACKAGE_TARNAME "paraver-kernel"
| #define PACKAGE_VERSION "1.0"
| #define PACKAGE_STRING "paraver-kernel 1.0"
| #define PACKAGE_BUGREPORT "tools@bsc.es"
| #define PACKAGE_URL ""
| #define PACKAGE "paraver-kernel"
| #define VERSION "1.0"
| /* end confdefs.h.  */
| #include <ac_nonexistent.h>
configure:7747: checking for ANSI C header files
configure:7767: gcc -c -O2 -g  conftest.c >&5
configure:7767: $? = 0
configure:7840: gcc -o conftest -O2 -g   conftest.c  >&5
configure:7840: $? = 0
configure:7840: ./conftest
configure:7840: $? = 0
configure:7851: result: yes
configure:7864: checking for sys/types.h
configure:7864: gcc -c -O2 -g  conftest.c >&5
configure:7864: $? = 0
configure:7864: result: yes
configure:7864: checking for sys/stat.h
configure:7864: gcc -c -O2 -g  conftest.c >&5
configure:7864: $? = 0
configure:7864: result: yes
configure:7864: checking for stdlib.h
configure:7864: gcc -c -O2 -g  conftest.c >&5
configure:7864: $? = 0
configure:7864: result: yes
configure:7864: checking for string.h
configure:7864: gcc -c -O2 -g  conftest.c >&5
configure:7864: $? = 0
configure:7864: result: yes
configure:7864: checking for memory.h
configure:7864: gcc -c -O2 -g  conftest.c >&5
configure:7864: $? = 0
configure:7864: result: yes
configure:7864: checking for strings.h
configure:7864: gcc -c -O2 -g  conftest.c >&5
configure:7864: $? = 0
configure:7864: result: yes
configure:7864: checking for inttypes.h
configure:7864: gcc -c -O2 -g  conftest.c >&5
configure:7864: $? = 0
configure:7864: result: yes
configure:7864: checking for stdint.h
configure:7864: gcc -c -O2 -g  conftest.c >&5
configure:7864: $? = 0
configure:7864: result: yes
configure:7864: checking for unistd.h
configure:7864: gcc -c -O2 -g  conftest.c >&5
configure:7864: $? = 0
configure:7864: result: yes
configure:7878: checking for dlfcn.h
configure:7878: gcc -c -O2 -g  conftest.c >&5
configure:7878: $? = 0
configure:7878: result: yes
configure:8082: checking for objdir
configure:8097: result: .libs
configure:8364: checking if gcc supports -fno-rtti -fno-exceptions
configure:8382: gcc -c -O2 -g  -fno-rtti -fno-exceptions conftest.c >&5
cc1: warning: command line option '-fno-rtti' is valid for C++/ObjC++ but not for C
configure:8386: $? = 0
configure:8399: result: no
configure:8726: checking for gcc option to produce PIC
configure:8733: result: -fPIC -DPIC
configure:8741: checking if gcc PIC flag -fPIC -DPIC works
configure:8759: gcc -c -O2 -g  -fPIC -DPIC -DPIC conftest.c >&5
configure:8763: $? = 0
configure:8776: result: yes
configure:8805: checking if gcc static flag -static works
configure:8833: result: yes
configure:8848: checking if gcc supports -c -o file.o
configure:8869: gcc -c -O2 -g  -o out/conftest2.o conftest.c >&5
configure:8873: $? = 0
configure:8895: result: yes
configure:8903: checking if gcc supports -c -o file.o
configure:8950: result: yes
configure:8983: checking whether the gcc linker (/usr/bin/ld -m elf_x86_64) supports shared libraries
configure:10140: result: yes
configure:10177: checking whether -lc should be explicitly linked in
configure:10185: gcc -c -O2 -g  conftest.c >&5
configure:10188: $? = 0
configure:10203: gcc -shared  -fPIC -DPIC conftest.o  -v -Wl,-soname -Wl,conftest -o conftest 2\>\&1 \| /bin/grep  -lc  \>/dev/null 2\>\&1
configure:10206: $? = 0
configure:10220: result: no
configure:10380: checking dynamic linker characteristics
configure:10891: gcc -o conftest -O2 -g   -Wl,-rpath -Wl,/foo conftest.c  >&5
configure:10891: $? = 0
configure:11125: result: GNU/Linux ld.so
configure:11232: checking how to hardcode library paths into programs
configure:11257: result: immediate
configure:11797: checking whether stripping libraries is possible
configure:11802: result: yes
configure:11837: checking if libtool supports shared libraries
configure:11839: result: yes
configure:11842: checking whether to build shared libraries
configure:11863: result: yes
configure:11866: checking whether to build static libraries
configure:11870: result: yes
configure:11948: checking for xml2-config
configure:11966: found /usr/bin/xml2-config
configure:11979: result: /usr/bin/xml2-config
configure:11988: checking for libxml - version >= 2.0.0
configure:12090: gcc -o conftest -O2 -g  -I/usr/include/libxml2  conftest.c -lxml2  >&5
conftest.c: In function 'main':
conftest.c:36:3: warning: ignoring return value of 'system', declared with attribute warn_unused_result [-Wunused-result]
   system("touch conf.xmltest");
   ^
configure:12090: $? = 0
configure:12090: ./conftest
configure:12090: $? = 0
configure:12105: result: yes (version 2.9.2)
configure:12307: checking for C compiler version
configure:12316: gcc --version >&5
gcc (Ubuntu 5.2.1-22ubuntu2) 5.2.1 20151010
Copyright (C) 2015 Free Software Foundation, Inc.
This is free software; see the source for copying conditions.  There is NO
warranty; not even for MERCHANTABILITY or FITNESS FOR A PARTICULAR PURPOSE.

configure:12327: $? = 0
configure:12316: gcc -v >&5
Using built-in specs.
COLLECT_GCC=gcc
COLLECT_LTO_WRAPPER=/usr/lib/gcc/x86_64-linux-gnu/5/lto-wrapper
Target: x86_64-linux-gnu
Configured with: ../src/configure -v --with-pkgversion='Ubuntu 5.2.1-22ubuntu2' --with-bugurl=file:///usr/share/doc/gcc-5/README.Bugs --enable-languages=c,ada,c++,java,go,d,fortran,objc,obj-c++ --prefix=/usr --program-suffix=-5 --enable-shared --enable-linker-build-id --libexecdir=/usr/lib --without-included-gettext --enable-threads=posix --libdir=/usr/lib --enable-nls --with-sysroot=/ --enable-clocale=gnu --enable-libstdcxx-debug --enable-libstdcxx-time=yes --with-default-libstdcxx-abi=new --enable-gnu-unique-object --disable-vtable-verify --enable-libmpx --enable-plugin --with-system-zlib --disable-browser-plugin --enable-java-awt=gtk --enable-gtk-cairo --with-java-home=/usr/lib/jvm/java-1.5.0-gcj-5-amd64/jre --enable-java-home --with-jvm-root-dir=/usr/lib/jvm/java-1.5.0-gcj-5-amd64 --with-jvm-jar-dir=/usr/lib/jvm-exports/java-1.5.0-gcj-5-amd64 --with-arch-directory=amd64 --with-ecj-jar=/usr/share/java/eclipse-ecj.jar --enable-objc-gc --enable-multiarch --disable-werror --with-arch-32=i686 --with-abi=m64 --with-multilib-list=m32,m64,mx32 --enable-multilib --with-tune=generic --enable-checking=release --build=x86_64-linux-gnu --host=x86_64-linux-gnu --target=x86_64-linux-gnu
Thread model: posix
gcc version 5.2.1 20151010 (Ubuntu 5.2.1-22ubuntu2) 
configure:12327: $? = 0
configure:12316: gcc -V >&5
gcc: error: unrecognized command line option '-V'
gcc: fatal error: no input files
compilation terminated.
configure:12327: $? = 1
configure:12316: gcc -qversion >&5
gcc: error: unrecognized command line option '-qversion'
gcc: fatal error: no input files
compilation terminated.
configure:12327: $? = 1
configure:12331: checking whether we are using the GNU C compiler
configure:12359: result: yes
configure:12368: checking whether gcc accepts -g
configure:12429: result: yes
configure:12446: checking for gcc option to accept ISO C89
configure:12523: result: none needed
configure:12545: checking dependency style of gcc
configure:12656: result: gcc3
configure:12729: checking for g++
configure:12745: found /usr/bin/g++
configure:12756: result: g++
configure:12783: checking for C++ compiler version
configure:12792: g++ --version >&5
g++ (Ubuntu 5.2.1-22ubuntu2) 5.2.1 20151010
Copyright (C) 2015 Free Software Foundation, Inc.
This is free software; see the source for copying conditions.  There is NO
warranty; not even for MERCHANTABILITY or FITNESS FOR A PARTICULAR PURPOSE.

configure:12803: $? = 0
configure:12792: g++ -v >&5
Using built-in specs.
COLLECT_GCC=g++
COLLECT_LTO_WRAPPER=/usr/lib/gcc/x86_64-linux-gnu/5/lto-wrapper
Target: x86_64-linux-gnu
Configured with: ../src/configure -v --with-pkgversion='Ubuntu 5.2.1-22ubuntu2' --with-bugurl=file:///usr/share/doc/gcc-5/README.Bugs --enable-languages=c,ada,c++,java,go,d,fortran,objc,obj-c++ --prefix=/usr --program-suffix=-5 --enable-shared --enable-linker-build-id --libexecdir=/usr/lib --without-included-gettext --enable-threads=posix --libdir=/usr/lib --enable-nls --with-sysroot=/ --enable-clocale=gnu --enable-libstdcxx-debug --enable-libstdcxx-time=yes --with-default-libstdcxx-abi=new --enable-gnu-unique-object --disable-vtable-verify --enable-libmpx --enable-plugin --with-system-zlib --disable-browser-plugin --enable-java-awt=gtk --enable-gtk-cairo --with-java-home=/usr/lib/jvm/java-1.5.0-gcj-5-amd64/jre --enable-java-home --with-jvm-root-dir=/usr/lib/jvm/java-1.5.0-gcj-5-amd64 --with-jvm-jar-dir=/usr/lib/jvm-exports/java-1.5.0-gcj-5-amd64 --with-arch-directory=amd64 --with-ecj-jar=/usr/share/java/eclipse-ecj.jar --enable-objc-gc --enable-multiarch --disable-werror --with-arch-32=i686 --with-abi=m64 --with-multilib-list=m32,m64,mx32 --enable-multilib --with-tune=generic --enable-checking=release --build=x86_64-linux-gnu --host=x86_64-linux-gnu --target=x86_64-linux-gnu
Thread model: posix
gcc version 5.2.1 20151010 (Ubuntu 5.2.1-22ubuntu2) 
configure:12803: $? = 0
configure:12792: g++ -V >&5
g++: error: unrecognized command line option '-V'
g++: fatal error: no input files
compilation terminated.
configure:12803: $? = 1
configure:12792: g++ -qversion >&5
g++: error: unrecognized command line option '-qversion'
g++: fatal error: no input files
compilation terminated.
configure:12803: $? = 1
configure:12807: checking whether we are using the GNU C++ compiler
configure:12826: g++ -c -O2 -g  conftest.cpp >&5
configure:12826: $? = 0
configure:12835: result: yes
configure:12844: checking whether g++ accepts -g
configure:12864: g++ -c -g  conftest.cpp >&5
configure:12864: $? = 0
configure:12905: result: yes
configure:12930: checking dependency style of g++
configure:13041: result: gcc3
configure:13074: checking how to run the C++ preprocessor
configure:13101: g++ -E  conftest.cpp
configure:13101: $? = 0
configure:13115: g++ -E  conftest.cpp
conftest.cpp:23:28: fatal error: ac_nonexistent.h: No such file or directory
compilation terminated.
configure:13115: $? = 1
configure: failed program was:
| /* confdefs.h */
| #define PACKAGE_NAME "paraver-kernel"
| #define PACKAGE_TARNAME "paraver-kernel"
| #define PACKAGE_VERSION "1.0"
| #define PACKAGE_STRING "paraver-kernel 1.0"
| #define PACKAGE_BUGREPORT "tools@bsc.es"
| #define PACKAGE_URL ""
| #define PACKAGE "paraver-kernel"
| #define VERSION "1.0"
| #define STDC_HEADERS 1
| #define HAVE_SYS_TYPES_H 1
| #define HAVE_SYS_STAT_H 1
| #define HAVE_STDLIB_H 1
| #define HAVE_STRING_H 1
| #define HAVE_MEMORY_H 1
| #define HAVE_STRINGS_H 1
| #define HAVE_INTTYPES_H 1
| #define HAVE_STDINT_H 1
| #define HAVE_UNISTD_H 1
| #define HAVE_DLFCN_H 1
| #define LT_OBJDIR ".libs/"
| /* end confdefs.h.  */
| #include <ac_nonexistent.h>
configure:13140: result: g++ -E
configure:13160: g++ -E  conftest.cpp
configure:13160: $? = 0
configure:13174: g++ -E  conftest.cpp
conftest.cpp:23:28: fatal error: ac_nonexistent.h: No such file or directory
compilation terminated.
configure:13174: $? = 1
configure: failed program was:
| /* confdefs.h */
| #define PACKAGE_NAME "paraver-kernel"
| #define PACKAGE_TARNAME "paraver-kernel"
| #define PACKAGE_VERSION "1.0"
| #define PACKAGE_STRING "paraver-kernel 1.0"
| #define PACKAGE_BUGREPORT "tools@bsc.es"
| #define PACKAGE_URL ""
| #define PACKAGE "paraver-kernel"
| #define VERSION "1.0"
| #define STDC_HEADERS 1
| #define HAVE_SYS_TYPES_H 1
| #define HAVE_SYS_STAT_H 1
| #define HAVE_STDLIB_H 1
| #define HAVE_STRING_H 1
| #define HAVE_MEMORY_H 1
| #define HAVE_STRINGS_H 1
| #define HAVE_INTTYPES_H 1
| #define HAVE_STDINT_H 1
| #define HAVE_UNISTD_H 1
| #define HAVE_DLFCN_H 1
| #define LT_OBJDIR ".libs/"
| /* end confdefs.h.  */
| #include <ac_nonexistent.h>
configure:13343: checking for ld used by g++
configure:13410: result: /usr/bin/ld -m elf_x86_64
configure:13417: checking if the linker (/usr/bin/ld -m elf_x86_64) is GNU ld
configure:13432: result: yes
configure:13487: checking whether the g++ linker (/usr/bin/ld -m elf_x86_64) supports shared libraries
configure:14492: result: yes
configure:14528: g++ -c -O2 -g  conftest.cpp >&5
configure:14531: $? = 0
configure:15051: checking for g++ option to produce PIC
configure:15058: result: -fPIC -DPIC
configure:15066: checking if g++ PIC flag -fPIC -DPIC works
configure:15084: g++ -c -O2 -g  -fPIC -DPIC -DPIC conftest.cpp >&5
configure:15088: $? = 0
configure:15101: result: yes
configure:15124: checking if g++ static flag -static works
configure:15152: result: yes
configure:15164: checking if g++ supports -c -o file.o
configure:15185: g++ -c -O2 -g  -o out/conftest2.o conftest.cpp >&5
configure:15189: $? = 0
configure:15211: result: yes
configure:15216: checking if g++ supports -c -o file.o
configure:15263: result: yes
configure:15293: checking whether the g++ linker (/usr/bin/ld -m elf_x86_64) supports shared libraries
configure:15332: result: yes
configure:15473: checking dynamic linker characteristics
configure:16152: result: GNU/Linux ld.so
configure:16205: checking how to hardcode library paths into programs
configure:16230: result: immediate
configure:16275: checking how to run the C preprocessor
configure:16345: result: gcc -E
configure:16365: gcc -E  conftest.c
configure:16365: $? = 0
configure:16379: gcc -E  conftest.c
conftest.c:23:28: fatal error: ac_nonexistent.h: No such file or directory
compilation terminated.
configure:16379: $? = 1
configure: failed program was:
| /* confdefs.h */
| #define PACKAGE_NAME "paraver-kernel"
| #define PACKAGE_TARNAME "paraver-kernel"
| #define PACKAGE_VERSION "1.0"
| #define PACKAGE_STRING "paraver-kernel 1.0"
| #define PACKAGE_BUGREPORT "tools@bsc.es"
| #define PACKAGE_URL ""
| #define PACKAGE "paraver-kernel"
| #define VERSION "1.0"
| #define STDC_HEADERS 1
| #define HAVE_SYS_TYPES_H 1
| #define HAVE_SYS_STAT_H 1
| #define HAVE_STDLIB_H 1
| #define HAVE_STRING_H 1
| #define HAVE_MEMORY_H 1
| #define HAVE_STRINGS_H 1
| #define HAVE_INTTYPES_H 1
| #define HAVE_STDINT_H 1
| #define HAVE_UNISTD_H 1
| #define HAVE_DLFCN_H 1
| #define LT_OBJDIR ".libs/"
| /* end confdefs.h.  */
| #include <ac_nonexistent.h>
configure:16412: checking how to run the C++ preprocessor
configure:16478: result: g++ -E
configure:16498: g++ -E  conftest.cpp
configure:16498: $? = 0
configure:16512: g++ -E  conftest.cpp
conftest.cpp:23:28: fatal error: ac_nonexistent.h: No such file or directory
compilation terminated.
configure:16512: $? = 1
configure: failed program was:
| /* confdefs.h */
| #define PACKAGE_NAME "paraver-kernel"
| #define PACKAGE_TARNAME "paraver-kernel"
| #define PACKAGE_VERSION "1.0"
| #define PACKAGE_STRING "paraver-kernel 1.0"
| #define PACKAGE_BUGREPORT "tools@bsc.es"
| #define PACKAGE_URL ""
| #define PACKAGE "paraver-kernel"
| #define VERSION "1.0"
| #define STDC_HEADERS 1
| #define HAVE_SYS_TYPES_H 1
| #define HAVE_SYS_STAT_H 1
| #define HAVE_STDLIB_H 1
| #define HAVE_STRING_H 1
| #define HAVE_MEMORY_H 1
| #define HAVE_STRINGS_H 1
| #define HAVE_INTTYPES_H 1
| #define HAVE_STDINT_H 1
| #define HAVE_UNISTD_H 1
| #define HAVE_DLFCN_H 1
| #define LT_OBJDIR ".libs/"
| /* end confdefs.h.  */
| #include <ac_nonexistent.h>
configure:16540: checking for a sed that does not truncate output
configure:16604: result: /bin/sed
configure:16658: checking for boostlib >= 1.36
configure:16712: g++ -c -O2 -g  -I/usr/include conftest.cpp >&5
configure:16712: $? = 0
configure:16714: result: yes
configure:16873: WARNING: BOOST_CPPFLAGS -I/usr/include
configure:16881: checking whether the Boost::Serialization library is available
configure:16909: g++ -c -O2 -g  -I/usr/include conftest.cpp >&5
configure:16909: $? = 0
configure:16923: result: yes
configure:16934: checking for exit in -lboost_serialization
configure:16959: gcc -o conftest -O2 -g  -I/usr/include  -L/usr/lib/x86_64-linux-gnu conftest.c -lboost_serialization   >&5
conftest.c:32:6: warning: conflicting types for built-in function 'exit'
 char exit ();
      ^
configure:16959: $? = 0
configure:16969: result: yes
configure:17234: checking for long
configure:17234: gcc -c -O2 -g  conftest.c >&5
configure:17234: $? = 0
configure:17234: gcc -c -O2 -g  conftest.c >&5
conftest.c: In function 'main':
conftest.c:62:19: error: expected expression before ')' token
 if (sizeof ((long)))
                   ^
configure:17234: $? = 1
configure: failed program was:
| /* confdefs.h */
| #define PACKAGE_NAME "paraver-kernel"
| #define PACKAGE_TARNAME "paraver-kernel"
| #define PACKAGE_VERSION "1.0"
| #define PACKAGE_STRING "paraver-kernel 1.0"
| #define PACKAGE_BUGREPORT "tools@bsc.es"
| #define PACKAGE_URL ""
| #define PACKAGE "paraver-kernel"
| #define VERSION "1.0"
| #define STDC_HEADERS 1
| #define HAVE_SYS_TYPES_H 1
| #define HAVE_SYS_STAT_H 1
| #define HAVE_STDLIB_H 1
| #define HAVE_STRING_H 1
| #define HAVE_MEMORY_H 1
| #define HAVE_STRINGS_H 1
| #define HAVE_INTTYPES_H 1
| #define HAVE_STDINT_H 1
| #define HAVE_UNISTD_H 1
| #define HAVE_DLFCN_H 1
| #define LT_OBJDIR ".libs/"
| #define HAVE_BOOST /**/
| #define HAVE_BOOST_SERIALIZATION /**/
| #define SET_OLD_PCFPARSER 0
| /* end confdefs.h.  */
| #include <stdio.h>
| #ifdef HAVE_SYS_TYPES_H
| # include <sys/types.h>
| #endif
| #ifdef HAVE_SYS_STAT_H
| # include <sys/stat.h>
| #endif
| #ifdef STDC_HEADERS
| # include <stdlib.h>
| # include <stddef.h>
| #else
| # ifdef HAVE_STDLIB_H
| #  include <stdlib.h>
| # endif
| #endif
| #ifdef HAVE_STRING_H
| # if !defined STDC_HEADERS && defined HAVE_MEMORY_H
| #  include <memory.h>
| # endif
| # include <string.h>
| #endif
| #ifdef HAVE_STRINGS_H
| # include <strings.h>
| #endif
| #ifdef HAVE_INTTYPES_H
| # include <inttypes.h>
| #endif
| #ifdef HAVE_STDINT_H
| # include <stdint.h>
| #endif
| #ifdef HAVE_UNISTD_H
| # include <unistd.h>
| #endif
| int
| main ()
| {
| if (sizeof ((long)))
| 	    return 0;
|   ;
|   return 0;
| }
configure:17234: result: yes
configure:17243: checking for long long
configure:17243: gcc -c -O2 -g  conftest.c >&5
configure:17243: $? = 0
configure:17243: gcc -c -O2 -g  conftest.c >&5
conftest.c: In function 'main':
conftest.c:63:24: error: expected expression before ')' token
 if (sizeof ((long long)))
                        ^
configure:17243: $? = 1
configure: failed program was:
| /* confdefs.h */
| #define PACKAGE_NAME "paraver-kernel"
| #define PACKAGE_TARNAME "paraver-kernel"
| #define PACKAGE_VERSION "1.0"
| #define PACKAGE_STRING "paraver-kernel 1.0"
| #define PACKAGE_BUGREPORT "tools@bsc.es"
| #define PACKAGE_URL ""
| #define PACKAGE "paraver-kernel"
| #define VERSION "1.0"
| #define STDC_HEADERS 1
| #define HAVE_SYS_TYPES_H 1
| #define HAVE_SYS_STAT_H 1
| #define HAVE_STDLIB_H 1
| #define HAVE_STRING_H 1
| #define HAVE_MEMORY_H 1
| #define HAVE_STRINGS_H 1
| #define HAVE_INTTYPES_H 1
| #define HAVE_STDINT_H 1
| #define HAVE_UNISTD_H 1
| #define HAVE_DLFCN_H 1
| #define LT_OBJDIR ".libs/"
| #define HAVE_BOOST /**/
| #define HAVE_BOOST_SERIALIZATION /**/
| #define SET_OLD_PCFPARSER 0
| #define HAVE_LONG 1
| /* end confdefs.h.  */
| #include <stdio.h>
| #ifdef HAVE_SYS_TYPES_H
| # include <sys/types.h>
| #endif
| #ifdef HAVE_SYS_STAT_H
| # include <sys/stat.h>
| #endif
| #ifdef STDC_HEADERS
| # include <stdlib.h>
| # include <stddef.h>
| #else
| # ifdef HAVE_STDLIB_H
| #  include <stdlib.h>
| # endif
| #endif
| #ifdef HAVE_STRING_H
| # if !defined STDC_HEADERS && defined HAVE_MEMORY_H
| #  include <memory.h>
| # endif
| # include <string.h>
| #endif
| #ifdef HAVE_STRINGS_H
| # include <strings.h>
| #endif
| #ifdef HAVE_INTTYPES_H
| # include <inttypes.h>
| #endif
| #ifdef HAVE_STDINT_H
| # include <stdint.h>
| #endif
| #ifdef HAVE_UNISTD_H
| # include <unistd.h>
| #endif
| int
| main ()
| {
| if (sizeof ((long long)))
| 	    return 0;
|   ;
|   return 0;
| }
configure:17243: result: yes
configure:17252: checking for char
configure:17252: gcc -c -O2 -g  conftest.c >&5
configure:17252: $? = 0
configure:17252: gcc -c -O2 -g  conftest.c >&5
conftest.c: In function 'main':
conftest.c:64:19: error: expected expression before ')' token
 if (sizeof ((char)))
                   ^
configure:17252: $? = 1
configure: failed program was:
| /* confdefs.h */
| #define PACKAGE_NAME "paraver-kernel"
| #define PACKAGE_TARNAME "paraver-kernel"
| #define PACKAGE_VERSION "1.0"
| #define PACKAGE_STRING "paraver-kernel 1.0"
| #define PACKAGE_BUGREPORT "tools@bsc.es"
| #define PACKAGE_URL ""
| #define PACKAGE "paraver-kernel"
| #define VERSION "1.0"
| #define STDC_HEADERS 1
| #define HAVE_SYS_TYPES_H 1
| #define HAVE_SYS_STAT_H 1
| #define HAVE_STDLIB_H 1
| #define HAVE_STRING_H 1
| #define HAVE_MEMORY_H 1
| #define HAVE_STRINGS_H 1
| #define HAVE_INTTYPES_H 1
| #define HAVE_STDINT_H 1
| #define HAVE_UNISTD_H 1
| #define HAVE_DLFCN_H 1
| #define LT_OBJDIR ".libs/"
| #define HAVE_BOOST /**/
| #define HAVE_BOOST_SERIALIZATION /**/
| #define SET_OLD_PCFPARSER 0
| #define HAVE_LONG 1
| #define HAVE_LONG_LONG 1
| /* end confdefs.h.  */
| #include <stdio.h>
| #ifdef HAVE_SYS_TYPES_H
| # include <sys/types.h>
| #endif
| #ifdef HAVE_SYS_STAT_H
| # include <sys/stat.h>
| #endif
| #ifdef STDC_HEADERS
| # include <stdlib.h>
| # include <stddef.h>
| #else
| # ifdef HAVE_STDLIB_H
| #  include <stdlib.h>
| # endif
| #endif
| #ifdef HAVE_STRING_H
| # if !defined STDC_HEADERS && defined HAVE_MEMORY_H
| #  include <memory.h>
| # endif
| # include <string.h>
| #endif
| #ifdef HAVE_STRINGS_H
| # include <strings.h>
| #endif
| #ifdef HAVE_INTTYPES_H
| # include <inttypes.h>
| #endif
| #ifdef HAVE_STDINT_H
| # include <stdint.h>
| #endif
| #ifdef HAVE_UNISTD_H
| # include <unistd.h>
| #endif
| int
| main ()
| {
| if (sizeof ((char)))
| 	    return 0;
|   ;
|   return 0;
| }
configure:17252: result: yes
configure:17261: checking for int
configure:17261: gcc -c -O2 -g  conftest.c >&5
configure:17261: $? = 0
configure:17261: gcc -c -O2 -g  conftest.c >&5
conftest.c: In function 'main':
conftest.c:65:18: error: expected expression before ')' token
 if (sizeof ((int)))
                  ^
configure:17261: $? = 1
configure: failed program was:
| /* confdefs.h */
| #define PACKAGE_NAME "paraver-kernel"
| #define PACKAGE_TARNAME "paraver-kernel"
| #define PACKAGE_VERSION "1.0"
| #define PACKAGE_STRING "paraver-kernel 1.0"
| #define PACKAGE_BUGREPORT "tools@bsc.es"
| #define PACKAGE_URL ""
| #define PACKAGE "paraver-kernel"
| #define VERSION "1.0"
| #define STDC_HEADERS 1
| #define HAVE_SYS_TYPES_H 1
| #define HAVE_SYS_STAT_H 1
| #define HAVE_STDLIB_H 1
| #define HAVE_STRING_H 1
| #define HAVE_MEMORY_H 1
| #define HAVE_STRINGS_H 1
| #define HAVE_INTTYPES_H 1
| #define HAVE_STDINT_H 1
| #define HAVE_UNISTD_H 1
| #define HAVE_DLFCN_H 1
| #define LT_OBJDIR ".libs/"
| #define HAVE_BOOST /**/
| #define HAVE_BOOST_SERIALIZATION /**/
| #define SET_OLD_PCFPARSER 0
| #define HAVE_LONG 1
| #define HAVE_LONG_LONG 1
| #define HAVE_CHAR 1
| /* end confdefs.h.  */
| #include <stdio.h>
| #ifdef HAVE_SYS_TYPES_H
| # include <sys/types.h>
| #endif
| #ifdef HAVE_SYS_STAT_H
| # include <sys/stat.h>
| #endif
| #ifdef STDC_HEADERS
| # include <stdlib.h>
| # include <stddef.h>
| #else
| # ifdef HAVE_STDLIB_H
| #  include <stdlib.h>
| # endif
| #endif
| #ifdef HAVE_STRING_H
| # if !defined STDC_HEADERS && defined HAVE_MEMORY_H
| #  include <memory.h>
| # endif
| # include <string.h>
| #endif
| #ifdef HAVE_STRINGS_H
| # include <strings.h>
| #endif
| #ifdef HAVE_INTTYPES_H
| # include <inttypes.h>
| #endif
| #ifdef HAVE_STDINT_H
| # include <stdint.h>
| #endif
| #ifdef HAVE_UNISTD_H
| # include <unistd.h>
| #endif
| int
| main ()
| {
| if (sizeof ((int)))
| 	    return 0;
|   ;
|   return 0;
| }
configure:17261: result: yes
configure:17270: checking for short int
configure:17270: gcc -c -O2 -g  conftest.c >&5
configure:17270: $? = 0
configure:17270: gcc -c -O2 -g  conftest.c >&5
conftest.c: In function 'main':
conftest.c:66:24: error: expected expression before ')' token
 if (sizeof ((short int)))
                        ^
configure:17270: $? = 1
configure: failed program was:
| /* confdefs.h */
| #define PACKAGE_NAME "paraver-kernel"
| #define PACKAGE_TARNAME "paraver-kernel"
| #define PACKAGE_VERSION "1.0"
| #define PACKAGE_STRING "paraver-kernel 1.0"
| #define PACKAGE_BUGREPORT "tools@bsc.es"
| #define PACKAGE_URL ""
| #define PACKAGE "paraver-kernel"
| #define VERSION "1.0"
| #define STDC_HEADERS 1
| #define HAVE_SYS_TYPES_H 1
| #define HAVE_SYS_STAT_H 1
| #define HAVE_STDLIB_H 1
| #define HAVE_STRING_H 1
| #define HAVE_MEMORY_H 1
| #define HAVE_STRINGS_H 1
| #define HAVE_INTTYPES_H 1
| #define HAVE_STDINT_H 1
| #define HAVE_UNISTD_H 1
| #define HAVE_DLFCN_H 1
| #define LT_OBJDIR ".libs/"
| #define HAVE_BOOST /**/
| #define HAVE_BOOST_SERIALIZATION /**/
| #define SET_OLD_PCFPARSER 0
| #define HAVE_LONG 1
| #define HAVE_LONG_LONG 1
| #define HAVE_CHAR 1
| #define HAVE_INT 1
| /* end confdefs.h.  */
| #include <stdio.h>
| #ifdef HAVE_SYS_TYPES_H
| # include <sys/types.h>
| #endif
| #ifdef HAVE_SYS_STAT_H
| # include <sys/stat.h>
| #endif
| #ifdef STDC_HEADERS
| # include <stdlib.h>
| # include <stddef.h>
| #else
| # ifdef HAVE_STDLIB_H
| #  include <stdlib.h>
| # endif
| #endif
| #ifdef HAVE_STRING_H
| # if !defined STDC_HEADERS && defined HAVE_MEMORY_H
| #  include <memory.h>
| # endif
| # include <string.h>
| #endif
| #ifdef HAVE_STRINGS_H
| # include <strings.h>
| #endif
| #ifdef HAVE_INTTYPES_H
| # include <inttypes.h>
| #endif
| #ifdef HAVE_STDINT_H
| # include <stdint.h>
| #endif
| #ifdef HAVE_UNISTD_H
| # include <unistd.h>
| #endif
| int
| main ()
| {
| if (sizeof ((short int)))
| 	    return 0;
|   ;
|   return 0;
| }
configure:17270: result: yes
configure:17284: checking size of long
configure:17289: gcc -o conftest -O2 -g   conftest.c  >&5
configure:17289: $? = 0
configure:17289: ./conftest
configure:17289: $? = 0
configure:17303: result: 8
configure:17317: checking size of long long
configure:17322: gcc -o conftest -O2 -g   conftest.c  >&5
configure:17322: $? = 0
configure:17322: ./conftest
configure:17322: $? = 0
configure:17336: result: 8
configure:17350: checking size of char
configure:17355: gcc -o conftest -O2 -g   conftest.c  >&5
configure:17355: $? = 0
configure:17355: ./conftest
configure:17355: $? = 0
configure:17369: result: 1
configure:17383: checking size of int
configure:17388: gcc -o conftest -O2 -g   conftest.c  >&5
configure:17388: $? = 0
configure:17388: ./conftest
configure:17388: $? = 0
configure:17402: result: 4
configure:17416: checking size of short int
configure:17421: gcc -o conftest -O2 -g   conftest.c  >&5
configure:17421: $? = 0
configure:17421: ./conftest
configure:17421: $? = 0
configure:17435: result: 2
configure:17445: checking for int64_t
configure:17445: gcc -c -O2 -g  conftest.c >&5
configure:17445: $? = 0
configure:17445: gcc -c -O2 -g  conftest.c >&5
conftest.c: In function 'main':
conftest.c:72:22: error: expected expression before ')' token
 if (sizeof ((int64_t)))
                      ^
configure:17445: $? = 1
configure: failed program was:
| /* confdefs.h */
| #define PACKAGE_NAME "paraver-kernel"
| #define PACKAGE_TARNAME "paraver-kernel"
| #define PACKAGE_VERSION "1.0"
| #define PACKAGE_STRING "paraver-kernel 1.0"
| #define PACKAGE_BUGREPORT "tools@bsc.es"
| #define PACKAGE_URL ""
| #define PACKAGE "paraver-kernel"
| #define VERSION "1.0"
| #define STDC_HEADERS 1
| #define HAVE_SYS_TYPES_H 1
| #define HAVE_SYS_STAT_H 1
| #define HAVE_STDLIB_H 1
| #define HAVE_STRING_H 1
| #define HAVE_MEMORY_H 1
| #define HAVE_STRINGS_H 1
| #define HAVE_INTTYPES_H 1
| #define HAVE_STDINT_H 1
| #define HAVE_UNISTD_H 1
| #define HAVE_DLFCN_H 1
| #define LT_OBJDIR ".libs/"
| #define HAVE_BOOST /**/
| #define HAVE_BOOST_SERIALIZATION /**/
| #define SET_OLD_PCFPARSER 0
| #define HAVE_LONG 1
| #define HAVE_LONG_LONG 1
| #define HAVE_CHAR 1
| #define HAVE_INT 1
| #define HAVE_SHORT_INT 1
| #define SIZEOF_LONG 8
| #define SIZEOF_LONG_LONG 8
| #define SIZEOF_CHAR 1
| #define SIZEOF_INT 4
| #define SIZEOF_SHORT_INT 2
| /* end confdefs.h.  */
| #include <stdio.h>
| #ifdef HAVE_SYS_TYPES_H
| # include <sys/types.h>
| #endif
| #ifdef HAVE_SYS_STAT_H
| # include <sys/stat.h>
| #endif
| #ifdef STDC_HEADERS
| # include <stdlib.h>
| # include <stddef.h>
| #else
| # ifdef HAVE_STDLIB_H
| #  include <stdlib.h>
| # endif
| #endif
| #ifdef HAVE_STRING_H
| # if !defined STDC_HEADERS && defined HAVE_MEMORY_H
| #  include <memory.h>
| # endif
| # include <string.h>
| #endif
| #ifdef HAVE_STRINGS_H
| # include <strings.h>
| #endif
| #ifdef HAVE_INTTYPES_H
| # include <inttypes.h>
| #endif
| #ifdef HAVE_STDINT_H
| # include <stdint.h>
| #endif
| #ifdef HAVE_UNISTD_H
| # include <unistd.h>
| #endif
| int
| main ()
| {
| if (sizeof ((int64_t)))
| 	    return 0;
|   ;
|   return 0;
| }
configure:17445: result: yes
configure:17454: checking for uint64_t
configure:17454: gcc -c -O2 -g  conftest.c >&5
configure:17454: $? = 0
configure:17454: gcc -c -O2 -g  conftest.c >&5
conftest.c: In function 'main':
conftest.c:73:23: error: expected expression before ')' token
 if (sizeof ((uint64_t)))
                       ^
configure:17454: $? = 1
configure: failed program was:
| /* confdefs.h */
| #define PACKAGE_NAME "paraver-kernel"
| #define PACKAGE_TARNAME "paraver-kernel"
| #define PACKAGE_VERSION "1.0"
| #define PACKAGE_STRING "paraver-kernel 1.0"
| #define PACKAGE_BUGREPORT "tools@bsc.es"
| #define PACKAGE_URL ""
| #define PACKAGE "paraver-kernel"
| #define VERSION "1.0"
| #define STDC_HEADERS 1
| #define HAVE_SYS_TYPES_H 1
| #define HAVE_SYS_STAT_H 1
| #define HAVE_STDLIB_H 1
| #define HAVE_STRING_H 1
| #define HAVE_MEMORY_H 1
| #define HAVE_STRINGS_H 1
| #define HAVE_INTTYPES_H 1
| #define HAVE_STDINT_H 1
| #define HAVE_UNISTD_H 1
| #define HAVE_DLFCN_H 1
| #define LT_OBJDIR ".libs/"
| #define HAVE_BOOST /**/
| #define HAVE_BOOST_SERIALIZATION /**/
| #define SET_OLD_PCFPARSER 0
| #define HAVE_LONG 1
| #define HAVE_LONG_LONG 1
| #define HAVE_CHAR 1
| #define HAVE_INT 1
| #define HAVE_SHORT_INT 1
| #define SIZEOF_LONG 8
| #define SIZEOF_LONG_LONG 8
| #define SIZEOF_CHAR 1
| #define SIZEOF_INT 4
| #define SIZEOF_SHORT_INT 2
| #define HAVE_INT64_T 1
| /* end confdefs.h.  */
| #include <stdio.h>
| #ifdef HAVE_SYS_TYPES_H
| # include <sys/types.h>
| #endif
| #ifdef HAVE_SYS_STAT_H
| # include <sys/stat.h>
| #endif
| #ifdef STDC_HEADERS
| # include <stdlib.h>
| # include <stddef.h>
| #else
| # ifdef HAVE_STDLIB_H
| #  include <stdlib.h>
| # endif
| #endif
| #ifdef HAVE_STRING_H
| # if !defined STDC_HEADERS && defined HAVE_MEMORY_H
| #  include <memory.h>
| # endif
| # include <string.h>
| #endif
| #ifdef HAVE_STRINGS_H
| # include <strings.h>
| #endif
| #ifdef HAVE_INTTYPES_H
| # include <inttypes.h>
| #endif
| #ifdef HAVE_STDINT_H
| # include <stdint.h>
| #endif
| #ifdef HAVE_UNISTD_H
| # include <unistd.h>
| #endif
| int
| main ()
| {
| if (sizeof ((uint64_t)))
| 	    return 0;
|   ;
|   return 0;
| }
configure:17454: result: yes
configure:17463: checking for int8_t
configure:17463: gcc -c -O2 -g  conftest.c >&5
configure:17463: $? = 0
configure:17463: gcc -c -O2 -g  conftest.c >&5
conftest.c: In function 'main':
conftest.c:74:21: error: expected expression before ')' token
 if (sizeof ((int8_t)))
                     ^
configure:17463: $? = 1
configure: failed program was:
| /* confdefs.h */
| #define PACKAGE_NAME "paraver-kernel"
| #define PACKAGE_TARNAME "paraver-kernel"
| #define PACKAGE_VERSION "1.0"
| #define PACKAGE_STRING "paraver-kernel 1.0"
| #define PACKAGE_BUGREPORT "tools@bsc.es"
| #define PACKAGE_URL ""
| #define PACKAGE "paraver-kernel"
| #define VERSION "1.0"
| #define STDC_HEADERS 1
| #define HAVE_SYS_TYPES_H 1
| #define HAVE_SYS_STAT_H 1
| #define HAVE_STDLIB_H 1
| #define HAVE_STRING_H 1
| #define HAVE_MEMORY_H 1
| #define HAVE_STRINGS_H 1
| #define HAVE_INTTYPES_H 1
| #define HAVE_STDINT_H 1
| #define HAVE_UNISTD_H 1
| #define HAVE_DLFCN_H 1
| #define LT_OBJDIR ".libs/"
| #define HAVE_BOOST /**/
| #define HAVE_BOOST_SERIALIZATION /**/
| #define SET_OLD_PCFPARSER 0
| #define HAVE_LONG 1
| #define HAVE_LONG_LONG 1
| #define HAVE_CHAR 1
| #define HAVE_INT 1
| #define HAVE_SHORT_INT 1
| #define SIZEOF_LONG 8
| #define SIZEOF_LONG_LONG 8
| #define SIZEOF_CHAR 1
| #define SIZEOF_INT 4
| #define SIZEOF_SHORT_INT 2
| #define HAVE_INT64_T 1
| #define HAVE_UINT64_T 1
| /* end confdefs.h.  */
| #include <stdio.h>
| #ifdef HAVE_SYS_TYPES_H
| # include <sys/types.h>
| #endif
| #ifdef HAVE_SYS_STAT_H
| # include <sys/stat.h>
| #endif
| #ifdef STDC_HEADERS
| # include <stdlib.h>
| # include <stddef.h>
| #else
| # ifdef HAVE_STDLIB_H
| #  include <stdlib.h>
| # endif
| #endif
| #ifdef HAVE_STRING_H
| # if !defined STDC_HEADERS && defined HAVE_MEMORY_H
| #  include <memory.h>
| # endif
| # include <string.h>
| #endif
| #ifdef HAVE_STRINGS_H
| # include <strings.h>
| #endif
| #ifdef HAVE_INTTYPES_H
| # include <inttypes.h>
| #endif
| #ifdef HAVE_STDINT_H
| # include <stdint.h>
| #endif
| #ifdef HAVE_UNISTD_H
| # include <unistd.h>
| #endif
| int
| main ()
| {
| if (sizeof ((int8_t)))
| 	    return 0;
|   ;
|   return 0;
| }
configure:17463: result: yes
configure:17472: checking for uint8_t
configure:17472: gcc -c -O2 -g  conftest.c >&5
configure:17472: $? = 0
configure:17472: gcc -c -O2 -g  conftest.c >&5
conftest.c: In function 'main':
conftest.c:75:22: error: expected expression before ')' token
 if (sizeof ((uint8_t)))
                      ^
configure:17472: $? = 1
configure: failed program was:
| /* confdefs.h */
| #define PACKAGE_NAME "paraver-kernel"
| #define PACKAGE_TARNAME "paraver-kernel"
| #define PACKAGE_VERSION "1.0"
| #define PACKAGE_STRING "paraver-kernel 1.0"
| #define PACKAGE_BUGREPORT "tools@bsc.es"
| #define PACKAGE_URL ""
| #define PACKAGE "paraver-kernel"
| #define VERSION "1.0"
| #define STDC_HEADERS 1
| #define HAVE_SYS_TYPES_H 1
| #define HAVE_SYS_STAT_H 1
| #define HAVE_STDLIB_H 1
| #define HAVE_STRING_H 1
| #define HAVE_MEMORY_H 1
| #define HAVE_STRINGS_H 1
| #define HAVE_INTTYPES_H 1
| #define HAVE_STDINT_H 1
| #define HAVE_UNISTD_H 1
| #define HAVE_DLFCN_H 1
| #define LT_OBJDIR ".libs/"
| #define HAVE_BOOST /**/
| #define HAVE_BOOST_SERIALIZATION /**/
| #define SET_OLD_PCFPARSER 0
| #define HAVE_LONG 1
| #define HAVE_LONG_LONG 1
| #define HAVE_CHAR 1
| #define HAVE_INT 1
| #define HAVE_SHORT_INT 1
| #define SIZEOF_LONG 8
| #define SIZEOF_LONG_LONG 8
| #define SIZEOF_CHAR 1
| #define SIZEOF_INT 4
| #define SIZEOF_SHORT_INT 2
| #define HAVE_INT64_T 1
| #define HAVE_UINT64_T 1
| #define HAVE_INT8_T 1
| /* end confdefs.h.  */
| #include <stdio.h>
| #ifdef HAVE_SYS_TYPES_H
| # include <sys/types.h>
| #endif
| #ifdef HAVE_SYS_STAT_H
| # include <sys/stat.h>
| #endif
| #ifdef STDC_HEADERS
| # include <stdlib.h>
| # include <stddef.h>
| #else
| # ifdef HAVE_STDLIB_H
| #  include <stdlib.h>
| # endif
| #endif
| #ifdef HAVE_STRING_H
| # if !defined STDC_HEADERS && defined HAVE_MEMORY_H
| #  include <memory.h>
| # endif
| # include <string.h>
| #endif
| #ifdef HAVE_STRINGS_H
| # include <strings.h>
| #endif
| #ifdef HAVE_INTTYPES_H
| # include <inttypes.h>
| #endif
| #ifdef HAVE_STDINT_H
| # include <stdint.h>
| #endif
| #ifdef HAVE_UNISTD_H
| # include <unistd.h>
| #endif
| int
| main ()
| {
| if (sizeof ((uint8_t)))
| 	    return 0;
|   ;
|   return 0;
| }
configure:17472: result: yes
configure:17481: checking for int32_t
configure:17481: gcc -c -O2 -g  conftest.c >&5
configure:17481: $? = 0
configure:17481: gcc -c -O2 -g  conftest.c >&5
conftest.c: In function 'main':
conftest.c:76:22: error: expected expression before ')' token
 if (sizeof ((int32_t)))
                      ^
configure:17481: $? = 1
configure: failed program was:
| /* confdefs.h */
| #define PACKAGE_NAME "paraver-kernel"
| #define PACKAGE_TARNAME "paraver-kernel"
| #define PACKAGE_VERSION "1.0"
| #define PACKAGE_STRING "paraver-kernel 1.0"
| #define PACKAGE_BUGREPORT "tools@bsc.es"
| #define PACKAGE_URL ""
| #define PACKAGE "paraver-kernel"
| #define VERSION "1.0"
| #define STDC_HEADERS 1
| #define HAVE_SYS_TYPES_H 1
| #define HAVE_SYS_STAT_H 1
| #define HAVE_STDLIB_H 1
| #define HAVE_STRING_H 1
| #define HAVE_MEMORY_H 1
| #define HAVE_STRINGS_H 1
| #define HAVE_INTTYPES_H 1
| #define HAVE_STDINT_H 1
| #define HAVE_UNISTD_H 1
| #define HAVE_DLFCN_H 1
| #define LT_OBJDIR ".libs/"
| #define HAVE_BOOST /**/
| #define HAVE_BOOST_SERIALIZATION /**/
| #define SET_OLD_PCFPARSER 0
| #define HAVE_LONG 1
| #define HAVE_LONG_LONG 1
| #define HAVE_CHAR 1
| #define HAVE_INT 1
| #define HAVE_SHORT_INT 1
| #define SIZEOF_LONG 8
| #define SIZEOF_LONG_LONG 8
| #define SIZEOF_CHAR 1
| #define SIZEOF_INT 4
| #define SIZEOF_SHORT_INT 2
| #define HAVE_INT64_T 1
| #define HAVE_UINT64_T 1
| #define HAVE_INT8_T 1
| #define HAVE_UINT8_T 1
| /* end confdefs.h.  */
| #include <stdio.h>
| #ifdef HAVE_SYS_TYPES_H
| # include <sys/types.h>
| #endif
| #ifdef HAVE_SYS_STAT_H
| # include <sys/stat.h>
| #endif
| #ifdef STDC_HEADERS
| # include <stdlib.h>
| # include <stddef.h>
| #else
| # ifdef HAVE_STDLIB_H
| #  include <stdlib.h>
| # endif
| #endif
| #ifdef HAVE_STRING_H
| # if !defined STDC_HEADERS && defined HAVE_MEMORY_H
| #  include <memory.h>
| # endif
| # include <string.h>
| #endif
| #ifdef HAVE_STRINGS_H
| # include <strings.h>
| #endif
| #ifdef HAVE_INTTYPES_H
| # include <inttypes.h>
| #endif
| #ifdef HAVE_STDINT_H
| # include <stdint.h>
| #endif
| #ifdef HAVE_UNISTD_H
| # include <unistd.h>
| #endif
| int
| main ()
| {
| if (sizeof ((int32_t)))
| 	    return 0;
|   ;
|   return 0;
| }
configure:17481: result: yes
configure:17490: checking for uint32_t
configure:17490: gcc -c -O2 -g  conftest.c >&5
configure:17490: $? = 0
configure:17490: gcc -c -O2 -g  conftest.c >&5
conftest.c: In function 'main':
conftest.c:77:23: error: expected expression before ')' token
 if (sizeof ((uint32_t)))
                       ^
configure:17490: $? = 1
configure: failed program was:
| /* confdefs.h */
| #define PACKAGE_NAME "paraver-kernel"
| #define PACKAGE_TARNAME "paraver-kernel"
| #define PACKAGE_VERSION "1.0"
| #define PACKAGE_STRING "paraver-kernel 1.0"
| #define PACKAGE_BUGREPORT "tools@bsc.es"
| #define PACKAGE_URL ""
| #define PACKAGE "paraver-kernel"
| #define VERSION "1.0"
| #define STDC_HEADERS 1
| #define HAVE_SYS_TYPES_H 1
| #define HAVE_SYS_STAT_H 1
| #define HAVE_STDLIB_H 1
| #define HAVE_STRING_H 1
| #define HAVE_MEMORY_H 1
| #define HAVE_STRINGS_H 1
| #define HAVE_INTTYPES_H 1
| #define HAVE_STDINT_H 1
| #define HAVE_UNISTD_H 1
| #define HAVE_DLFCN_H 1
| #define LT_OBJDIR ".libs/"
| #define HAVE_BOOST /**/
| #define HAVE_BOOST_SERIALIZATION /**/
| #define SET_OLD_PCFPARSER 0
| #define HAVE_LONG 1
| #define HAVE_LONG_LONG 1
| #define HAVE_CHAR 1
| #define HAVE_INT 1
| #define HAVE_SHORT_INT 1
| #define SIZEOF_LONG 8
| #define SIZEOF_LONG_LONG 8
| #define SIZEOF_CHAR 1
| #define SIZEOF_INT 4
| #define SIZEOF_SHORT_INT 2
| #define HAVE_INT64_T 1
| #define HAVE_UINT64_T 1
| #define HAVE_INT8_T 1
| #define HAVE_UINT8_T 1
| #define HAVE_INT32_T 1
| /* end confdefs.h.  */
| #include <stdio.h>
| #ifdef HAVE_SYS_TYPES_H
| # include <sys/types.h>
| #endif
| #ifdef HAVE_SYS_STAT_H
| # include <sys/stat.h>
| #endif
| #ifdef STDC_HEADERS
| # include <stdlib.h>
| # include <stddef.h>
| #else
| # ifdef HAVE_STDLIB_H
| #  include <stdlib.h>
| # endif
| #endif
| #ifdef HAVE_STRING_H
| # if !defined STDC_HEADERS && defined HAVE_MEMORY_H
| #  include <memory.h>
| # endif
| # include <string.h>
| #endif
| #ifdef HAVE_STRINGS_H
| # include <strings.h>
| #endif
| #ifdef HAVE_INTTYPES_H
| # include <inttypes.h>
| #endif
| #ifdef HAVE_STDINT_H
| # include <stdint.h>
| #endif
| #ifdef HAVE_UNISTD_H
| # include <unistd.h>
| #endif
| int
| main ()
| {
| if (sizeof ((uint32_t)))
| 	    return 0;
|   ;
|   return 0;
| }
configure:17490: result: yes
configure:17499: checking for int16_t
configure:17499: gcc -c -O2 -g  conftest.c >&5
configure:17499: $? = 0
configure:17499: gcc -c -O2 -g  conftest.c >&5
conftest.c: In function 'main':
conftest.c:78:22: error: expected expression before ')' token
 if (sizeof ((int16_t)))
                      ^
configure:17499: $? = 1
configure: failed program was:
| /* confdefs.h */
| #define PACKAGE_NAME "paraver-kernel"
| #define PACKAGE_TARNAME "paraver-kernel"
| #define PACKAGE_VERSION "1.0"
| #define PACKAGE_STRING "paraver-kernel 1.0"
| #define PACKAGE_BUGREPORT "tools@bsc.es"
| #define PACKAGE_URL ""
| #define PACKAGE "paraver-kernel"
| #define VERSION "1.0"
| #define STDC_HEADERS 1
| #define HAVE_SYS_TYPES_H 1
| #define HAVE_SYS_STAT_H 1
| #define HAVE_STDLIB_H 1
| #define HAVE_STRING_H 1
| #define HAVE_MEMORY_H 1
| #define HAVE_STRINGS_H 1
| #define HAVE_INTTYPES_H 1
| #define HAVE_STDINT_H 1
| #define HAVE_UNISTD_H 1
| #define HAVE_DLFCN_H 1
| #define LT_OBJDIR ".libs/"
| #define HAVE_BOOST /**/
| #define HAVE_BOOST_SERIALIZATION /**/
| #define SET_OLD_PCFPARSER 0
| #define HAVE_LONG 1
| #define HAVE_LONG_LONG 1
| #define HAVE_CHAR 1
| #define HAVE_INT 1
| #define HAVE_SHORT_INT 1
| #define SIZEOF_LONG 8
| #define SIZEOF_LONG_LONG 8
| #define SIZEOF_CHAR 1
| #define SIZEOF_INT 4
| #define SIZEOF_SHORT_INT 2
| #define HAVE_INT64_T 1
| #define HAVE_UINT64_T 1
| #define HAVE_INT8_T 1
| #define HAVE_UINT8_T 1
| #define HAVE_INT32_T 1
| #define HAVE_UINT32_T 1
| /* end confdefs.h.  */
| #include <stdio.h>
| #ifdef HAVE_SYS_TYPES_H
| # include <sys/types.h>
| #endif
| #ifdef HAVE_SYS_STAT_H
| # include <sys/stat.h>
| #endif
| #ifdef STDC_HEADERS
| # include <stdlib.h>
| # include <stddef.h>
| #else
| # ifdef HAVE_STDLIB_H
| #  include <stdlib.h>
| # endif
| #endif
| #ifdef HAVE_STRING_H
| # if !defined STDC_HEADERS && defined HAVE_MEMORY_H
| #  include <memory.h>
| # endif
| # include <string.h>
| #endif
| #ifdef HAVE_STRINGS_H
| # include <strings.h>
| #endif
| #ifdef HAVE_INTTYPES_H
| # include <inttypes.h>
| #endif
| #ifdef HAVE_STDINT_H
| # include <stdint.h>
| #endif
| #ifdef HAVE_UNISTD_H
| # include <unistd.h>
| #endif
| int
| main ()
| {
| if (sizeof ((int16_t)))
| 	    return 0;
|   ;
|   return 0;
| }
configure:17499: result: yes
configure:17508: checking for uint16_t
configure:17508: gcc -c -O2 -g  conftest.c >&5
configure:17508: $? = 0
configure:17508: gcc -c -O2 -g  conftest.c >&5
conftest.c: In function 'main':
conftest.c:79:23: error: expected expression before ')' token
 if (sizeof ((uint16_t)))
                       ^
configure:17508: $? = 1
configure: failed program was:
| /* confdefs.h */
| #define PACKAGE_NAME "paraver-kernel"
| #define PACKAGE_TARNAME "paraver-kernel"
| #define PACKAGE_VERSION "1.0"
| #define PACKAGE_STRING "paraver-kernel 1.0"
| #define PACKAGE_BUGREPORT "tools@bsc.es"
| #define PACKAGE_URL ""
| #define PACKAGE "paraver-kernel"
| #define VERSION "1.0"
| #define STDC_HEADERS 1
| #define HAVE_SYS_TYPES_H 1
| #define HAVE_SYS_STAT_H 1
| #define HAVE_STDLIB_H 1
| #define HAVE_STRING_H 1
| #define HAVE_MEMORY_H 1
| #define HAVE_STRINGS_H 1
| #define HAVE_INTTYPES_H 1
| #define HAVE_STDINT_H 1
| #define HAVE_UNISTD_H 1
| #define HAVE_DLFCN_H 1
| #define LT_OBJDIR ".libs/"
| #define HAVE_BOOST /**/
| #define HAVE_BOOST_SERIALIZATION /**/
| #define SET_OLD_PCFPARSER 0
| #define HAVE_LONG 1
| #define HAVE_LONG_LONG 1
| #define HAVE_CHAR 1
| #define HAVE_INT 1
| #define HAVE_SHORT_INT 1
| #define SIZEOF_LONG 8
| #define SIZEOF_LONG_LONG 8
| #define SIZEOF_CHAR 1
| #define SIZEOF_INT 4
| #define SIZEOF_SHORT_INT 2
| #define HAVE_INT64_T 1
| #define HAVE_UINT64_T 1
| #define HAVE_INT8_T 1
| #define HAVE_UINT8_T 1
| #define HAVE_INT32_T 1
| #define HAVE_UINT32_T 1
| #define HAVE_INT16_T 1
| /* end confdefs.h.  */
| #include <stdio.h>
| #ifdef HAVE_SYS_TYPES_H
| # include <sys/types.h>
| #endif
| #ifdef HAVE_SYS_STAT_H
| # include <sys/stat.h>
| #endif
| #ifdef STDC_HEADERS
| # include <stdlib.h>
| # include <stddef.h>
| #else
| # ifdef HAVE_STDLIB_H
| #  include <stdlib.h>
| # endif
| #endif
| #ifdef HAVE_STRING_H
| # if !defined STDC_HEADERS && defined HAVE_MEMORY_H
| #  include <memory.h>
| # endif
| # include <string.h>
| #endif
| #ifdef HAVE_STRINGS_H
| # include <strings.h>
| #endif
| #ifdef HAVE_INTTYPES_H
| # include <inttypes.h>
| #endif
| #ifdef HAVE_STDINT_H
| # include <stdint.h>
| #endif
| #ifdef HAVE_UNISTD_H
| # include <unistd.h>
| #endif
| int
| main ()
| {
| if (sizeof ((uint16_t)))
| 	    return 0;
|   ;
|   return 0;
| }
configure:17508: result: yes
configure:17678: creating ./config.status

## ---------------------- ##
## Running config.status. ##
## ---------------------- ##

This file was extended by paraver-kernel config.status 1.0, which was
generated by GNU Autoconf 2.68.  Invocation command line was

  CONFIG_FILES    = 
  CONFIG_HEADERS  = 
  CONFIG_LINKS    = 
  CONFIG_COMMANDS = 
  $ ./config.status 

on mogeb4119

config.status:1192: creating Makefile
config.status:1192: creating src/Makefile
config.status:1192: creating api/Makefile
config.status:1192: creating include/Makefile
config.status:1192: creating config.h
config.status:1192: creating config_traits.h
config.status:1373: config_traits.h is unchanged
config.status:1192: creating config_types.h
config.status:1373: config_types.h is unchanged
config.status:1421: executing depfiles commands
config.status:1421: executing libtool commands

## ---------------- ##
## Cache variables. ##
## ---------------- ##

ac_cv_build=x86_64-unknown-linux-gnu
ac_cv_c_compiler_gnu=yes
ac_cv_cxx_compiler_gnu=yes
ac_cv_env_CCC_set=
ac_cv_env_CCC_value=
ac_cv_env_CC_set=
ac_cv_env_CC_value=
ac_cv_env_CFLAGS_set=
ac_cv_env_CFLAGS_value=
ac_cv_env_CPPFLAGS_set=
ac_cv_env_CPPFLAGS_value=
ac_cv_env_CPP_set=
ac_cv_env_CPP_value=
ac_cv_env_CXXCPP_set=
ac_cv_env_CXXCPP_value=
ac_cv_env_CXXFLAGS_set=
ac_cv_env_CXXFLAGS_value=
ac_cv_env_CXX_set=
ac_cv_env_CXX_value=
ac_cv_env_LDFLAGS_set=
ac_cv_env_LDFLAGS_value=
ac_cv_env_LIBS_set=
ac_cv_env_LIBS_value=
ac_cv_env_build_alias_set=
ac_cv_env_build_alias_value=
ac_cv_env_host_alias_set=
ac_cv_env_host_alias_value=
ac_cv_env_target_alias_set=
ac_cv_env_target_alias_value=
ac_cv_header_dlfcn_h=yes
ac_cv_header_inttypes_h=yes
ac_cv_header_memory_h=yes
ac_cv_header_stdc=yes
ac_cv_header_stdint_h=yes
ac_cv_header_stdlib_h=yes
ac_cv_header_string_h=yes
ac_cv_header_strings_h=yes
ac_cv_header_sys_stat_h=yes
ac_cv_header_sys_types_h=yes
ac_cv_header_unistd_h=yes
ac_cv_host=x86_64-unknown-linux-gnu
ac_cv_lib_boost_serialization___exit=yes
ac_cv_objext=o
ac_cv_path_EGREP='/bin/grep -E'
ac_cv_path_FGREP='/bin/grep -F'
ac_cv_path_GREP=/bin/grep
ac_cv_path_SED=/bin/sed
ac_cv_path_XML2_CONFIG=/usr/bin/xml2-config
ac_cv_path_install='/usr/bin/install -c'
ac_cv_path_mkdir=/bin/mkdir
ac_cv_prog_AWK=gawk
ac_cv_prog_CPP='gcc -E'
ac_cv_prog_CXXCPP='g++ -E'
ac_cv_prog_ac_ct_AR=ar
ac_cv_prog_ac_ct_CC=gcc
ac_cv_prog_ac_ct_CXX=g++
ac_cv_prog_ac_ct_DLLTOOL=dlltool
ac_cv_prog_ac_ct_MANIFEST_TOOL=mt
ac_cv_prog_ac_ct_OBJDUMP=objdump
ac_cv_prog_ac_ct_RANLIB=ranlib
ac_cv_prog_ac_ct_STRIP=strip
ac_cv_prog_cc_c89=
ac_cv_prog_cc_g=yes
ac_cv_prog_cxx_g=yes
ac_cv_prog_make_make_set=yes
ac_cv_sizeof_char=1
ac_cv_sizeof_int=4
ac_cv_sizeof_long=8
ac_cv_sizeof_long_long=8
ac_cv_sizeof_short_int=2
ac_cv_type_char=yes
ac_cv_type_int16_t=yes
ac_cv_type_int32_t=yes
ac_cv_type_int64_t=yes
ac_cv_type_int8_t=yes
ac_cv_type_int=yes
ac_cv_type_long=yes
ac_cv_type_long_long=yes
ac_cv_type_short_int=yes
ac_cv_type_uint16_t=yes
ac_cv_type_uint32_t=yes
ac_cv_type_uint64_t=yes
ac_cv_type_uint8_t=yes
am_cv_CC_dependencies_compiler_type=gcc3
am_cv_CXX_dependencies_compiler_type=gcc3
ax_cv_boost_serialization=yes
lt_cv_ar_at_file=@
lt_cv_archive_cmds_need_lc=no
lt_cv_deplibs_check_method=pass_all
lt_cv_file_magic_cmd='$MAGIC_CMD'
lt_cv_file_magic_test_file=
lt_cv_ld_reload_flag=-r
lt_cv_nm_interface='BSD nm'
lt_cv_objdir=.libs
lt_cv_path_LD=/usr/bin/ld
lt_cv_path_LDCXX='/usr/bin/ld -m elf_x86_64'
lt_cv_path_NM='/usr/bin/nm -B'
lt_cv_path_mainfest_tool=no
lt_cv_prog_compiler_c_o=yes
lt_cv_prog_compiler_c_o_CXX=yes
lt_cv_prog_compiler_pic='-fPIC -DPIC'
lt_cv_prog_compiler_pic_CXX='-fPIC -DPIC'
lt_cv_prog_compiler_pic_works=yes
lt_cv_prog_compiler_pic_works_CXX=yes
lt_cv_prog_compiler_rtti_exceptions=no
lt_cv_prog_compiler_static_works=yes
lt_cv_prog_compiler_static_works_CXX=yes
lt_cv_prog_gnu_ld=yes
lt_cv_prog_gnu_ldcxx=yes
lt_cv_sharedlib_from_linklib_cmd='printf %s\n'
lt_cv_shlibpath_overrides_runpath=no
lt_cv_sys_global_symbol_pipe='sed -n -e '\''s/^.*[	 ]\([ABCDGIRSTW][ABCDGIRSTW]*\)[	 ][	 ]*\([_A-Za-z][_A-Za-z0-9]*\)$/\1 \2 \2/p'\'' | sed '\''/ __gnu_lto/d'\'''
lt_cv_sys_global_symbol_to_c_name_address='sed -n -e '\''s/^: \([^ ]*\)[ ]*$/  {\"\1\", (void *) 0},/p'\'' -e '\''s/^[ABCDGIRSTW]* \([^ ]*\) \([^ ]*\)$/  {"\2", (void *) \&\2},/p'\'''
lt_cv_sys_global_symbol_to_c_name_address_lib_prefix='sed -n -e '\''s/^: \([^ ]*\)[ ]*$/  {\"\1\", (void *) 0},/p'\'' -e '\''s/^[ABCDGIRSTW]* \([^ ]*\) \(lib[^ ]*\)$/  {"\2", (void *) \&\2},/p'\'' -e '\''s/^[ABCDGIRSTW]* \([^ ]*\) \([^ ]*\)$/  {"lib\2", (void *) \&\2},/p'\'''
lt_cv_sys_global_symbol_to_cdecl='sed -n -e '\''s/^T .* \(.*\)$/extern int \1();/p'\'' -e '\''s/^[ABCDGIRSTW]* .* \(.*\)$/extern char \1;/p'\'''
lt_cv_sys_max_cmd_len=1572864
lt_cv_to_host_file_cmd=func_convert_file_noop
lt_cv_to_tool_file_cmd=func_convert_file_noop

## ----------------- ##
## Output variables. ##
## ----------------- ##

ACLOCAL='${SHELL} /home/mogeb/git/paraver/paraver-sources-4.6.1/paraver-kernel/missing --run aclocal-1.11'
AMDEPBACKSLASH='\'
AMDEP_FALSE='#'
AMDEP_TRUE=''
AMTAR='$${TAR-tar}'
AR='ar'
AS='as'
AUTOCONF='${SHELL} /home/mogeb/git/paraver/paraver-sources-4.6.1/paraver-kernel/missing --run autoconf'
AUTOHEADER='${SHELL} /home/mogeb/git/paraver/paraver-sources-4.6.1/paraver-kernel/missing --run autoheader'
AUTOMAKE='${SHELL} /home/mogeb/git/paraver/paraver-sources-4.6.1/paraver-kernel/missing --run automake-1.11'
AWK='gawk'
BOOST_CPPFLAGS='-I/usr/include'
BOOST_LDFLAGS='-L/usr/lib/x86_64-linux-gnu'
BOOST_SERIALIZATION_LIB='-lboost_serialization'
CC='gcc'
CCDEPMODE='depmode=gcc3'
CFLAGS='-Iinclude/ -Iapi/ -I../include/ -I../api/ -I../common-files/ -I../../common-files/ -I../../common-files/pcfparser/libtools -O2 -g -I/usr/local/include  -I/usr/include/libxml2 -D_FILE_OFFSET_BITS=64 -D_LARGEFILE64_SOURCE'
CPP='gcc -E'
CPPFLAGS=''
CXX='g++'
CXXCPP='g++ -E'
CXXDEPMODE='depmode=gcc3'
CXXFLAGS='-Iinclude/ -Iapi/ -I../include/ -I../api/ -I../common-files/ -I../../common-files/ -I../../common-files/pcfparser/libtools -O2 -g -I/usr/include -I/usr/local/include  -I/usr/include/libxml2 -D_FILE_OFFSET_BITS=64 -D_LARGEFILE64_SOURCE'
CYGPATH_W='echo'
DEFS='-DHAVE_CONFIG_H'
DEPDIR='.deps'
DLLTOOL='dlltool'
DSYMUTIL=''
DUMPBIN=''
ECHO_C=''
ECHO_N='-n'
ECHO_T=''
EGREP='/bin/grep -E'
EXEEXT=''
FGREP='/bin/grep -F'
GREP='/bin/grep'
INSTALL_DATA='${INSTALL} -m 644'
INSTALL_PROGRAM='${INSTALL}'
INSTALL_SCRIPT='${INSTALL}'
INSTALL_STRIP_PROGRAM='$(install_sh) -c -s'
LD='/usr/bin/ld -m elf_x86_64'
LDFLAGS=' -L/usr/lib/x86_64-linux-gnu -lboost_serialization -R /usr/lib/x86_64-linux-gnu -L/usr/local/lib/ptools_common_files -lptools_common_files  -lxml2'
LIBOBJS=''
LIBS=''
LIBTOOL='$(SHELL) $(top_builddir)/libtool'
LIPO=''
LN_S='ln -s'
LTLIBOBJS=''
MAKEINFO='${SHELL} /home/mogeb/git/paraver/paraver-sources-4.6.1/paraver-kernel/missing --run makeinfo'
MAKE_OLD_PCFPARSER_FALSE=''
MAKE_OLD_PCFPARSER_TRUE='#'
MANIFEST_TOOL=':'
MKDIR_P='/bin/mkdir -p'
NM='/usr/bin/nm -B'
NMEDIT=''
OBJDUMP='objdump'
OBJEXT='o'
OTF2_DIR=''
OTOOL64=''
OTOOL=''
PACKAGE='paraver-kernel'
PACKAGE_BUGREPORT='tools@bsc.es'
PACKAGE_NAME='paraver-kernel'
PACKAGE_STRING='paraver-kernel 1.0'
PACKAGE_TARNAME='paraver-kernel'
PACKAGE_URL=''
PACKAGE_VERSION='1.0'
PATH_SEPARATOR=':'
RANLIB='ranlib'
SED='/bin/sed'
SET_MAKE=''
SHELL='/bin/bash'
STRIP='strip'
VERSION='1.0'
WANT_OTF2PRV_FALSE=''
WANT_OTF2PRV_TRUE='#'
XML2_CONFIG='/usr/bin/xml2-config'
XML_CPPFLAGS='-I/usr/include/libxml2'
XML_LIBS='-lxml2'
ac_ct_AR='ar'
ac_ct_CC='gcc'
ac_ct_CXX='g++'
ac_ct_DUMPBIN=''
am__EXEEXT_FALSE=''
am__EXEEXT_TRUE='#'
am__fastdepCC_FALSE='#'
am__fastdepCC_TRUE=''
am__fastdepCXX_FALSE='#'
am__fastdepCXX_TRUE=''
am__include='include'
am__isrc=''
am__leading_dot='.'
am__nodep='_no'
am__quote=''
am__tar='$${TAR-tar} chof - "$$tardir"'
am__untar='$${TAR-tar} xf -'
bindir='${exec_prefix}/bin'
build='x86_64-unknown-linux-gnu'
build_alias=''
build_cpu='x86_64'
build_os='linux-gnu'
build_vendor='unknown'
datadir='${datarootdir}'
datarootdir='${prefix}/share'
docdir='${datarootdir}/doc/${PACKAGE_TARNAME}'
dvidir='${docdir}'
exec_prefix='${prefix}'
host='x86_64-unknown-linux-gnu'
host_alias=''
host_cpu='x86_64'
host_os='linux-gnu'
host_vendor='unknown'
htmldir='${docdir}'
includedir='${prefix}/include'
infodir='${datarootdir}/info'
install_sh='${SHELL} /home/mogeb/git/paraver/paraver-sources-4.6.1/paraver-kernel/install-sh'
libdir='${exec_prefix}/lib'
libexecdir='${exec_prefix}/libexec'
localedir='${datarootdir}/locale'
localstatedir='${prefix}/var'
mandir='${datarootdir}/man'
mkdir_p='/bin/mkdir -p'
oldincludedir='/usr/include'
pdfdir='${docdir}'
prefix='/usr/local'
program_transform_name='s,x,x,'
psdir='${docdir}'
sbindir='${exec_prefix}/sbin'
sharedstatedir='${prefix}/com'
sysconfdir='${prefix}/etc'
target_alias=''

## ----------- ##
## confdefs.h. ##
## ----------- ##

/* confdefs.h */
#define PACKAGE_NAME "paraver-kernel"
#define PACKAGE_TARNAME "paraver-kernel"
#define PACKAGE_VERSION "1.0"
#define PACKAGE_STRING "paraver-kernel 1.0"
#define PACKAGE_BUGREPORT "tools@bsc.es"
#define PACKAGE_URL ""
#define PACKAGE "paraver-kernel"
#define VERSION "1.0"
#define STDC_HEADERS 1
#define HAVE_SYS_TYPES_H 1
#define HAVE_SYS_STAT_H 1
#define HAVE_STDLIB_H 1
#define HAVE_STRING_H 1
#define HAVE_MEMORY_H 1
#define HAVE_STRINGS_H 1
#define HAVE_INTTYPES_H 1
#define HAVE_STDINT_H 1
#define HAVE_UNISTD_H 1
#define HAVE_DLFCN_H 1
#define LT_OBJDIR ".libs/"
#define HAVE_BOOST /**/
#define HAVE_BOOST_SERIALIZATION /**/
#define SET_OLD_PCFPARSER 0
#define HAVE_LONG 1
#define HAVE_LONG_LONG 1
#define HAVE_CHAR 1
#define HAVE_INT 1
#define HAVE_SHORT_INT 1
#define SIZEOF_LONG 8
#define SIZEOF_LONG_LONG 8
#define SIZEOF_CHAR 1
#define SIZEOF_INT 4
#define SIZEOF_SHORT_INT 2
#define HAVE_INT64_T 1
#define HAVE_UINT64_T 1
#define HAVE_INT8_T 1
#define HAVE_UINT8_T 1
#define HAVE_INT32_T 1
#define HAVE_UINT32_T 1
#define HAVE_INT16_T 1
#define HAVE_UINT16_T 1

configure: exit 0
